<?xml version="1.0" encoding="UTF-8"?>
<coverage generated="1788284926128" clover="3.2.0">
  <project timestamp="1788284926128" name="All files">
    <metrics statements="1335" coveredstatements="684" conditionals="1147" coveredconditionals="543" methods="311" coveredmethods="137" elements="2793" coveredelements="1364" complexity="0" loc="1335" ncloc="1335" packages="15" files="40" classes="40"/>
    <package name="app">
      <metrics statements="21" coveredstatements="0" conditionals="0" coveredconditionals="0" methods="7" coveredmethods="0"/>
      <file name="layout.tsx" path="/Users/matt/Desktop/disneyWebsite/src/app/layout.tsx">
        <metrics statements="7" coveredstatements="0" conditionals="0" coveredconditionals="0" methods="1" coveredmethods="0"/>
        <line num="2" count="0" type="stmt"/>
        <line num="3" count="0" type="stmt"/>
        <line num="4" count="0" type="stmt"/>
        <line num="5" count="0" type="stmt"/>
        <line num="7" count="0" type="stmt"/>
        <line num="12" count="0" type="stmt"/>
        <line num="13" count="0" type="stmt"/>
      </file>
      <file name="page.tsx" path="/Users/matt/Desktop/disneyWebsite/src/app/page.tsx">
        <metrics statements="14" coveredstatements="0" conditionals="0" coveredconditionals="0" methods="6" coveredmethods="0"/>
        <line num="1" count="0" type="stmt"/>
        <line num="2" count="0" type="stmt"/>
        <line num="5" count="0" type="stmt"/>
        <line num="6" count="0" type="stmt"/>
        <line num="13" count="0" type="stmt"/>
        <line num="14" count="0" type="stmt"/>
        <line num="24" count="0" type="stmt"/>
        <line num="25" count="0" type="stmt"/>
        <line num="33" count="0" type="stmt"/>
        <line num="34" count="0" type="stmt"/>
        <line num="39" count="0" type="stmt"/>
        <line num="66" count="0" type="stmt"/>
        <line num="67" count="0" type="stmt"/>
        <line num="99" count="0" type="stmt"/>
      </file>
    </package>
    <package name="app.accuracy">
      <metrics statements="41" coveredstatements="0" conditionals="47" coveredconditionals="0" methods="20" coveredmethods="0"/>
      <file name="page.tsx" path="/Users/matt/Desktop/disneyWebsite/src/app/accuracy/page.tsx">
        <metrics statements="41" coveredstatements="0" conditionals="47" coveredconditionals="0" methods="20" coveredmethods="0"/>
        <line num="3" count="0" type="stmt"/>
        <line num="4" count="0" type="stmt"/>
        <line num="5" count="0" type="stmt"/>
        <line num="6" count="0" type="stmt"/>
        <line num="33" count="0" type="stmt"/>
        <line num="42" count="0" type="stmt"/>
        <line num="43" count="0" type="stmt"/>
        <line num="44" count="0" type="stmt"/>
        <line num="57" count="0" type="stmt"/>
        <line num="80" count="0" type="cond" truecount="0" falsecount="2"/>
        <line num="86" count="0" type="stmt"/>
        <line num="113" count="0" type="stmt"/>
        <line num="114" count="0" type="stmt"/>
        <line num="115" count="0" type="stmt"/>
        <line num="116" count="0" type="stmt"/>
        <line num="117" count="0" type="stmt"/>
        <line num="118" count="0" type="stmt"/>
        <line num="119" count="0" type="stmt"/>
        <line num="120" count="0" type="stmt"/>
        <line num="122" count="0" type="stmt"/>
        <line num="123" count="0" type="stmt"/>
        <line num="124" count="0" type="stmt"/>
        <line num="125" count="0" type="stmt"/>
        <line num="127" count="0" type="stmt"/>
        <line num="128" count="0" type="cond" truecount="0" falsecount="2"/>
        <line num="129" count="0" type="cond" truecount="0" falsecount="4"/>
        <line num="130" count="0" type="stmt"/>
        <line num="133" count="0" type="stmt"/>
        <line num="134" count="0" type="cond" truecount="0" falsecount="8"/>
        <line num="138" count="0" type="stmt"/>
        <line num="139" count="0" type="cond" truecount="0" falsecount="2"/>
        <line num="140" count="0" type="stmt"/>
        <line num="142" count="0" type="stmt"/>
        <line num="143" count="0" type="stmt"/>
        <line num="147" count="0" type="stmt"/>
        <line num="215" count="0" type="stmt"/>
        <line num="217" count="0" type="stmt"/>
        <line num="247" count="0" type="stmt"/>
        <line num="254" count="0" type="stmt"/>
        <line num="268" count="0" type="stmt"/>
        <line num="272" count="0" type="stmt"/>
      </file>
    </package>
    <package name="app.api.accuracy">
      <metrics statements="28" coveredstatements="28" conditionals="8" coveredconditionals="8" methods="12" coveredmethods="12"/>
      <file name="route.ts" path="/Users/matt/Desktop/disneyWebsite/src/app/api/accuracy/route.ts">
        <metrics statements="28" coveredstatements="28" conditionals="8" coveredconditionals="8" methods="12" coveredmethods="12"/>
        <line num="1" count="1" type="stmt"/>
        <line num="2" count="1" type="stmt"/>
        <line num="16" count="1" type="stmt"/>
        <line num="18" count="1" type="stmt"/>
        <line num="20" count="1" type="stmt"/>
        <line num="31" count="18" type="cond" truecount="2" falsecount="0"/>
        <line num="44" count="1" type="stmt"/>
        <line num="47" count="16" type="stmt"/>
        <line num="66" count="16" type="cond" truecount="2" falsecount="0"/>
        <line num="67" count="1" type="stmt"/>
        <line num="71" count="25" type="stmt"/>
        <line num="72" count="25" type="stmt"/>
        <line num="73" count="25" type="stmt"/>
        <line num="74" count="25" type="stmt"/>
        <line num="75" count="25" type="stmt"/>
        <line num="81" count="15" type="stmt"/>
        <line num="82" count="15" type="stmt"/>
        <line num="83" count="25" type="stmt"/>
        <line num="84" count="25" type="cond" truecount="2" falsecount="0"/>
        <line num="85" count="18" type="stmt"/>
        <line num="92" count="25" type="stmt"/>
        <line num="94" count="15" type="stmt"/>
        <line num="95" count="18" type="stmt"/>
        <line num="100" count="25" type="stmt"/>
        <line num="102" count="25" type="stmt"/>
        <line num="105" count="4" type="stmt"/>
        <line num="107" count="25" type="stmt"/>
        <line num="118" count="15" type="stmt"/>
      </file>
    </package>
    <package name="app.api.admin.date-context">
      <metrics statements="15" coveredstatements="0" conditionals="8" coveredconditionals="0" methods="1" coveredmethods="0"/>
      <file name="route.ts" path="/Users/matt/Desktop/disneyWebsite/src/app/api/admin/date-context/route.ts">
        <metrics statements="15" coveredstatements="0" conditionals="8" coveredconditionals="0" methods="1" coveredmethods="0"/>
        <line num="1" count="0" type="stmt"/>
        <line num="2" count="0" type="stmt"/>
        <line num="3" count="0" type="stmt"/>
        <line num="5" count="0" type="stmt"/>
        <line num="7" count="0" type="stmt"/>
        <line num="8" count="0" type="stmt"/>
        <line num="9" count="0" type="cond" truecount="0" falsecount="2"/>
        <line num="11" count="0" type="stmt"/>
        <line num="14" count="0" type="cond" truecount="0" falsecount="4"/>
        <line num="15" count="0" type="cond" truecount="0" falsecount="2"/>
        <line num="18" count="0" type="stmt"/>
        <line num="19" count="0" type="stmt"/>
        <line num="20" count="0" type="stmt"/>
        <line num="22" count="0" type="stmt"/>
        <line num="36" count="0" type="stmt"/>
      </file>
    </package>
    <package name="app.api.calendar">
      <metrics statements="44" coveredstatements="43" conditionals="22" coveredconditionals="18" methods="3" coveredmethods="3"/>
      <file name="route.ts" path="/Users/matt/Desktop/disneyWebsite/src/app/api/calendar/route.ts">
        <metrics statements="44" coveredstatements="43" conditionals="22" coveredconditionals="18" methods="3" coveredmethods="3"/>
        <line num="1" count="1" type="stmt"/>
        <line num="2" count="1" type="stmt"/>
        <line num="3" count="1" type="stmt"/>
        <line num="4" count="1" type="stmt"/>
        <line num="5" count="1" type="stmt"/>
        <line num="6" count="1" type="stmt"/>
        <line num="7" count="1" type="stmt"/>
        <line num="8" count="1" type="stmt"/>
        <line num="9" count="1" type="stmt"/>
        <line num="12" count="1" type="stmt"/>
        <line num="15" count="1" type="stmt"/>
        <line num="17" count="1" type="stmt"/>
        <line num="22" count="1" type="stmt"/>
        <line num="23" count="8" type="stmt"/>
        <line num="24" count="8" type="cond" truecount="1" falsecount="1"/>
        <line num="25" count="0" type="stmt"/>
        <line num="31" count="8" type="stmt"/>
        <line num="32" count="8" type="stmt"/>
        <line num="37" count="8" type="cond" truecount="2" falsecount="0"/>
        <line num="38" count="3" type="stmt"/>
        <line num="41" count="5" type="stmt"/>
        <line num="42" count="5" type="stmt"/>
        <line num="44" count="35" type="stmt"/>
        <line num="45" count="5" type="cond" truecount="2" falsecount="0"/>
        <line num="46" count="4" type="stmt"/>
        <line num="48" count="4" type="stmt"/>
        <line num="49" count="4" type="stmt"/>
        <line num="55" count="4" type="cond" truecount="6" falsecount="0"/>
        <line num="56" count="2" type="stmt"/>
        <line num="57" count="2" type="stmt"/>
        <line num="58" count="8" type="cond" truecount="1" falsecount="1"/>
        <line num="61" count="2" type="stmt"/>
        <line num="62" count="2" type="stmt"/>
        <line num="63" count="1" type="cond" truecount="1" falsecount="1"/>
        <line num="64" count="1" type="stmt"/>
        <line num="65" count="1" type="stmt"/>
        <line num="66" count="1" type="stmt"/>
        <line num="77" count="4" type="stmt"/>
        <line num="78" count="64" type="cond" truecount="4" falsecount="0"/>
        <line num="79" count="11" type="stmt"/>
        <line num="80" count="11" type="stmt"/>
        <line num="81" count="11" type="cond" truecount="1" falsecount="1"/>
        <line num="83" count="4" type="stmt"/>
        <line num="86" count="1" type="stmt"/>
      </file>
    </package>
    <package name="app.api.chat">
      <metrics statements="38" coveredstatements="0" conditionals="26" coveredconditionals="0" methods="4" coveredmethods="0"/>
      <file name="route.ts" path="/Users/matt/Desktop/disneyWebsite/src/app/api/chat/route.ts">
        <metrics statements="38" coveredstatements="0" conditionals="26" coveredconditionals="0" methods="4" coveredmethods="0"/>
        <line num="1" count="0" type="stmt"/>
        <line num="2" count="0" type="stmt"/>
        <line num="3" count="0" type="stmt"/>
        <line num="4" count="0" type="stmt"/>
        <line num="5" count="0" type="stmt"/>
        <line num="6" count="0" type="stmt"/>
        <line num="7" count="0" type="stmt"/>
        <line num="10" count="0" type="stmt"/>
        <line num="13" count="0" type="stmt"/>
        <line num="15" count="0" type="cond" truecount="0" falsecount="2"/>
        <line num="16" count="0" type="stmt"/>
        <line num="19" count="0" type="stmt"/>
        <line num="22" count="0" type="stmt"/>
        <line num="31" count="0" type="stmt"/>
        <line num="34" count="0" type="cond" truecount="0" falsecount="2"/>
        <line num="35" count="0" type="stmt"/>
        <line num="41" count="0" type="stmt"/>
        <line num="42" count="0" type="cond" truecount="0" falsecount="2"/>
        <line num="43" count="0" type="stmt"/>
        <line num="49" count="0" type="stmt"/>
        <line num="50" count="0" type="stmt"/>
        <line num="52" count="0" type="cond" truecount="0" falsecount="2"/>
        <line num="53" count="0" type="stmt"/>
        <line num="59" count="0" type="stmt"/>
        <line num="64" count="0" type="cond" truecount="0" falsecount="2"/>
        <line num="65" count="0" type="cond" truecount="0" falsecount="2"/>
        <line num="66" count="0" type="stmt"/>
        <line num="67" count="0" type="stmt"/>
        <line num="69" count="0" type="stmt"/>
        <line num="79" count="0" type="stmt"/>
        <line num="80" count="0" type="stmt"/>
        <line num="82" count="0" type="stmt"/>
        <line num="83" count="0" type="stmt"/>
        <line num="84" count="0" type="cond" truecount="0" falsecount="12"/>
        <line num="85" count="0" type="cond" truecount="0" falsecount="2"/>
        <line num="87" count="0" type="stmt"/>
        <line num="92" count="0" type="stmt"/>
        <line num="97" count="0" type="stmt"/>
      </file>
    </package>
    <package name="app.api.cron.sync-date-context">
      <metrics statements="15" coveredstatements="0" conditionals="4" coveredconditionals="0" methods="1" coveredmethods="0"/>
      <file name="route.ts" path="/Users/matt/Desktop/disneyWebsite/src/app/api/cron/sync-date-context/route.ts">
        <metrics statements="15" coveredstatements="0" conditionals="4" coveredconditionals="0" methods="1" coveredmethods="0"/>
        <line num="1" count="0" type="stmt"/>
        <line num="2" count="0" type="stmt"/>
        <line num="3" count="0" type="stmt"/>
        <line num="5" count="0" type="stmt"/>
        <line num="7" count="0" type="stmt"/>
        <line num="8" count="0" type="stmt"/>
        <line num="9" count="0" type="cond" truecount="0" falsecount="2"/>
        <line num="11" count="0" type="stmt"/>
        <line num="12" count="0" type="stmt"/>
        <line num="14" count="0" type="stmt"/>
        <line num="15" count="0" type="stmt"/>
        <line num="16" count="0" type="stmt"/>
        <line num="18" count="0" type="stmt"/>
        <line num="20" count="0" type="cond" truecount="0" falsecount="2"/>
        <line num="21" count="0" type="stmt"/>
      </file>
    </package>
    <package name="app.api.forecast">
      <metrics statements="56" coveredstatements="56" conditionals="42" coveredconditionals="41" methods="8" coveredmethods="8"/>
      <file name="route.ts" path="/Users/matt/Desktop/disneyWebsite/src/app/api/forecast/route.ts">
        <metrics statements="56" coveredstatements="56" conditionals="42" coveredconditionals="41" methods="8" coveredmethods="8"/>
        <line num="1" count="1" type="stmt"/>
        <line num="2" count="1" type="stmt"/>
        <line num="3" count="1" type="stmt"/>
        <line num="4" count="1" type="stmt"/>
        <line num="5" count="1" type="stmt"/>
        <line num="6" count="1" type="stmt"/>
        <line num="7" count="1" type="stmt"/>
        <line num="8" count="1" type="stmt"/>
        <line num="9" count="1" type="stmt"/>
        <line num="10" count="1" type="stmt"/>
        <line num="13" count="1" type="stmt"/>
        <line num="19" count="1" type="stmt"/>
        <line num="21" count="1" type="stmt"/>
        <line num="25" count="55" type="stmt"/>
        <line num="28" count="1" type="stmt"/>
        <line num="29" count="57" type="stmt"/>
        <line num="30" count="57" type="cond" truecount="2" falsecount="0"/>
        <line num="31" count="1" type="stmt"/>
        <line num="37" count="56" type="stmt"/>
        <line num="38" count="56" type="stmt"/>
        <line num="40" count="56" type="cond" truecount="2" falsecount="0"/>
        <line num="41" count="8" type="stmt"/>
        <line num="47" count="48" type="stmt"/>
        <line num="48" count="48" type="stmt"/>
        <line num="49" count="48" type="stmt"/>
        <line num="59" count="48" type="cond" truecount="2" falsecount="0"/>
        <line num="60" count="42" type="stmt"/>
        <line num="63" count="48" type="cond" truecount="8" falsecount="0"/>
        <line num="65" count="48" type="cond" truecount="2" falsecount="0"/>
        <line num="69" count="48" type="cond" truecount="2" falsecount="0"/>
        <line num="70" count="48" type="cond" truecount="8" falsecount="0"/>
        <line num="72" count="48" type="cond" truecount="2" falsecount="0"/>
        <line num="73" count="7" type="stmt"/>
        <line num="75" count="7" type="cond" truecount="2" falsecount="0"/>
        <line num="76" count="5" type="stmt"/>
        <line num="77" count="7" type="stmt"/>
        <line num="88" count="7" type="stmt"/>
        <line num="89" count="5" type="stmt"/>
        <line num="90" count="7" type="stmt"/>
        <line num="92" count="5" type="stmt"/>
        <line num="93" count="5" type="stmt"/>
        <line num="94" count="5" type="stmt"/>
        <line num="97" count="5" type="stmt"/>
        <line num="109" count="2" type="stmt"/>
        <line num="110" count="2" type="stmt"/>
        <line num="111" count="2" type="stmt"/>
        <line num="112" count="2" type="stmt"/>
        <line num="113" count="1" type="stmt"/>
        <line num="114" count="1" type="stmt"/>
        <line num="117" count="2" type="stmt"/>
        <line num="128" count="42" type="stmt"/>
        <line num="139" count="41" type="stmt"/>
        <line num="140" count="41" type="cond" truecount="1" falsecount="1"/>
        <line num="141" count="41" type="stmt"/>
        <line num="142" count="41" type="stmt"/>
        <line num="148" count="41" type="stmt"/>
      </file>
    </package>
    <package name="app.api.live">
      <metrics statements="10" coveredstatements="0" conditionals="2" coveredconditionals="0" methods="1" coveredmethods="0"/>
      <file name="route.ts" path="/Users/matt/Desktop/disneyWebsite/src/app/api/live/route.ts">
        <metrics statements="10" coveredstatements="0" conditionals="2" coveredconditionals="0" methods="1" coveredmethods="0"/>
        <line num="1" count="0" type="stmt"/>
        <line num="2" count="0" type="stmt"/>
        <line num="3" count="0" type="stmt"/>
        <line num="10" count="0" type="stmt"/>
        <line num="12" count="0" type="stmt"/>
        <line num="13" count="0" type="stmt"/>
        <line num="14" count="0" type="stmt"/>
        <line num="15" count="0" type="stmt"/>
        <line num="17" count="0" type="cond" truecount="0" falsecount="2"/>
        <line num="18" count="0" type="stmt"/>
      </file>
    </package>
    <package name="app.api.weather">
      <metrics statements="18" coveredstatements="0" conditionals="4" coveredconditionals="0" methods="2" coveredmethods="0"/>
      <file name="route.ts" path="/Users/matt/Desktop/disneyWebsite/src/app/api/weather/route.ts">
        <metrics statements="18" coveredstatements="0" conditionals="4" coveredconditionals="0" methods="2" coveredmethods="0"/>
        <line num="1" count="0" type="stmt"/>
        <line num="2" count="0" type="stmt"/>
        <line num="3" count="0" type="stmt"/>
        <line num="4" count="0" type="stmt"/>
        <line num="13" count="0" type="stmt"/>
        <line num="14" count="0" type="stmt"/>
        <line num="17" count="0" type="stmt"/>
        <line num="20" count="0" type="stmt"/>
        <line num="21" count="0" type="stmt"/>
        <line num="22" count="0" type="cond" truecount="0" falsecount="2"/>
        <line num="23" count="0" type="stmt"/>
        <line num="29" count="0" type="stmt"/>
        <line num="30" count="0" type="stmt"/>
        <line num="32" count="0" type="stmt"/>
        <line num="33" count="0" type="stmt"/>
        <line num="34" count="0" type="stmt"/>
        <line num="38" count="0" type="cond" truecount="0" falsecount="2"/>
        <line num="39" count="0" type="stmt"/>
      </file>
    </package>
    <package name="app.calendar">
      <metrics statements="102" coveredstatements="0" conditionals="225" coveredconditionals="0" methods="39" coveredmethods="0"/>
      <file name="page.tsx" path="/Users/matt/Desktop/disneyWebsite/src/app/calendar/page.tsx">
        <metrics statements="102" coveredstatements="0" conditionals="225" coveredconditionals="0" methods="39" coveredmethods="0"/>
        <line num="3" count="0" type="stmt"/>
        <line num="4" count="0" type="stmt"/>
        <line num="5" count="0" type="stmt"/>
        <line num="6" count="0" type="stmt"/>
        <line num="17" count="0" type="stmt"/>
        <line num="19" count="0" type="stmt"/>
        <line num="20" count="0" type="stmt"/>
        <line num="29" count="0" type="stmt"/>
        <line num="30" count="0" type="stmt"/>
        <line num="35" count="0" type="stmt"/>
        <line num="36" count="0" type="stmt"/>
        <line num="41" count="0" type="stmt"/>
        <line num="42" count="0" type="stmt"/>
        <line num="48" count="0" type="cond" truecount="0" falsecount="4"/>
        <line num="49" count="0" type="stmt"/>
        <line num="54" count="0" type="cond" truecount="0" falsecount="2"/>
        <line num="55" count="0" type="stmt"/>
        <line num="65" count="0" type="stmt"/>
        <line num="68" count="0" type="cond" truecount="0" falsecount="2"/>
        <line num="69" count="0" type="stmt"/>
        <line num="70" count="0" type="stmt"/>
        <line num="81" count="0" type="stmt"/>
        <line num="82" count="0" type="stmt"/>
        <line num="102" count="0" type="stmt"/>
        <line num="103" count="0" type="stmt"/>
        <line num="104" count="0" type="stmt"/>
        <line num="105" count="0" type="stmt"/>
        <line num="106" count="0" type="stmt"/>
        <line num="107" count="0" type="stmt"/>
        <line num="108" count="0" type="stmt"/>
        <line num="109" count="0" type="stmt"/>
        <line num="111" count="0" type="stmt"/>
        <line num="112" count="0" type="stmt"/>
        <line num="113" count="0" type="cond" truecount="0" falsecount="2"/>
        <line num="115" count="0" type="cond" truecount="0" falsecount="4"/>
        <line num="117" count="0" type="stmt"/>
        <line num="120" count="0" type="stmt"/>
        <line num="129" count="0" type="stmt"/>
        <line num="131" count="0" type="stmt"/>
        <line num="132" count="0" type="stmt"/>
        <line num="133" count="0" type="stmt"/>
        <line num="136" count="0" type="stmt"/>
        <line num="137" count="0" type="cond" truecount="0" falsecount="4"/>
        <line num="139" count="0" type="cond" truecount="0" falsecount="4"/>
        <line num="140" count="0" type="stmt"/>
        <line num="144" count="0" type="cond" truecount="0" falsecount="2"/>
        <line num="148" count="0" type="stmt"/>
        <line num="152" count="0" type="stmt"/>
        <line num="153" count="0" type="stmt"/>
        <line num="154" count="0" type="cond" truecount="0" falsecount="2"/>
        <line num="155" count="0" type="stmt"/>
        <line num="159" count="0" type="stmt"/>
        <line num="160" count="0" type="stmt"/>
        <line num="161" count="0" type="cond" truecount="0" falsecount="2"/>
        <line num="162" count="0" type="stmt"/>
        <line num="165" count="0" type="stmt"/>
        <line num="166" count="0" type="stmt"/>
        <line num="167" count="0" type="stmt"/>
        <line num="169" count="0" type="stmt"/>
        <line num="170" count="0" type="stmt"/>
        <line num="171" count="0" type="stmt"/>
        <line num="172" count="0" type="cond" truecount="0" falsecount="4"/>
        <line num="173" count="0" type="stmt"/>
        <line num="175" count="0" type="stmt"/>
        <line num="176" count="0" type="cond" truecount="0" falsecount="4"/>
        <line num="180" count="0" type="stmt"/>
        <line num="183" count="0" type="cond" truecount="0" falsecount="2"/>
        <line num="184" count="0" type="cond" truecount="0" falsecount="2"/>
        <line num="185" count="0" type="cond" truecount="0" falsecount="4"/>
        <line num="187" count="0" type="cond" truecount="0" falsecount="2"/>
        <line num="188" count="0" type="cond" truecount="0" falsecount="10"/>
        <line num="190" count="0" type="cond" truecount="0" falsecount="2"/>
        <line num="191" count="0" type="cond" truecount="0" falsecount="10"/>
        <line num="194" count="0" type="stmt"/>
        <line num="220" count="0" type="stmt"/>
        <line num="262" count="0" type="stmt"/>
        <line num="272" count="0" type="stmt"/>
        <line num="280" count="0" type="cond" truecount="0" falsecount="4"/>
        <line num="281" count="0" type="cond" truecount="0" falsecount="4"/>
        <line num="282" count="0" type="cond" truecount="0" falsecount="10"/>
        <line num="283" count="0" type="cond" truecount="0" falsecount="8"/>
        <line num="284" count="0" type="stmt"/>
        <line num="285" count="0" type="stmt"/>
        <line num="286" count="0" type="stmt"/>
        <line num="287" count="0" type="stmt"/>
        <line num="288" count="0" type="stmt"/>
        <line num="289" count="0" type="stmt"/>
        <line num="290" count="0" type="stmt"/>
        <line num="292" count="0" type="cond" truecount="0" falsecount="2"/>
        <line num="294" count="0" type="stmt"/>
        <line num="297" count="0" type="cond" truecount="0" falsecount="5"/>
        <line num="314" count="0" type="cond" truecount="0" falsecount="5"/>
        <line num="315" count="0" type="stmt"/>
        <line num="319" count="0" type="cond" truecount="0" falsecount="5"/>
        <line num="320" count="0" type="stmt"/>
        <line num="466" count="0" type="stmt"/>
        <line num="467" count="0" type="cond" truecount="0" falsecount="2"/>
        <line num="468" count="0" type="stmt"/>
        <line num="494" count="0" type="stmt"/>
        <line num="500" count="0" type="stmt"/>
        <line num="533" count="0" type="stmt"/>
        <line num="537" count="0" type="stmt"/>
      </file>
    </package>
    <package name="app.chat">
      <metrics statements="10" coveredstatements="0" conditionals="4" coveredconditionals="0" methods="4" coveredmethods="0"/>
      <file name="page.tsx" path="/Users/matt/Desktop/disneyWebsite/src/app/chat/page.tsx">
        <metrics statements="10" coveredstatements="0" conditionals="4" coveredconditionals="0" methods="4" coveredmethods="0"/>
        <line num="3" count="0" type="stmt"/>
        <line num="4" count="0" type="stmt"/>
        <line num="5" count="0" type="stmt"/>
        <line num="7" count="0" type="stmt"/>
        <line num="8" count="0" type="stmt"/>
        <line num="13" count="0" type="stmt"/>
        <line num="14" count="0" type="stmt"/>
        <line num="16" count="0" type="stmt"/>
        <line num="26" count="0" type="stmt"/>
        <line num="28" count="0" type="cond" truecount="0" falsecount="4"/>
      </file>
    </package>
    <package name="app.wait-times">
      <metrics statements="16" coveredstatements="0" conditionals="11" coveredconditionals="0" methods="3" coveredmethods="0"/>
      <file name="page.tsx" path="/Users/matt/Desktop/disneyWebsite/src/app/wait-times/page.tsx">
        <metrics statements="16" coveredstatements="0" conditionals="11" coveredconditionals="0" methods="3" coveredmethods="0"/>
        <line num="1" count="0" type="stmt"/>
        <line num="2" count="0" type="stmt"/>
        <line num="3" count="0" type="stmt"/>
        <line num="5" count="0" type="stmt"/>
        <line num="6" count="0" type="stmt"/>
        <line num="11" count="0" type="stmt"/>
        <line num="21" count="0" type="cond" truecount="0" falsecount="2"/>
        <line num="22" count="0" type="cond" truecount="0" falsecount="4"/>
        <line num="26" count="0" type="stmt"/>
        <line num="27" count="0" type="stmt"/>
        <line num="28" count="0" type="cond" truecount="0" falsecount="2"/>
        <line num="33" count="0" type="stmt"/>
        <line num="36" count="0" type="stmt"/>
        <line num="39" count="0" type="stmt"/>
        <line num="44" count="0" type="stmt"/>
        <line num="46" count="0" type="stmt"/>
      </file>
    </package>
    <package name="components">
      <metrics statements="413" coveredstatements="118" conditionals="218" coveredconditionals="68" methods="102" coveredmethods="36"/>
      <file name="AccuracyChart.tsx" path="/Users/matt/Desktop/disneyWebsite/src/components/AccuracyChart.tsx">
        <metrics statements="8" coveredstatements="0" conditionals="0" coveredconditionals="0" methods="4" coveredmethods="0"/>
        <line num="3" count="0" type="stmt"/>
        <line num="12" count="0" type="stmt"/>
        <line num="23" count="0" type="stmt"/>
        <line num="24" count="0" type="stmt"/>
        <line num="25" count="0" type="stmt"/>
        <line num="26" count="0" type="stmt"/>
        <line num="29" count="0" type="stmt"/>
        <line num="35" count="0" type="stmt"/>
      </file>
      <file name="ChatAssistant.tsx" path="/Users/matt/Desktop/disneyWebsite/src/components/ChatAssistant.tsx">
        <metrics statements="51" coveredstatements="42" conditionals="38" coveredconditionals="31" methods="11" coveredmethods="9"/>
        <line num="3" count="1" type="stmt"/>
        <line num="7" count="1" type="stmt"/>
        <line num="16" count="1" type="stmt"/>
        <line num="18" count="16" type="stmt"/>
        <line num="19" count="16" type="stmt"/>
        <line num="20" count="16" type="stmt"/>
        <line num="21" count="16" type="stmt"/>
        <line num="22" count="16" type="stmt"/>
        <line num="24" count="16" type="stmt"/>
        <line num="25" count="13" type="cond" truecount="3" falsecount="1"/>
        <line num="28" count="16" type="stmt"/>
        <line num="29" count="7" type="cond" truecount="4" falsecount="0"/>
        <line num="32" count="16" type="stmt"/>
        <line num="33" count="3" type="cond" truecount="3" falsecount="1"/>
        <line num="35" count="3" type="cond" truecount="2" falsecount="2"/>
        <line num="36" count="3" type="stmt"/>
        <line num="37" count="3" type="stmt"/>
        <line num="39" count="3" type="stmt"/>
        <line num="40" count="3" type="stmt"/>
        <line num="41" count="3" type="stmt"/>
        <line num="42" count="3" type="stmt"/>
        <line num="43" count="3" type="stmt"/>
        <line num="45" count="3" type="stmt"/>
        <line num="46" count="3" type="stmt"/>
        <line num="48" count="3" type="stmt"/>
        <line num="49" count="3" type="stmt"/>
        <line num="56" count="2" type="cond" truecount="4" falsecount="0"/>
        <line num="58" count="1" type="stmt"/>
        <line num="59" count="1" type="stmt"/>
        <line num="60" count="0" type="stmt"/>
        <line num="62" count="0" type="stmt"/>
        <line num="63" count="0" type="stmt"/>
        <line num="64" count="0" type="cond" truecount="0" falsecount="2"/>
        <line num="65" count="0" type="stmt"/>
        <line num="66" count="0" type="stmt"/>
        <line num="67" count="0" type="stmt"/>
        <line num="68" count="0" type="stmt"/>
        <line num="69" count="0" type="stmt"/>
        <line num="73" count="3" type="cond" truecount="3" falsecount="1"/>
        <line num="74" count="3" type="stmt"/>
        <line num="75" count="3" type="stmt"/>
        <line num="76" count="3" type="stmt"/>
        <line num="80" count="3" type="stmt"/>
        <line num="83" count="3" type="stmt"/>
        <line num="87" count="16" type="stmt"/>
        <line num="90" count="3" type="stmt"/>
        <line num="91" count="3" type="stmt"/>
        <line num="94" count="16" type="stmt"/>
        <line num="111" count="12" type="cond" truecount="2" falsecount="0"/>
        <line num="132" count="3" type="stmt"/>
        <line num="150" count="1" type="stmt"/>
      </file>
      <file name="CrowdMeter.tsx" path="/Users/matt/Desktop/disneyWebsite/src/components/CrowdMeter.tsx">
        <metrics statements="11" coveredstatements="0" conditionals="0" coveredconditionals="0" methods="3" coveredmethods="0"/>
        <line num="3" count="0" type="stmt"/>
        <line num="4" count="0" type="stmt"/>
        <line num="5" count="0" type="stmt"/>
        <line num="9" count="0" type="stmt"/>
        <line num="10" count="0" type="stmt"/>
        <line num="11" count="0" type="stmt"/>
        <line num="13" count="0" type="stmt"/>
        <line num="14" count="0" type="stmt"/>
        <line num="17" count="0" type="stmt"/>
        <line num="18" count="0" type="stmt"/>
        <line num="20" count="0" type="stmt"/>
      </file>
      <file name="DateForecaster.tsx" path="/Users/matt/Desktop/disneyWebsite/src/components/DateForecaster.tsx">
        <metrics statements="27" coveredstatements="0" conditionals="32" coveredconditionals="0" methods="3" coveredmethods="0"/>
        <line num="3" count="0" type="stmt"/>
        <line num="4" count="0" type="stmt"/>
        <line num="5" count="0" type="stmt"/>
        <line num="6" count="0" type="stmt"/>
        <line num="7" count="0" type="stmt"/>
        <line num="20" count="0" type="stmt"/>
        <line num="21" count="0" type="cond" truecount="0" falsecount="2"/>
        <line num="22" count="0" type="stmt"/>
        <line num="23" count="0" type="cond" truecount="0" falsecount="2"/>
        <line num="24" count="0" type="stmt"/>
        <line num="27" count="0" type="stmt"/>
        <line num="28" count="0" type="stmt"/>
        <line num="29" count="0" type="stmt"/>
        <line num="30" count="0" type="stmt"/>
        <line num="31" count="0" type="stmt"/>
        <line num="34" count="0" type="stmt"/>
        <line num="35" count="0" type="stmt"/>
        <line num="36" count="0" type="stmt"/>
        <line num="37" count="0" type="stmt"/>
        <line num="38" count="0" type="stmt"/>
        <line num="39" count="0" type="stmt"/>
        <line num="40" count="0" type="stmt"/>
        <line num="41" count="0" type="cond" truecount="0" falsecount="6"/>
        <line num="42" count="0" type="stmt"/>
        <line num="44" count="0" type="cond" truecount="0" falsecount="2"/>
        <line num="46" count="0" type="stmt"/>
        <line num="50" count="0" type="stmt"/>
      </file>
      <file name="DisneyDatePicker.tsx" path="/Users/matt/Desktop/disneyWebsite/src/components/DisneyDatePicker.tsx">
        <metrics statements="41" coveredstatements="0" conditionals="14" coveredconditionals="0" methods="20" coveredmethods="0"/>
        <line num="3" count="0" type="stmt"/>
        <line num="4" count="0" type="stmt"/>
        <line num="5" count="0" type="stmt"/>
        <line num="14" count="0" type="stmt"/>
        <line num="15" count="0" type="stmt"/>
        <line num="19" count="0" type="stmt"/>
        <line num="20" count="0" type="stmt"/>
        <line num="23" count="0" type="stmt"/>
        <line num="24" count="0" type="stmt"/>
        <line num="25" count="0" type="stmt"/>
        <line num="26" count="0" type="stmt"/>
        <line num="32" count="0" type="stmt"/>
        <line num="33" count="0" type="cond" truecount="0" falsecount="2"/>
        <line num="34" count="0" type="stmt"/>
        <line num="35" count="0" type="stmt"/>
        <line num="38" count="0" type="stmt"/>
        <line num="39" count="0" type="stmt"/>
        <line num="41" count="0" type="stmt"/>
        <line num="43" count="0" type="cond" truecount="0" falsecount="4"/>
        <line num="44" count="0" type="stmt"/>
        <line num="47" count="0" type="stmt"/>
        <line num="48" count="0" type="stmt"/>
        <line num="52" count="0" type="stmt"/>
        <line num="56" count="0" type="stmt"/>
        <line num="60" count="0" type="stmt"/>
        <line num="61" count="0" type="stmt"/>
        <line num="64" count="0" type="stmt"/>
        <line num="65" count="0" type="stmt"/>
        <line num="66" count="0" type="stmt"/>
        <line num="67" count="0" type="stmt"/>
        <line num="69" count="0" type="stmt"/>
        <line num="105" count="0" type="stmt"/>
        <line num="147" count="0" type="stmt"/>
        <line num="159" count="0" type="stmt"/>
        <line num="171" count="0" type="stmt"/>
        <line num="180" count="0" type="stmt"/>
        <line num="183" count="0" type="stmt"/>
        <line num="184" count="0" type="stmt"/>
        <line num="185" count="0" type="stmt"/>
        <line num="186" count="0" type="stmt"/>
        <line num="190" count="0" type="stmt"/>
      </file>
      <file name="LoadingScreen.tsx" path="/Users/matt/Desktop/disneyWebsite/src/components/LoadingScreen.tsx">
        <metrics statements="58" coveredstatements="58" conditionals="30" coveredconditionals="25" methods="20" coveredmethods="18"/>
        <line num="3" count="1" type="stmt"/>
        <line num="4" count="1" type="stmt"/>
        <line num="6" count="1" type="stmt"/>
        <line num="8" count="1" type="stmt"/>
        <line num="40" count="1" type="stmt"/>
        <line num="50" count="1" type="stmt"/>
        <line num="51" count="9" type="stmt"/>
        <line num="52" count="9" type="stmt"/>
        <line num="53" count="9" type="stmt"/>
        <line num="57" count="9" type="stmt"/>
        <line num="58" count="5" type="stmt"/>
        <line num="60" count="9" type="stmt"/>
        <line num="61" count="400" type="stmt"/>
        <line num="70" count="9" type="stmt"/>
        <line num="72" count="9" type="stmt"/>
        <line num="73" count="9" type="stmt"/>
        <line num="74" count="9" type="stmt"/>
        <line num="75" count="9" type="stmt"/>
        <line num="76" count="9" type="stmt"/>
        <line num="79" count="9" type="stmt"/>
        <line num="80" count="5" type="stmt"/>
        <line num="81" count="5" type="stmt"/>
        <line num="85" count="9" type="stmt"/>
        <line num="86" count="5" type="stmt"/>
        <line num="87" count="16" type="stmt"/>
        <line num="88" count="16" type="cond" truecount="1" falsecount="1"/>
        <line num="90" count="16" type="cond" truecount="2" falsecount="0"/>
        <line num="94" count="16" type="stmt"/>
        <line num="95" count="16" type="stmt"/>
        <line num="96" count="16" type="stmt"/>
        <line num="97" count="16" type="cond" truecount="4" falsecount="0"/>
        <line num="98" count="3" type="stmt"/>
        <line num="99" count="3" type="stmt"/>
        <line num="102" count="5" type="stmt"/>
        <line num="105" count="9" type="stmt"/>
        <line num="106" count="2" type="cond" truecount="1" falsecount="1"/>
        <line num="107" count="2" type="stmt"/>
        <line num="108" count="2" type="stmt"/>
        <line num="109" count="2" type="stmt"/>
        <line num="110" count="2" type="stmt"/>
        <line num="111" count="2" type="stmt"/>
        <line num="112" count="2" type="stmt"/>
        <line num="116" count="9" type="stmt"/>
        <line num="117" count="5" type="stmt"/>
        <line num="118" count="5" type="stmt"/>
        <line num="119" count="5" type="stmt"/>
        <line num="120" count="5" type="stmt"/>
        <line num="121" count="5" type="stmt"/>
        <line num="125" count="9" type="stmt"/>
        <line num="126" count="9" type="stmt"/>
        <line num="127" count="9" type="stmt"/>
        <line num="128" count="9" type="stmt"/>
        <line num="130" count="9" type="stmt"/>
        <line num="151" count="720" type="stmt"/>
        <line num="180" count="36" type="stmt"/>
        <line num="286" count="72" type="stmt"/>
        <line num="300" count="72" type="stmt"/>
        <line num="317" count="72" type="stmt"/>
      </file>
      <file name="LoadingScreenMount.tsx" path="/Users/matt/Desktop/disneyWebsite/src/components/LoadingScreenMount.tsx">
        <metrics statements="4" coveredstatements="0" conditionals="0" coveredconditionals="0" methods="3" coveredmethods="0"/>
        <line num="3" count="0" type="stmt"/>
        <line num="18" count="0" type="stmt"/>
        <line num="20" count="0" type="stmt"/>
        <line num="21" count="0" type="stmt"/>
      </file>
      <file name="Nav.tsx" path="/Users/matt/Desktop/disneyWebsite/src/components/Nav.tsx">
        <metrics statements="24" coveredstatements="0" conditionals="18" coveredconditionals="0" methods="11" coveredmethods="0"/>
        <line num="3" count="0" type="stmt"/>
        <line num="4" count="0" type="stmt"/>
        <line num="5" count="0" type="stmt"/>
        <line num="7" count="0" type="stmt"/>
        <line num="15" count="0" type="stmt"/>
        <line num="16" count="0" type="stmt"/>
        <line num="22" count="0" type="stmt"/>
        <line num="44" count="0" type="stmt"/>
        <line num="45" count="0" type="stmt"/>
        <line num="46" count="0" type="stmt"/>
        <line num="48" count="0" type="stmt"/>
        <line num="49" count="0" type="cond" truecount="0" falsecount="2"/>
        <line num="50" count="0" type="cond" truecount="0" falsecount="2"/>
        <line num="51" count="0" type="stmt"/>
        <line num="52" count="0" type="stmt"/>
        <line num="58" count="0" type="stmt"/>
        <line num="59" count="0" type="cond" truecount="0" falsecount="2"/>
        <line num="60" count="0" type="stmt"/>
        <line num="61" count="0" type="stmt"/>
        <line num="64" count="0" type="stmt"/>
        <line num="85" count="0" type="stmt"/>
        <line num="94" count="0" type="stmt"/>
        <line num="115" count="0" type="stmt"/>
        <line num="120" count="0" type="stmt"/>
      </file>
      <file name="PageHeader.tsx" path="/Users/matt/Desktop/disneyWebsite/src/components/PageHeader.tsx">
        <metrics statements="3" coveredstatements="0" conditionals="0" coveredconditionals="0" methods="1" coveredmethods="0"/>
        <line num="1" count="0" type="stmt"/>
        <line num="3" count="0" type="stmt"/>
        <line num="12" count="0" type="stmt"/>
      </file>
      <file name="RidePredictionTable.tsx" path="/Users/matt/Desktop/disneyWebsite/src/components/RidePredictionTable.tsx">
        <metrics statements="18" coveredstatements="18" conditionals="12" coveredconditionals="12" methods="9" coveredmethods="9"/>
        <line num="3" count="1" type="stmt"/>
        <line num="4" count="1" type="stmt"/>
        <line num="17" count="24" type="stmt"/>
        <line num="18" count="24" type="stmt"/>
        <line num="49" count="24" type="stmt"/>
        <line num="51" count="3" type="stmt"/>
        <line num="59" count="1" type="stmt"/>
        <line num="60" count="8" type="stmt"/>
        <line num="61" count="8" type="stmt"/>
        <line num="64" count="3" type="cond" truecount="2" falsecount="0"/>
        <line num="65" count="1" type="stmt"/>
        <line num="68" count="8" type="stmt"/>
        <line num="69" count="19" type="stmt"/>
        <line num="70" count="19" type="stmt"/>
        <line num="71" count="19" type="cond" truecount="2" falsecount="0"/>
        <line num="72" count="19" type="cond" truecount="2" falsecount="0"/>
        <line num="75" count="8" type="stmt"/>
        <line num="90" count="24" type="cond" truecount="2" falsecount="0"/>
      </file>
      <file name="SpaceBackground.tsx" path="/Users/matt/Desktop/disneyWebsite/src/components/SpaceBackground.tsx">
        <metrics statements="137" coveredstatements="0" conditionals="28" coveredconditionals="0" methods="12" coveredmethods="0"/>
        <line num="3" count="0" type="stmt"/>
        <line num="18" count="0" type="stmt"/>
        <line num="25" count="0" type="stmt"/>
        <line num="26" count="0" type="stmt"/>
        <line num="27" count="0" type="stmt"/>
        <line num="28" count="0" type="stmt"/>
        <line num="30" count="0" type="stmt"/>
        <line num="31" count="0" type="stmt"/>
        <line num="32" count="0" type="stmt"/>
        <line num="33" count="0" type="stmt"/>
        <line num="34" count="0" type="stmt"/>
        <line num="35" count="0" type="stmt"/>
        <line num="36" count="0" type="stmt"/>
        <line num="38" count="0" type="stmt"/>
        <line num="39" count="0" type="stmt"/>
        <line num="40" count="0" type="stmt"/>
        <line num="43" count="0" type="stmt"/>
        <line num="44" count="0" type="stmt"/>
        <line num="45" count="0" type="stmt"/>
        <line num="46" count="0" type="stmt"/>
        <line num="59" count="0" type="stmt"/>
        <line num="60" count="0" type="stmt"/>
        <line num="61" count="0" type="stmt"/>
        <line num="64" count="0" type="stmt"/>
        <line num="65" count="0" type="stmt"/>
        <line num="67" count="0" type="cond" truecount="0" falsecount="2"/>
        <line num="68" count="0" type="stmt"/>
        <line num="69" count="0" type="stmt"/>
        <line num="70" count="0" type="stmt"/>
        <line num="71" count="0" type="stmt"/>
        <line num="72" count="0" type="stmt"/>
        <line num="73" count="0" type="stmt"/>
        <line num="74" count="0" type="stmt"/>
        <line num="75" count="0" type="stmt"/>
        <line num="77" count="0" type="stmt"/>
        <line num="80" count="0" type="stmt"/>
        <line num="81" count="0" type="stmt"/>
        <line num="82" count="0" type="stmt"/>
        <line num="83" count="0" type="stmt"/>
        <line num="85" count="0" type="stmt"/>
        <line num="89" count="0" type="stmt"/>
        <line num="90" count="0" type="stmt"/>
        <line num="92" count="0" type="stmt"/>
        <line num="95" count="0" type="stmt"/>
        <line num="96" count="0" type="stmt"/>
        <line num="97" count="0" type="stmt"/>
        <line num="98" count="0" type="stmt"/>
        <line num="100" count="0" type="stmt"/>
        <line num="101" count="0" type="stmt"/>
        <line num="104" count="0" type="stmt"/>
        <line num="105" count="0" type="stmt"/>
        <line num="106" count="0" type="stmt"/>
        <line num="107" count="0" type="stmt"/>
        <line num="108" count="0" type="stmt"/>
        <line num="109" count="0" type="stmt"/>
        <line num="111" count="0" type="stmt"/>
        <line num="112" count="0" type="stmt"/>
        <line num="113" count="0" type="stmt"/>
        <line num="116" count="0" type="stmt"/>
        <line num="117" count="0" type="stmt"/>
        <line num="118" count="0" type="stmt"/>
        <line num="120" count="0" type="cond" truecount="0" falsecount="2"/>
        <line num="121" count="0" type="cond" truecount="0" falsecount="2"/>
        <line num="122" count="0" type="cond" truecount="0" falsecount="2"/>
        <line num="123" count="0" type="cond" truecount="0" falsecount="2"/>
        <line num="125" count="0" type="stmt"/>
        <line num="126" count="0" type="stmt"/>
        <line num="127" count="0" type="cond" truecount="0" falsecount="4"/>
        <line num="128" count="0" type="stmt"/>
        <line num="129" count="0" type="stmt"/>
        <line num="130" count="0" type="stmt"/>
        <line num="131" count="0" type="stmt"/>
        <line num="134" count="0" type="stmt"/>
        <line num="135" count="0" type="stmt"/>
        <line num="136" count="0" type="stmt"/>
        <line num="137" count="0" type="stmt"/>
        <line num="138" count="0" type="cond" truecount="0" falsecount="4"/>
        <line num="139" count="0" type="stmt"/>
        <line num="140" count="0" type="stmt"/>
        <line num="141" count="0" type="stmt"/>
        <line num="145" count="0" type="stmt"/>
        <line num="146" count="0" type="stmt"/>
        <line num="147" count="0" type="cond" truecount="0" falsecount="2"/>
        <line num="151" count="0" type="stmt"/>
        <line num="152" count="0" type="stmt"/>
        <line num="153" count="0" type="stmt"/>
        <line num="154" count="0" type="stmt"/>
        <line num="155" count="0" type="stmt"/>
        <line num="156" count="0" type="stmt"/>
        <line num="157" count="0" type="stmt"/>
        <line num="158" count="0" type="cond" truecount="0" falsecount="2"/>
        <line num="159" count="0" type="stmt"/>
        <line num="160" count="0" type="stmt"/>
        <line num="161" count="0" type="stmt"/>
        <line num="162" count="0" type="stmt"/>
        <line num="163" count="0" type="stmt"/>
        <line num="164" count="0" type="stmt"/>
        <line num="170" count="0" type="stmt"/>
        <line num="171" count="0" type="stmt"/>
        <line num="172" count="0" type="stmt"/>
        <line num="173" count="0" type="cond" truecount="0" falsecount="2"/>
        <line num="175" count="0" type="cond" truecount="0" falsecount="2"/>
        <line num="176" count="0" type="stmt"/>
        <line num="177" count="0" type="stmt"/>
        <line num="178" count="0" type="stmt"/>
        <line num="179" count="0" type="stmt"/>
        <line num="180" count="0" type="stmt"/>
        <line num="181" count="0" type="stmt"/>
        <line num="182" count="0" type="stmt"/>
        <line num="183" count="0" type="stmt"/>
        <line num="186" count="0" type="stmt"/>
        <line num="187" count="0" type="stmt"/>
        <line num="188" count="0" type="stmt"/>
        <line num="189" count="0" type="stmt"/>
        <line num="193" count="0" type="stmt"/>
        <line num="194" count="0" type="stmt"/>
        <line num="195" count="0" type="stmt"/>
        <line num="196" count="0" type="stmt"/>
        <line num="197" count="0" type="stmt"/>
        <line num="198" count="0" type="stmt"/>
        <line num="199" count="0" type="stmt"/>
        <line num="200" count="0" type="stmt"/>
        <line num="201" count="0" type="stmt"/>
        <line num="202" count="0" type="cond" truecount="0" falsecount="2"/>
        <line num="203" count="0" type="stmt"/>
        <line num="204" count="0" type="stmt"/>
        <line num="205" count="0" type="stmt"/>
        <line num="206" count="0" type="stmt"/>
        <line num="207" count="0" type="stmt"/>
        <line num="211" count="0" type="stmt"/>
        <line num="214" count="0" type="stmt"/>
        <line num="216" count="0" type="stmt"/>
        <line num="217" count="0" type="stmt"/>
        <line num="218" count="0" type="stmt"/>
        <line num="219" count="0" type="stmt"/>
        <line num="220" count="0" type="stmt"/>
        <line num="224" count="0" type="stmt"/>
      </file>
      <file name="WaitTimesView.tsx" path="/Users/matt/Desktop/disneyWebsite/src/components/WaitTimesView.tsx">
        <metrics statements="31" coveredstatements="0" conditionals="46" coveredconditionals="0" methods="5" coveredmethods="0"/>
        <line num="3" count="0" type="stmt"/>
        <line num="4" count="0" type="stmt"/>
        <line num="5" count="0" type="stmt"/>
        <line num="6" count="0" type="stmt"/>
        <line num="7" count="0" type="stmt"/>
        <line num="27" count="0" type="stmt"/>
        <line num="33" count="0" type="stmt"/>
        <line num="34" count="0" type="stmt"/>
        <line num="35" count="0" type="stmt"/>
        <line num="36" count="0" type="stmt"/>
        <line num="37" count="0" type="stmt"/>
        <line num="39" count="0" type="stmt"/>
        <line num="44" count="0" type="stmt"/>
        <line num="46" count="0" type="stmt"/>
        <line num="47" count="0" type="stmt"/>
        <line num="48" count="0" type="stmt"/>
        <line num="49" count="0" type="stmt"/>
        <line num="50" count="0" type="cond" truecount="0" falsecount="2"/>
        <line num="51" count="0" type="cond" truecount="0" falsecount="2"/>
        <line num="53" count="0" type="stmt"/>
        <line num="54" count="0" type="stmt"/>
        <line num="56" count="0" type="cond" truecount="0" falsecount="4"/>
        <line num="57" count="0" type="cond" truecount="0" falsecount="2"/>
        <line num="58" count="0" type="stmt"/>
        <line num="60" count="0" type="cond" truecount="0" falsecount="2"/>
        <line num="64" count="0" type="stmt"/>
        <line num="68" count="0" type="stmt"/>
        <line num="69" count="0" type="stmt"/>
        <line num="71" count="0" type="stmt"/>
        <line num="74" count="0" type="cond" truecount="0" falsecount="8"/>
        <line num="76" count="0" type="stmt"/>
      </file>
    </package>
    <package name="lib">
      <metrics statements="508" coveredstatements="439" conditionals="526" coveredconditionals="408" methods="104" coveredmethods="78"/>
      <file name="accuracy-filters.ts" path="/Users/matt/Desktop/disneyWebsite/src/lib/accuracy-filters.ts">
        <metrics statements="10" coveredstatements="10" conditionals="8" coveredconditionals="8" methods="7" coveredmethods="7"/>
        <line num="14" count="1" type="stmt"/>
        <line num="20" count="12" type="cond" truecount="2" falsecount="0"/>
        <line num="22" count="11" type="cond" truecount="2" falsecount="0"/>
        <line num="23" count="3" type="stmt"/>
        <line num="24" count="10" type="stmt"/>
        <line num="27" count="11" type="cond" truecount="4" falsecount="0"/>
        <line num="28" count="11" type="stmt"/>
        <line num="29" count="5" type="stmt"/>
        <line num="30" count="12" type="stmt"/>
        <line num="31" count="5" type="stmt"/>
      </file>
      <file name="auth.ts" path="/Users/matt/Desktop/disneyWebsite/src/lib/auth.ts">
        <metrics statements="16" coveredstatements="16" conditionals="8" coveredconditionals="8" methods="2" coveredmethods="2"/>
        <line num="1" count="1" type="stmt"/>
        <line num="2" count="1" type="stmt"/>
        <line num="16" count="9" type="stmt"/>
        <line num="17" count="9" type="stmt"/>
        <line num="22" count="9" type="cond" truecount="2" falsecount="0"/>
        <line num="23" count="4" type="stmt"/>
        <line num="24" count="4" type="stmt"/>
        <line num="26" count="5" type="stmt"/>
        <line num="36" count="1" type="stmt"/>
        <line num="37" count="13" type="stmt"/>
        <line num="39" count="13" type="cond" truecount="2" falsecount="0"/>
        <line num="40" count="3" type="stmt"/>
        <line num="46" count="10" type="stmt"/>
        <line num="47" count="10" type="cond" truecount="4" falsecount="0"/>
        <line num="48" count="7" type="stmt"/>
        <line num="51" count="3" type="stmt"/>
      </file>
      <file name="calendar.ts" path="/Users/matt/Desktop/disneyWebsite/src/lib/calendar.ts">
        <metrics statements="73" coveredstatements="71" conditionals="94" coveredconditionals="86" methods="4" coveredmethods="4"/>
        <line num="2" count="12" type="stmt"/>
        <line num="3" count="12" type="stmt"/>
        <line num="4" count="12" type="stmt"/>
        <line num="5" count="12" type="stmt"/>
        <line num="6" count="12" type="stmt"/>
        <line num="7" count="12" type="stmt"/>
        <line num="8" count="12" type="stmt"/>
        <line num="9" count="12" type="stmt"/>
        <line num="10" count="12" type="stmt"/>
        <line num="11" count="12" type="stmt"/>
        <line num="12" count="12" type="stmt"/>
        <line num="13" count="12" type="stmt"/>
        <line num="14" count="12" type="stmt"/>
        <line num="15" count="12" type="stmt"/>
        <line num="16" count="12" type="stmt"/>
        <line num="22" count="99" type="cond" truecount="2" falsecount="0"/>
        <line num="23" count="83" type="stmt"/>
        <line num="24" count="83" type="stmt"/>
        <line num="25" count="1394" type="stmt"/>
        <line num="26" count="1394" type="cond" truecount="1" falsecount="1"/>
        <line num="27" count="1394" type="cond" truecount="4" falsecount="0"/>
        <line num="28" count="1311" type="stmt"/>
        <line num="30" count="0" type="stmt"/>
        <line num="32" count="16" type="stmt"/>
        <line num="33" count="100" type="stmt"/>
        <line num="34" count="100" type="cond" truecount="1" falsecount="1"/>
        <line num="35" count="100" type="cond" truecount="2" falsecount="0"/>
        <line num="37" count="0" type="stmt"/>
        <line num="41" count="1" type="stmt"/>
        <line num="42" count="23" type="stmt"/>
        <line num="43" count="23" type="stmt"/>
        <line num="44" count="23" type="stmt"/>
        <line num="46" count="23" type="cond" truecount="4" falsecount="0"/>
        <line num="47" count="22" type="cond" truecount="4" falsecount="0"/>
        <line num="48" count="20" type="cond" truecount="4" falsecount="0"/>
        <line num="49" count="19" type="cond" truecount="4" falsecount="0"/>
        <line num="50" count="18" type="cond" truecount="4" falsecount="0"/>
        <line num="51" count="17" type="cond" truecount="4" falsecount="0"/>
        <line num="53" count="16" type="stmt"/>
        <line num="54" count="16" type="cond" truecount="2" falsecount="2"/>
        <line num="55" count="16" type="stmt"/>
        <line num="56" count="16" type="cond" truecount="2" falsecount="2"/>
        <line num="57" count="16" type="stmt"/>
        <line num="58" count="16" type="cond" truecount="4" falsecount="0"/>
        <line num="59" count="15" type="stmt"/>
        <line num="60" count="15" type="cond" truecount="4" falsecount="0"/>
        <line num="61" count="14" type="stmt"/>
        <line num="62" count="14" type="cond" truecount="4" falsecount="0"/>
        <line num="63" count="13" type="stmt"/>
        <line num="64" count="13" type="cond" truecount="4" falsecount="0"/>
        <line num="67" count="12" type="stmt"/>
        <line num="68" count="12" type="stmt"/>
        <line num="69" count="12" type="stmt"/>
        <line num="70" count="12" type="stmt"/>
        <line num="71" count="12" type="cond" truecount="4" falsecount="0"/>
        <line num="73" count="6" type="stmt"/>
        <line num="76" count="1" type="stmt"/>
        <line num="77" count="25" type="stmt"/>
        <line num="78" count="25" type="stmt"/>
        <line num="79" count="25" type="stmt"/>
        <line num="82" count="25" type="cond" truecount="4" falsecount="0"/>
        <line num="83" count="23" type="cond" truecount="4" falsecount="0"/>
        <line num="86" count="20" type="cond" truecount="4" falsecount="0"/>
        <line num="87" count="18" type="cond" truecount="4" falsecount="0"/>
        <line num="90" count="15" type="cond" truecount="4" falsecount="0"/>
        <line num="91" count="13" type="cond" truecount="2" falsecount="0"/>
        <line num="92" count="11" type="cond" truecount="4" falsecount="0"/>
        <line num="95" count="9" type="stmt"/>
        <line num="96" count="9" type="stmt"/>
        <line num="97" count="9" type="stmt"/>
        <line num="98" count="9" type="stmt"/>
        <line num="99" count="9" type="cond" truecount="2" falsecount="2"/>
        <line num="101" count="9" type="stmt"/>
      </file>
      <file name="crowd.ts" path="/Users/matt/Desktop/disneyWebsite/src/lib/crowd.ts">
        <metrics statements="34" coveredstatements="34" conditionals="26" coveredconditionals="23" methods="11" coveredmethods="11"/>
        <line num="1" count="6" type="stmt"/>
        <line num="3" count="6" type="stmt"/>
        <line num="4" count="6" type="stmt"/>
        <line num="5" count="6" type="stmt"/>
        <line num="6" count="6" type="stmt"/>
        <line num="8" count="6" type="stmt"/>
        <line num="14" count="43" type="cond" truecount="2" falsecount="0"/>
        <line num="15" count="43" type="stmt"/>
        <line num="16" count="43" type="stmt"/>
        <line num="17" count="43" type="cond" truecount="2" falsecount="0"/>
        <line num="18" count="43" type="stmt"/>
        <line num="29" count="6" type="stmt"/>
        <line num="37" count="6" type="stmt"/>
        <line num="57" count="6" type="stmt"/>
        <line num="64" count="6" type="stmt"/>
        <line num="67" count="32" type="cond" truecount="2" falsecount="0"/>
        <line num="68" count="71" type="cond" truecount="3" falsecount="1"/>
        <line num="71" count="6" type="stmt"/>
        <line num="76" count="12" type="stmt"/>
        <line num="77" count="12" type="stmt"/>
        <line num="81" count="6" type="stmt"/>
        <line num="82" count="2" type="cond" truecount="1" falsecount="1"/>
        <line num="85" count="6" type="stmt"/>
        <line num="86" count="2" type="cond" truecount="2" falsecount="0"/>
        <line num="89" count="6" type="stmt"/>
        <line num="90" count="6" type="cond" truecount="2" falsecount="0"/>
        <line num="94" count="6" type="stmt"/>
        <line num="95" count="3" type="stmt"/>
        <line num="96" count="12" type="cond" truecount="2" falsecount="0"/>
        <line num="97" count="12" type="stmt"/>
        <line num="110" count="6" type="stmt"/>
        <line num="117" count="6" type="stmt"/>
        <line num="118" count="35" type="cond" truecount="2" falsecount="0"/>
        <line num="119" count="65" type="cond" truecount="3" falsecount="1"/>
      </file>
      <file name="date-context.ts" path="/Users/matt/Desktop/disneyWebsite/src/lib/date-context.ts">
        <metrics statements="55" coveredstatements="32" conditionals="30" coveredconditionals="8" methods="12" coveredmethods="5"/>
        <line num="1" count="1" type="stmt"/>
        <line num="2" count="1" type="stmt"/>
        <line num="3" count="1" type="stmt"/>
        <line num="4" count="1" type="stmt"/>
        <line num="5" count="1" type="stmt"/>
        <line num="11" count="1" type="stmt"/>
        <line num="12" count="1" type="stmt"/>
        <line num="14" count="1" type="stmt"/>
        <line num="17" count="4" type="stmt"/>
        <line num="18" count="4" type="stmt"/>
        <line num="19" count="4" type="stmt"/>
        <line num="20" count="4" type="stmt"/>
        <line num="22" count="4" type="stmt"/>
        <line num="30" count="4" type="stmt"/>
        <line num="31" count="4" type="stmt"/>
        <line num="32" count="5" type="stmt"/>
        <line num="34" count="4" type="cond" truecount="2" falsecount="0"/>
        <line num="36" count="3" type="stmt"/>
        <line num="37" count="3" type="cond" truecount="1" falsecount="1"/>
        <line num="41" count="3" type="stmt"/>
        <line num="42" count="3" type="cond" truecount="1" falsecount="1"/>
        <line num="43" count="3" type="stmt"/>
        <line num="44" count="3" type="stmt"/>
        <line num="50" count="3" type="stmt"/>
        <line num="51" count="3" type="stmt"/>
        <line num="53" count="3" type="stmt"/>
        <line num="54" count="3" type="stmt"/>
        <line num="55" count="3" type="stmt"/>
        <line num="56" count="3" type="cond" truecount="3" falsecount="1"/>
        <line num="57" count="3" type="stmt"/>
        <line num="90" count="3" type="stmt"/>
        <line num="93" count="1" type="cond" truecount="0" falsecount="1"/>
        <line num="94" count="0" type="stmt"/>
        <line num="95" count="0" type="stmt"/>
        <line num="96" count="0" type="stmt"/>
        <line num="98" count="0" type="stmt"/>
        <line num="99" count="0" type="stmt"/>
        <line num="119" count="0" type="cond" truecount="0" falsecount="2"/>
        <line num="121" count="0" type="stmt"/>
        <line num="122" count="0" type="stmt"/>
        <line num="126" count="0" type="stmt"/>
        <line num="127" count="0" type="stmt"/>
        <line num="128" count="0" type="stmt"/>
        <line num="129" count="0" type="cond" truecount="0" falsecount="2"/>
        <line num="130" count="0" type="stmt"/>
        <line num="133" count="0" type="stmt"/>
        <line num="134" count="0" type="stmt"/>
        <line num="136" count="0" type="stmt"/>
        <line num="137" count="0" type="stmt"/>
        <line num="139" count="0" type="cond" truecount="0" falsecount="4"/>
        <line num="140" count="0" type="stmt"/>
        <line num="143" count="0" type="stmt"/>
        <line num="154" count="0" type="stmt"/>
        <line num="158" count="0" type="stmt"/>
        <line num="162" count="0" type="stmt"/>
      </file>
      <file name="db.ts" path="/Users/matt/Desktop/disneyWebsite/src/lib/db.ts">
        <metrics statements="9" coveredstatements="0" conditionals="10" coveredconditionals="0" methods="0" coveredmethods="0"/>
        <line num="1" count="0" type="stmt"/>
        <line num="2" count="0" type="stmt"/>
        <line num="4" count="0" type="stmt"/>
        <line num="6" count="0" type="stmt"/>
        <line num="8" count="0" type="cond" truecount="0" falsecount="2"/>
        <line num="9" count="0" type="stmt"/>
        <line num="12" count="0" type="stmt"/>
        <line num="14" count="0" type="stmt"/>
        <line num="21" count="0" type="cond" truecount="0" falsecount="2"/>
      </file>
      <file name="forecast.ts" path="/Users/matt/Desktop/disneyWebsite/src/lib/forecast.ts">
        <metrics statements="68" coveredstatements="56" conditionals="43" coveredconditionals="37" methods="19" coveredmethods="10"/>
        <line num="1" count="1" type="stmt"/>
        <line num="2" count="1" type="stmt"/>
        <line num="3" count="1" type="stmt"/>
        <line num="4" count="1" type="stmt"/>
        <line num="13" count="1" type="stmt"/>
        <line num="17" count="1" type="stmt"/>
        <line num="18" count="0" type="stmt"/>
        <line num="22" count="0" type="stmt"/>
        <line num="48" count="1" type="stmt"/>
        <line num="49" count="0" type="stmt"/>
        <line num="50" count="0" type="cond" truecount="0" falsecount="2"/>
        <line num="51" count="0" type="stmt"/>
        <line num="52" count="0" type="stmt"/>
        <line num="55" count="1" type="cond" truecount="0" falsecount="1"/>
        <line num="56" count="0" type="stmt"/>
        <line num="70" count="1" type="stmt"/>
        <line num="81" count="1" type="stmt"/>
        <line num="92" count="121" type="cond" truecount="2" falsecount="0"/>
        <line num="93" count="120" type="cond" truecount="4" falsecount="0"/>
        <line num="94" count="106" type="cond" truecount="3" falsecount="1"/>
        <line num="95" count="106" type="cond" truecount="2" falsecount="0"/>
        <line num="96" count="75" type="stmt"/>
        <line num="99" count="1" type="stmt"/>
        <line num="100" count="4" type="stmt"/>
        <line num="101" count="4" type="stmt"/>
        <line num="103" count="4" type="stmt"/>
        <line num="133" count="4" type="stmt"/>
        <line num="134" count="4" type="stmt"/>
        <line num="135" count="2" type="stmt"/>
        <line num="136" count="2" type="cond" truecount="2" falsecount="0"/>
        <line num="137" count="2" type="stmt"/>
        <line num="141" count="4" type="stmt"/>
        <line num="142" count="3" type="stmt"/>
        <line num="145" count="4" type="stmt"/>
        <line num="147" count="1" type="stmt"/>
        <line num="148" count="1" type="stmt"/>
        <line num="151" count="4" type="stmt"/>
        <line num="153" count="1" type="stmt"/>
        <line num="154" count="1" type="stmt"/>
        <line num="157" count="4" type="stmt"/>
        <line num="159" count="1" type="stmt"/>
        <line num="160" count="0" type="stmt"/>
        <line num="163" count="4" type="stmt"/>
        <line num="165" count="1" type="stmt"/>
        <line num="166" count="0" type="stmt"/>
        <line num="169" count="4" type="stmt"/>
        <line num="170" count="4" type="stmt"/>
        <line num="171" count="4" type="stmt"/>
        <line num="172" count="4" type="stmt"/>
        <line num="174" count="4" type="stmt"/>
        <line num="175" count="4" type="stmt"/>
        <line num="176" count="121" type="stmt"/>
        <line num="177" count="121" type="cond" truecount="4" falsecount="0"/>
        <line num="178" count="121" type="cond" truecount="3" falsecount="1"/>
        <line num="179" count="121" type="stmt"/>
        <line num="181" count="121" type="stmt"/>
        <line num="182" count="121" type="cond" truecount="2" falsecount="0"/>
        <line num="183" count="121" type="cond" truecount="3" falsecount="1"/>
        <line num="184" count="121" type="cond" truecount="2" falsecount="0"/>
        <line num="185" count="121" type="cond" truecount="4" falsecount="0"/>
        <line num="186" count="121" type="cond" truecount="6" falsecount="0"/>
        <line num="188" count="121" type="stmt"/>
        <line num="195" count="121" type="stmt"/>
        <line num="197" count="4" type="stmt"/>
        <line num="200" count="1" type="stmt"/>
        <line num="201" count="0" type="stmt"/>
        <line num="202" count="0" type="stmt"/>
        <line num="217" count="0" type="stmt"/>
      </file>
      <file name="groq.ts" path="/Users/matt/Desktop/disneyWebsite/src/lib/groq.ts">
        <metrics statements="70" coveredstatements="50" conditionals="97" coveredconditionals="54" methods="15" coveredmethods="6"/>
        <line num="1" count="2" type="stmt"/>
        <line num="2" count="2" type="stmt"/>
        <line num="3" count="2" type="stmt"/>
        <line num="13" count="2" type="stmt"/>
        <line num="20" count="51" type="cond" truecount="3" falsecount="0"/>
        <line num="22" count="51" type="cond" truecount="2" falsecount="0"/>
        <line num="23" count="51" type="cond" truecount="2" falsecount="0"/>
        <line num="24" count="38" type="stmt"/>
        <line num="28" count="21" type="stmt"/>
        <line num="30" count="21" type="cond" truecount="2" falsecount="0"/>
        <line num="31" count="1" type="stmt"/>
        <line num="34" count="20" type="stmt"/>
        <line num="43" count="2" type="stmt"/>
        <line num="48" count="1" type="stmt"/>
        <line num="49" count="0" type="stmt"/>
        <line num="50" count="0" type="stmt"/>
        <line num="51" count="0" type="stmt"/>
        <line num="52" count="0" type="stmt"/>
        <line num="54" count="0" type="stmt"/>
        <line num="57" count="0" type="stmt"/>
        <line num="73" count="0" type="cond" truecount="0" falsecount="12"/>
        <line num="76" count="2" type="stmt"/>
        <line num="81" count="0" type="stmt"/>
        <line num="82" count="0" type="cond" truecount="0" falsecount="2"/>
        <line num="84" count="0" type="stmt"/>
        <line num="85" count="0" type="stmt"/>
        <line num="86" count="0" type="stmt"/>
        <line num="88" count="0" type="stmt"/>
        <line num="91" count="0" type="stmt"/>
        <line num="102" count="2" type="stmt"/>
        <line num="105" count="7" type="stmt"/>
        <line num="106" count="7" type="stmt"/>
        <line num="107" count="7" type="stmt"/>
        <line num="124" count="7" type="cond" truecount="10" falsecount="2"/>
        <line num="125" count="7" type="stmt"/>
        <line num="126" count="7" type="stmt"/>
        <line num="127" count="6" type="stmt"/>
        <line num="132" count="1" type="stmt"/>
        <line num="136" count="2" type="stmt"/>
        <line num="137" count="6" type="stmt"/>
        <line num="138" count="6" type="stmt"/>
        <line num="150" count="6" type="cond" truecount="9" falsecount="3"/>
        <line num="155" count="6" type="stmt"/>
        <line num="156" count="6" type="stmt"/>
        <line num="158" count="1" type="stmt"/>
        <line num="160" count="5" type="cond" truecount="3" falsecount="1"/>
        <line num="162" count="5" type="stmt"/>
        <line num="163" count="5" type="stmt"/>
        <line num="164" count="35" type="stmt"/>
        <line num="167" count="35" type="cond" truecount="4" falsecount="0"/>
        <line num="168" count="19" type="stmt"/>
        <line num="171" count="5" type="stmt"/>
        <line num="190" count="2" type="stmt"/>
        <line num="193" count="7" type="stmt"/>
        <line num="194" count="7" type="stmt"/>
        <line num="195" count="7" type="cond" truecount="2" falsecount="0"/>
        <line num="196" count="7" type="stmt"/>
        <line num="211" count="6" type="cond" truecount="9" falsecount="3"/>
        <line num="212" count="6" type="stmt"/>
        <line num="213" count="5" type="stmt"/>
        <line num="214" count="5" type="cond" truecount="1" falsecount="1"/>
        <line num="215" count="5" type="cond" truecount="2" falsecount="0"/>
        <line num="217" count="2" type="stmt"/>
        <line num="221" count="2" type="stmt"/>
        <line num="227" count="0" type="stmt"/>
        <line num="228" count="0" type="stmt"/>
        <line num="229" count="0" type="stmt"/>
        <line num="230" count="0" type="stmt"/>
        <line num="233" count="0" type="stmt"/>
        <line num="253" count="0" type="cond" truecount="0" falsecount="12"/>
      </file>
      <file name="http.ts" path="/Users/matt/Desktop/disneyWebsite/src/lib/http.ts">
        <metrics statements="5" coveredstatements="5" conditionals="0" coveredconditionals="0" methods="2" coveredmethods="2"/>
        <line num="1" count="4" type="stmt"/>
        <line num="16" count="4" type="stmt"/>
        <line num="17" count="75" type="stmt"/>
        <line num="25" count="4" type="stmt"/>
        <line num="26" count="72" type="stmt"/>
      </file>
      <file name="park-schedule.ts" path="/Users/matt/Desktop/disneyWebsite/src/lib/park-schedule.ts">
        <metrics statements="32" coveredstatements="32" conditionals="47" coveredconditionals="44" methods="4" coveredmethods="4"/>
        <line num="1" count="1" type="stmt"/>
        <line num="2" count="1" type="stmt"/>
        <line num="7" count="11" type="cond" truecount="2" falsecount="0"/>
        <line num="8" count="10" type="cond" truecount="2" falsecount="0"/>
        <line num="9" count="8" type="cond" truecount="2" falsecount="0"/>
        <line num="10" count="6" type="cond" truecount="2" falsecount="0"/>
        <line num="11" count="4" type="cond" truecount="2" falsecount="0"/>
        <line num="12" count="1" type="stmt"/>
        <line num="17" count="14" type="cond" truecount="2" falsecount="0"/>
        <line num="18" count="12" type="cond" truecount="2" falsecount="0"/>
        <line num="19" count="11" type="cond" truecount="2" falsecount="0"/>
        <line num="20" count="10" type="cond" truecount="2" falsecount="0"/>
        <line num="21" count="2" type="cond" truecount="2" falsecount="0"/>
        <line num="22" count="1" type="stmt"/>
        <line num="40" count="1" type="stmt"/>
        <line num="44" count="28" type="stmt"/>
        <line num="45" count="28" type="stmt"/>
        <line num="46" count="28" type="cond" truecount="2" falsecount="0"/>
        <line num="47" count="27" type="stmt"/>
        <line num="49" count="27" type="stmt"/>
        <line num="54" count="27" type="cond" truecount="3" falsecount="1"/>
        <line num="55" count="27" type="cond" truecount="2" falsecount="0"/>
        <line num="56" count="26" type="stmt"/>
        <line num="58" count="27" type="stmt"/>
        <line num="60" count="27" type="cond" truecount="5" falsecount="0"/>
        <line num="61" count="25" type="stmt"/>
        <line num="64" count="25" type="cond" truecount="3" falsecount="1"/>
        <line num="65" count="11" type="cond" truecount="1" falsecount="1"/>
        <line num="66" count="11" type="stmt"/>
        <line num="70" count="27" type="cond" truecount="4" falsecount="0"/>
        <line num="71" count="1" type="stmt"/>
        <line num="75" count="27" type="stmt"/>
      </file>
      <file name="park-time.ts" path="/Users/matt/Desktop/disneyWebsite/src/lib/park-time.ts">
        <metrics statements="34" coveredstatements="34" conditionals="21" coveredconditionals="17" methods="13" coveredmethods="13"/>
        <line num="1" count="4" type="stmt"/>
        <line num="12" count="4" type="stmt"/>
        <line num="24" count="6" type="stmt"/>
        <line num="28" count="187" type="stmt"/>
        <line num="29" count="187" type="cond" truecount="1" falsecount="1"/>
        <line num="30" count="187" type="stmt"/>
        <line num="34" count="247" type="stmt"/>
        <line num="35" count="247" type="stmt"/>
        <line num="36" count="8892" type="cond" truecount="3" falsecount="1"/>
        <line num="37" count="1482" type="cond" truecount="1" falsecount="1"/>
        <line num="38" count="1482" type="stmt"/>
        <line num="41" count="247" type="stmt"/>
        <line num="52" count="244" type="stmt"/>
        <line num="53" count="244" type="stmt"/>
        <line num="62" count="244" type="stmt"/>
        <line num="73" count="122" type="stmt"/>
        <line num="74" count="122" type="stmt"/>
        <line num="75" count="244" type="stmt"/>
        <line num="77" count="122" type="stmt"/>
        <line num="80" count="4" type="stmt"/>
        <line num="81" count="3" type="stmt"/>
        <line num="82" count="3" type="stmt"/>
        <line num="85" count="4" type="stmt"/>
        <line num="86" count="187" type="cond" truecount="1" falsecount="1"/>
        <line num="89" count="4" type="stmt"/>
        <line num="90" count="132" type="stmt"/>
        <line num="91" count="132" type="stmt"/>
        <line num="94" count="4" type="stmt"/>
        <line num="95" count="55" type="stmt"/>
        <line num="96" count="55" type="stmt"/>
        <line num="102" count="4" type="stmt"/>
        <line num="103" count="6" type="stmt"/>
        <line num="109" count="4" type="stmt"/>
        <line num="110" count="5" type="stmt"/>
      </file>
      <file name="queue-times.ts" path="/Users/matt/Desktop/disneyWebsite/src/lib/queue-times.ts">
        <metrics statements="33" coveredstatements="33" conditionals="8" coveredconditionals="8" methods="5" coveredmethods="5"/>
        <line num="1" count="1" type="stmt"/>
        <line num="2" count="1" type="stmt"/>
        <line num="6" count="1" type="stmt"/>
        <line num="14" count="1" type="stmt"/>
        <line num="20" count="1" type="stmt"/>
        <line num="34" count="1" type="stmt"/>
        <line num="36" count="11" type="stmt"/>
        <line num="37" count="11" type="stmt"/>
        <line num="42" count="32" type="stmt"/>
        <line num="43" count="30" type="cond" truecount="2" falsecount="0"/>
        <line num="44" count="5" type="stmt"/>
        <line num="47" count="25" type="stmt"/>
        <line num="48" count="25" type="stmt"/>
        <line num="49" count="25" type="cond" truecount="2" falsecount="0"/>
        <line num="50" count="6" type="stmt"/>
        <line num="55" count="19" type="stmt"/>
        <line num="56" count="19" type="stmt"/>
        <line num="58" count="19" type="stmt"/>
        <line num="59" count="6" type="stmt"/>
        <line num="60" count="7" type="cond" truecount="2" falsecount="0"/>
        <line num="61" count="6" type="stmt"/>
        <line num="72" count="19" type="stmt"/>
        <line num="73" count="2" type="cond" truecount="2" falsecount="0"/>
        <line num="74" count="1" type="stmt"/>
        <line num="84" count="19" type="stmt"/>
        <line num="87" count="1" type="stmt"/>
        <line num="88" count="16" type="stmt"/>
        <line num="89" count="32" type="stmt"/>
        <line num="91" count="8" type="stmt"/>
        <line num="94" count="1" type="stmt"/>
        <line num="95" count="67" type="stmt"/>
        <line num="96" count="67" type="stmt"/>
        <line num="97" count="67" type="stmt"/>
      </file>
      <file name="rate-limit.ts" path="/Users/matt/Desktop/disneyWebsite/src/lib/rate-limit.ts">
        <metrics statements="24" coveredstatements="21" conditionals="28" coveredconditionals="19" methods="6" coveredmethods="5"/>
        <line num="27" count="3" type="stmt"/>
        <line num="34" count="3" type="stmt"/>
        <line num="37" count="96" type="stmt"/>
        <line num="38" count="96" type="cond" truecount="1" falsecount="1"/>
        <line num="42" count="0" type="stmt"/>
        <line num="43" count="0" type="cond" truecount="0" falsecount="8"/>
        <line num="45" count="0" type="stmt"/>
        <line num="48" count="3" type="stmt"/>
        <line num="53" count="117" type="stmt"/>
        <line num="54" count="558" type="cond" truecount="4" falsecount="0"/>
        <line num="56" count="117" type="cond" truecount="2" falsecount="0"/>
        <line num="58" count="21" type="stmt"/>
        <line num="59" count="21" type="stmt"/>
        <line num="60" count="21" type="stmt"/>
        <line num="67" count="96" type="stmt"/>
        <line num="68" count="96" type="stmt"/>
        <line num="69" count="96" type="stmt"/>
        <line num="71" count="96" type="stmt"/>
        <line num="80" count="3" type="stmt"/>
        <line num="81" count="70" type="stmt"/>
        <line num="82" count="70" type="cond" truecount="8" falsecount="0"/>
        <line num="83" count="70" type="cond" truecount="3" falsecount="0"/>
        <line num="87" count="3" type="stmt"/>
        <line num="88" count="51" type="stmt"/>
      </file>
      <file name="weather.ts" path="/Users/matt/Desktop/disneyWebsite/src/lib/weather.ts">
        <metrics statements="45" coveredstatements="45" conditionals="106" coveredconditionals="96" methods="4" coveredmethods="4"/>
        <line num="9" count="2" type="stmt"/>
        <line num="10" count="2" type="stmt"/>
        <line num="13" count="2" type="stmt"/>
        <line num="16" count="2" type="stmt"/>
        <line num="20" count="2" type="stmt"/>
        <line num="36" count="2" type="stmt"/>
        <line num="37" count="2" type="stmt"/>
        <line num="51" count="2" type="stmt"/>
        <line num="53" count="10" type="stmt"/>
        <line num="61" count="10" type="stmt"/>
        <line num="62" count="10" type="cond" truecount="2" falsecount="0"/>
        <line num="64" count="9" type="stmt"/>
        <line num="75" count="9" type="stmt"/>
        <line num="76" count="9" type="cond" truecount="8" falsecount="0"/>
        <line num="77" count="9" type="stmt"/>
        <line num="78" count="4" type="cond" truecount="10" falsecount="2"/>
        <line num="79" count="4" type="stmt"/>
        <line num="89" count="9" type="stmt"/>
        <line num="92" count="2" type="stmt"/>
        <line num="93" count="20" type="stmt"/>
        <line num="94" count="20" type="stmt"/>
        <line num="98" count="20" type="cond" truecount="2" falsecount="0"/>
        <line num="99" count="3" type="stmt"/>
        <line num="105" count="17" type="stmt"/>
        <line num="106" count="17" type="stmt"/>
        <line num="118" count="2" type="stmt"/>
        <line num="119" count="100" type="cond" truecount="2" falsecount="0"/>
        <line num="120" count="99" type="cond" truecount="2" falsecount="0"/>
        <line num="121" count="97" type="cond" truecount="2" falsecount="0"/>
        <line num="122" count="96" type="cond" truecount="2" falsecount="0"/>
        <line num="123" count="51" type="cond" truecount="2" falsecount="0"/>
        <line num="124" count="44" type="cond" truecount="2" falsecount="0"/>
        <line num="125" count="32" type="cond" truecount="2" falsecount="0"/>
        <line num="126" count="22" type="cond" truecount="2" falsecount="0"/>
        <line num="127" count="17" type="stmt"/>
        <line num="130" count="2" type="stmt"/>
        <line num="131" count="9" type="cond" truecount="2" falsecount="0"/>
        <line num="132" count="8" type="cond" truecount="2" falsecount="0"/>
        <line num="133" count="7" type="cond" truecount="2" falsecount="0"/>
        <line num="134" count="6" type="cond" truecount="2" falsecount="0"/>
        <line num="135" count="5" type="cond" truecount="2" falsecount="0"/>
        <line num="136" count="4" type="cond" truecount="2" falsecount="0"/>
        <line num="137" count="3" type="cond" truecount="2" falsecount="0"/>
        <line num="138" count="2" type="cond" truecount="2" falsecount="0"/>
        <line num="139" count="1" type="stmt"/>
      </file>
    </package>
  </project>
</coverage>
