{"/Users/matt/Desktop/disneyWebsite/src/app/layout.tsx": {"path":"/Users/matt/Desktop/disneyWebsite/src/app/layout.tsx","statementMap":{"0":{"start":{"line":12,"column":0},"end":{"line":12,"column":24}},"1":{"start":{"line":2,"column":0},"end":{"line":2,"column":23}},"2":{"start":{"line":3,"column":0},"end":{"line":3,"column":35}},"3":{"start":{"line":4,"column":0},"end":{"line":4,"column":59}},"4":{"start":{"line":5,"column":0},"end":{"line":5,"column":65}},"5":{"start":{"line":7,"column":13},"end":{"line":10,"column":2}},"6":{"start":{"line":13,"column":2},"end":{"line":24,"column":4}}},"fnMap":{"0":{"name":"RootLayout","decl":{"start":{"line":12,"column":24},"end":{"line":12,"column":34}},"loc":{"start":{"line":12,"column":78},"end":{"line":25,"column":1}}}},"branchMap":{},"s":{"0":0,"1":0,"2":0,"3":0,"4":0,"5":0,"6":0},"f":{"0":0},"b":{}}
,"/Users/matt/Desktop/disneyWebsite/src/app/page.tsx": {"path":"/Users/matt/Desktop/disneyWebsite/src/app/page.tsx","statementMap":{"0":{"start":{"line":66,"column":0},"end":{"line":66,"column":24}},"1":{"start":{"line":1,"column":0},"end":{"line":1,"column":57}},"2":{"start":{"line":2,"column":0},"end":{"line":2,"column":29}},"3":{"start":{"line":5,"column":19},"end":{"line":9,"column":null}},"4":{"start":{"line":6,"column":2},"end":{"line":8,"column":null}},"5":{"start":{"line":13,"column":22},"end":{"line":20,"column":null}},"6":{"start":{"line":14,"column":2},"end":{"line":19,"column":null}},"7":{"start":{"line":24,"column":20},"end":{"line":29,"column":null}},"8":{"start":{"line":25,"column":2},"end":{"line":28,"column":null}},"9":{"start":{"line":33,"column":20},"end":{"line":36,"column":null}},"10":{"start":{"line":34,"column":2},"end":{"line":35,"column":null}},"11":{"start":{"line":39,"column":17},"end":{"line":64,"column":2}},"12":{"start":{"line":67,"column":2},"end":{"line":128,"column":4}},"13":{"start":{"line":99,"column":12},"end":{"line":100,"column":null}}},"fnMap":{"0":{"name":"(anonymous_1)","decl":{"start":{"line":5,"column":19},"end":{"line":5,"column":22}},"loc":{"start":{"line":6,"column":2},"end":{"line":8,"column":null}}},"1":{"name":"(anonymous_2)","decl":{"start":{"line":13,"column":22},"end":{"line":13,"column":25}},"loc":{"start":{"line":14,"column":2},"end":{"line":19,"column":null}}},"2":{"name":"(anonymous_3)","decl":{"start":{"line":24,"column":20},"end":{"line":24,"column":23}},"loc":{"start":{"line":25,"column":2},"end":{"line":28,"column":null}}},"3":{"name":"(anonymous_4)","decl":{"start":{"line":33,"column":20},"end":{"line":33,"column":23}},"loc":{"start":{"line":34,"column":2},"end":{"line":35,"column":null}}},"4":{"name":"HomePage","decl":{"start":{"line":66,"column":24},"end":{"line":66,"column":32}},"loc":{"start":{"line":66,"column":32},"end":{"line":129,"column":1}}},"5":{"name":"(anonymous_6)","decl":{"start":{"line":98,"column":24},"end":{"line":98,"column":25}},"loc":{"start":{"line":99,"column":12},"end":{"line":100,"column":null}}}},"branchMap":{},"s":{"0":0,"1":0,"2":0,"3":0,"4":0,"5":0,"6":0,"7":0,"8":0,"9":0,"10":0,"11":0,"12":0,"13":0},"f":{"0":0,"1":0,"2":0,"3":0,"4":0,"5":0},"b":{}}
,"/Users/matt/Desktop/disneyWebsite/src/app/accuracy/page.tsx": {"path":"/Users/matt/Desktop/disneyWebsite/src/app/accuracy/page.tsx","statementMap":{"0":{"start":{"line":113,"column":0},"end":{"line":113,"column":24}},"1":{"start":{"line":3,"column":0},"end":{"line":3,"column":53}},"2":{"start":{"line":4,"column":0},"end":{"line":4,"column":55}},"3":{"start":{"line":5,"column":0},"end":{"line":5,"column":49}},"4":{"start":{"line":6,"column":0},"end":{"line":6,"column":60}},"5":{"start":{"line":33,"column":2},"end":{"line":38,"column":4}},"6":{"start":{"line":42,"column":14},"end":{"line":42,"column":37}},"7":{"start":{"line":43,"column":14},"end":{"line":43,"column":41}},"8":{"start":{"line":44,"column":2},"end":{"line":53,"column":4}},"9":{"start":{"line":57,"column":2},"end":{"line":67,"column":4}},"10":{"start":{"line":80,"column":4},"end":{"line":84,"column":22}},"11":{"start":{"line":86,"column":2},"end":{"line":110,"column":4}},"12":{"start":{"line":114,"column":26},"end":{"line":114,"column":61}},"13":{"start":{"line":115,"column":32},"end":{"line":115,"column":46}},"14":{"start":{"line":116,"column":42},"end":{"line":116,"column":62}},"15":{"start":{"line":117,"column":44},"end":{"line":117,"column":58}},"16":{"start":{"line":118,"column":38},"end":{"line":118,"column":65}},"17":{"start":{"line":119,"column":32},"end":{"line":119,"column":58}},"18":{"start":{"line":120,"column":30},"end":{"line":120,"column":42}},"19":{"start":{"line":122,"column":2},"end":{"line":131,"column":9}},"20":{"start":{"line":123,"column":4},"end":{"line":130,"column":40}},"21":{"start":{"line":124,"column":67},"end":{"line":124,"column":75}},"22":{"start":{"line":125,"column":114},"end":{"line":125,"column":122}},"23":{"start":{"line":127,"column":6},"end":{"line":127,"column":28}},"24":{"start":{"line":128,"column":6},"end":{"line":128,"column":93}},"25":{"start":{"line":128,"column":43},"end":{"line":128,"column":93}},"26":{"start":{"line":129,"column":6},"end":{"line":129,"column":59}},"27":{"start":{"line":130,"column":21},"end":{"line":130,"column":38}},"28":{"start":{"line":133,"column":24},"end":{"line":135,"column":null}},"29":{"start":{"line":134,"column":10},"end":{"line":134,"column":null}},"30":{"start":{"line":138,"column":21},"end":{"line":145,"column":12}},"31":{"start":{"line":139,"column":4},"end":{"line":139,"column":48}},"32":{"start":{"line":139,"column":15},"end":{"line":139,"column":48}},"33":{"start":{"line":140,"column":4},"end":{"line":144,"column":6}},"34":{"start":{"line":142,"column":37},"end":{"line":142,"column":64}},"35":{"start":{"line":143,"column":38},"end":{"line":143,"column":82}},"36":{"start":{"line":147,"column":2},"end":{"line":284,"column":4}},"37":{"start":{"line":215,"column":16},"end":{"line":216,"column":null}},"38":{"start":{"line":217,"column":33},"end":{"line":217,"column":51}},"39":{"start":{"line":247,"column":35},"end":{"line":247,"column":60}},"40":{"start":{"line":254,"column":33},"end":{"line":254,"column":70}},"41":{"start":{"line":268,"column":16},"end":{"line":269,"column":null}},"42":{"start":{"line":272,"column":33},"end":{"line":272,"column":63}}},"fnMap":{"0":{"name":"StatCard","decl":{"start":{"line":32,"column":9},"end":{"line":32,"column":17}},"loc":{"start":{"line":32,"column":68},"end":{"line":39,"column":1}}},"1":{"name":"MaeBar","decl":{"start":{"line":41,"column":9},"end":{"line":41,"column":15}},"loc":{"start":{"line":41,"column":44},"end":{"line":54,"column":1}}},"2":{"name":"Within10Bar","decl":{"start":{"line":56,"column":9},"end":{"line":56,"column":20}},"loc":{"start":{"line":56,"column":49},"end":{"line":68,"column":1}}},"3":{"name":"RideCard","decl":{"start":{"line":70,"column":9},"end":{"line":70,"column":17}},"loc":{"start":{"line":78,"column":1},"end":{"line":111,"column":1}}},"4":{"name":"AccuracyPage","decl":{"start":{"line":113,"column":24},"end":{"line":113,"column":36}},"loc":{"start":{"line":113,"column":36},"end":{"line":285,"column":1}}},"5":{"name":"(anonymous_6)","decl":{"start":{"line":122,"column":12},"end":{"line":122,"column":15}},"loc":{"start":{"line":122,"column":17},"end":{"line":131,"column":3}}},"6":{"name":"(anonymous_7)","decl":{"start":{"line":124,"column":60},"end":{"line":124,"column":61}},"loc":{"start":{"line":124,"column":67},"end":{"line":124,"column":75}}},"7":{"name":"(anonymous_8)","decl":{"start":{"line":125,"column":107},"end":{"line":125,"column":108}},"loc":{"start":{"line":125,"column":114},"end":{"line":125,"column":122}}},"8":{"name":"(anonymous_9)","decl":{"start":{"line":126,"column":12},"end":{"line":126,"column":13}},"loc":{"start":{"line":126,"column":90},"end":{"line":130,"column":5}}},"9":{"name":"(anonymous_10)","decl":{"start":{"line":130,"column":15},"end":{"line":130,"column":18}},"loc":{"start":{"line":130,"column":21},"end":{"line":130,"column":38}}},"10":{"name":"(anonymous_11)","decl":{"start":{"line":134,"column":4},"end":{"line":134,"column":7}},"loc":{"start":{"line":134,"column":9},"end":{"line":134,"column":null}}},"11":{"name":"(anonymous_12)","decl":{"start":{"line":138,"column":29},"end":{"line":138,"column":32}},"loc":{"start":{"line":138,"column":34},"end":{"line":145,"column":3}}},"12":{"name":"(anonymous_13)","decl":{"start":{"line":142,"column":30},"end":{"line":142,"column":31}},"loc":{"start":{"line":142,"column":37},"end":{"line":142,"column":64}}},"13":{"name":"(anonymous_14)","decl":{"start":{"line":143,"column":31},"end":{"line":143,"column":32}},"loc":{"start":{"line":143,"column":38},"end":{"line":143,"column":82}}},"14":{"name":"(anonymous_15)","decl":{"start":{"line":214,"column":20},"end":{"line":214,"column":21}},"loc":{"start":{"line":215,"column":16},"end":{"line":216,"column":null}}},"15":{"name":"(anonymous_16)","decl":{"start":{"line":217,"column":27},"end":{"line":217,"column":30}},"loc":{"start":{"line":217,"column":33},"end":{"line":217,"column":51}}},"16":{"name":"(anonymous_17)","decl":{"start":{"line":247,"column":28},"end":{"line":247,"column":29}},"loc":{"start":{"line":247,"column":35},"end":{"line":247,"column":60}}},"17":{"name":"(anonymous_18)","decl":{"start":{"line":254,"column":26},"end":{"line":254,"column":27}},"loc":{"start":{"line":254,"column":33},"end":{"line":254,"column":70}}},"18":{"name":"(anonymous_19)","decl":{"start":{"line":267,"column":33},"end":{"line":267,"column":34}},"loc":{"start":{"line":268,"column":16},"end":{"line":269,"column":null}}},"19":{"name":"(anonymous_20)","decl":{"start":{"line":272,"column":27},"end":{"line":272,"column":30}},"loc":{"start":{"line":272,"column":33},"end":{"line":272,"column":63}}}},"branchMap":{"0":{"loc":{"start":{"line":80,"column":4},"end":{"line":84,"column":22}},"type":"cond-expr","locations":[{"start":{"line":81,"column":8},"end":{"line":81,"column":24}},{"start":{"line":82,"column":8},"end":{"line":84,"column":22}}]},"1":{"loc":{"start":{"line":82,"column":8},"end":{"line":84,"column":22}},"type":"cond-expr","locations":[{"start":{"line":83,"column":8},"end":{"line":83,"column":25}},{"start":{"line":84,"column":8},"end":{"line":84,"column":22}}]},"2":{"loc":{"start":{"line":90,"column":8},"end":{"line":92,"column":null}},"type":"cond-expr","locations":[{"start":{"line":91,"column":12},"end":{"line":91,"column":74}},{"start":{"line":92,"column":12},"end":{"line":92,"column":null}}]},"3":{"loc":{"start":{"line":128,"column":6},"end":{"line":128,"column":93}},"type":"if","locations":[{"start":{"line":128,"column":6},"end":{"line":128,"column":93}},{"start":{},"end":{}}]},"4":{"loc":{"start":{"line":129,"column":23},"end":{"line":129,"column":57}},"type":"cond-expr","locations":[{"start":{"line":129,"column":49},"end":{"line":129,"column":53}},{"start":{"line":129,"column":53},"end":{"line":129,"column":57}}]},"5":{"loc":{"start":{"line":129,"column":23},"end":{"line":129,"column":53}},"type":"binary-expr","locations":[{"start":{"line":129,"column":23},"end":{"line":129,"column":53}},{"start":{"line":129,"column":49},"end":{"line":129,"column":53}}]},"6":{"loc":{"start":{"line":134,"column":29},"end":{"line":134,"column":48}},"type":"cond-expr","locations":[{"start":{"line":134,"column":42},"end":{"line":134,"column":46}},{"start":{"line":134,"column":46},"end":{"line":134,"column":48}}]},"7":{"loc":{"start":{"line":134,"column":29},"end":{"line":134,"column":46}},"type":"binary-expr","locations":[{"start":{"line":134,"column":29},"end":{"line":134,"column":46}},{"start":{"line":134,"column":42},"end":{"line":134,"column":46}}]},"8":{"loc":{"start":{"line":134,"column":29},"end":{"line":134,"column":42}},"type":"cond-expr","locations":[{"start":{"line":134,"column":33},"end":{"line":134,"column":35}},{"start":{"line":134,"column":29},"end":{"line":134,"column":42}}]},"9":{"loc":{"start":{"line":134,"column":29},"end":{"line":134,"column":35}},"type":"binary-expr","locations":[{"start":{"line":134,"column":29},"end":{"line":134,"column":35}},{"start":{"line":134,"column":29},"end":{"line":134,"column":35}}]},"10":{"loc":{"start":{"line":139,"column":4},"end":{"line":139,"column":48}},"type":"if","locations":[{"start":{"line":139,"column":4},"end":{"line":139,"column":48}},{"start":{},"end":{}}]},"11":{"loc":{"start":{"line":161,"column":7},"end":{"line":164,"column":null}},"type":"binary-expr","locations":[{"start":{"line":161,"column":7},"end":{"line":161,"column":14}},{"start":{"line":162,"column":8},"end":{"line":163,"column":null}}]},"12":{"loc":{"start":{"line":167,"column":7},"end":{"line":170,"column":null}},"type":"binary-expr","locations":[{"start":{"line":167,"column":7},"end":{"line":167,"column":21}},{"start":{"line":168,"column":8},"end":{"line":168,"column":null}}]},"13":{"loc":{"start":{"line":173,"column":7},"end":{"line":179,"column":null}},"type":"binary-expr","locations":[{"start":{"line":173,"column":7},"end":{"line":173,"column":25}},{"start":{"line":173,"column":25},"end":{"line":173,"column":33}},{"start":{"line":174,"column":8},"end":{"line":178,"column":null}}]},"14":{"loc":{"start":{"line":173,"column":8},"end":{"line":173,"column":21}},"type":"cond-expr","locations":[{"start":{"line":173,"column":12},"end":{"line":173,"column":14}},{"start":{"line":173,"column":8},"end":{"line":173,"column":21}}]},"15":{"loc":{"start":{"line":173,"column":8},"end":{"line":173,"column":14}},"type":"binary-expr","locations":[{"start":{"line":173,"column":8},"end":{"line":173,"column":14}},{"start":{"line":173,"column":8},"end":{"line":173,"column":14}}]},"16":{"loc":{"start":{"line":182,"column":7},"end":{"line":281,"column":null}},"type":"binary-expr","locations":[{"start":{"line":182,"column":7},"end":{"line":182,"column":20}},{"start":{"line":183,"column":8},"end":{"line":280,"column":null}}]},"17":{"loc":{"start":{"line":182,"column":7},"end":{"line":182,"column":20}},"type":"cond-expr","locations":[{"start":{"line":182,"column":11},"end":{"line":182,"column":13}},{"start":{"line":182,"column":7},"end":{"line":182,"column":20}}]},"18":{"loc":{"start":{"line":182,"column":7},"end":{"line":182,"column":13}},"type":"binary-expr","locations":[{"start":{"line":182,"column":7},"end":{"line":182,"column":13}},{"start":{"line":182,"column":7},"end":{"line":182,"column":13}}]},"19":{"loc":{"start":{"line":195,"column":17},"end":{"line":196,"column":null}},"type":"binary-expr","locations":[{"start":{"line":195,"column":17},"end":{"line":195,"column":29}},{"start":{"line":196,"column":18},"end":{"line":196,"column":80}}]},"20":{"loc":{"start":{"line":203,"column":13},"end":{"line":203,"column":87}},"type":"binary-expr","locations":[{"start":{"line":203,"column":13},"end":{"line":203,"column":25}},{"start":{"line":203,"column":29},"end":{"line":203,"column":87}}]},"21":{"loc":{"start":{"line":219,"column":20},"end":{"line":221,"column":null}},"type":"cond-expr","locations":[{"start":{"line":220,"column":24},"end":{"line":220,"column":87}},{"start":{"line":221,"column":24},"end":{"line":221,"column":null}}]},"22":{"loc":{"start":{"line":265,"column":11},"end":{"line":279,"column":null}},"type":"cond-expr","locations":[{"start":{"line":266,"column":12},"end":{"line":274,"column":null}},{"start":{"line":277,"column":12},"end":{"line":278,"column":null}}]}},"s":{"0":0,"1":0,"2":0,"3":0,"4":0,"5":0,"6":0,"7":0,"8":0,"9":0,"10":0,"11":0,"12":0,"13":0,"14":0,"15":0,"16":0,"17":0,"18":0,"19":0,"20":0,"21":0,"22":0,"23":0,"24":0,"25":0,"26":0,"27":0,"28":0,"29":0,"30":0,"31":0,"32":0,"33":0,"34":0,"35":0,"36":0,"37":0,"38":0,"39":0,"40":0,"41":0,"42":0},"f":{"0":0,"1":0,"2":0,"3":0,"4":0,"5":0,"6":0,"7":0,"8":0,"9":0,"10":0,"11":0,"12":0,"13":0,"14":0,"15":0,"16":0,"17":0,"18":0,"19":0},"b":{"0":[0,0],"1":[0,0],"2":[0,0],"3":[0,0],"4":[0,0],"5":[0,0],"6":[0,0],"7":[0,0],"8":[0,0],"9":[0,0],"10":[0,0],"11":[0,0],"12":[0,0],"13":[0,0,0],"14":[0,0],"15":[0,0],"16":[0,0],"17":[0,0],"18":[0,0],"19":[0,0],"20":[0,0],"21":[0,0],"22":[0,0]}}
,"/Users/matt/Desktop/disneyWebsite/src/app/api/accuracy/route.ts": {"path":"/Users/matt/Desktop/disneyWebsite/src/app/api/accuracy/route.ts","statementMap":{"0":{"start":{"line":44,"column":0},"end":{"line":44,"column":7}},"1":{"start":{"line":1,"column":0},"end":{"line":1,"column":34}},"2":{"start":{"line":2,"column":0},"end":{"line":2,"column":40}},"3":{"start":{"line":16,"column":13},"end":{"line":16,"column":39}},"4":{"start":{"line":18,"column":22},"end":{"line":18,"column":26}},"5":{"start":{"line":20,"column":18},"end":{"line":28,"column":2}},"6":{"start":{"line":31,"column":2},"end":{"line":31,"column":80}},"7":{"start":{"line":47,"column":15},"end":{"line":64,"column":4}},"8":{"start":{"line":66,"column":2},"end":{"line":68,"column":3}},"9":{"start":{"line":67,"column":4},"end":{"line":67,"column":79}},"10":{"start":{"line":71,"column":17},"end":{"line":71,"column":52}},"11":{"start":{"line":71,"column":33},"end":{"line":71,"column":51}},"12":{"start":{"line":72,"column":14},"end":{"line":72,"column":63}},"13":{"start":{"line":72,"column":38},"end":{"line":72,"column":43}},"14":{"start":{"line":73,"column":18},"end":{"line":73,"column":69}},"15":{"start":{"line":73,"column":39},"end":{"line":73,"column":45}},"16":{"start":{"line":74,"column":19},"end":{"line":74,"column":71}},"17":{"start":{"line":74,"column":40},"end":{"line":74,"column":47}},"18":{"start":{"line":75,"column":19},"end":{"line":75,"column":71}},"19":{"start":{"line":75,"column":40},"end":{"line":75,"column":47}},"20":{"start":{"line":81,"column":6},"end":{"line":81,"column":8}},"21":{"start":{"line":82,"column":2},"end":{"line":93,"column":3}},"22":{"start":{"line":83,"column":15},"end":{"line":83,"column":33}},"23":{"start":{"line":84,"column":4},"end":{"line":91,"column":5}},"24":{"start":{"line":85,"column":6},"end":{"line":90,"column":8}},"25":{"start":{"line":92,"column":4},"end":{"line":92,"column":50}},"26":{"start":{"line":94,"column":18},"end":{"line":105,"column":34}},"27":{"start":{"line":95,"column":23},"end":{"line":104,"column":6}},"28":{"start":{"line":100,"column":37},"end":{"line":100,"column":42}},"29":{"start":{"line":102,"column":31},"end":{"line":102,"column":38}},"30":{"start":{"line":105,"column":20},"end":{"line":105,"column":33}},"31":{"start":{"line":107,"column":25},"end":{"line":116,"column":5}},"32":{"start":{"line":107,"column":42},"end":{"line":116,"column":4}},"33":{"start":{"line":118,"column":2},"end":{"line":122,"column":20}}},"fnMap":{"0":{"name":"getParkName","decl":{"start":{"line":30,"column":9},"end":{"line":30,"column":20}},"loc":{"start":{"line":30,"column":37},"end":{"line":32,"column":1}}},"1":{"name":"GET","decl":{"start":{"line":44,"column":22},"end":{"line":44,"column":25}},"loc":{"start":{"line":44,"column":25},"end":{"line":123,"column":1}}},"2":{"name":"(anonymous_2)","decl":{"start":{"line":71,"column":26},"end":{"line":71,"column":27}},"loc":{"start":{"line":71,"column":33},"end":{"line":71,"column":51}}},"3":{"name":"(anonymous_3)","decl":{"start":{"line":72,"column":28},"end":{"line":72,"column":29}},"loc":{"start":{"line":72,"column":38},"end":{"line":72,"column":43}}},"4":{"name":"(anonymous_4)","decl":{"start":{"line":73,"column":32},"end":{"line":73,"column":33}},"loc":{"start":{"line":73,"column":39},"end":{"line":73,"column":45}}},"5":{"name":"(anonymous_5)","decl":{"start":{"line":74,"column":33},"end":{"line":74,"column":34}},"loc":{"start":{"line":74,"column":40},"end":{"line":74,"column":47}}},"6":{"name":"(anonymous_6)","decl":{"start":{"line":75,"column":33},"end":{"line":75,"column":34}},"loc":{"start":{"line":75,"column":40},"end":{"line":75,"column":47}}},"7":{"name":"(anonymous_7)","decl":{"start":{"line":95,"column":9},"end":{"line":95,"column":10}},"loc":{"start":{"line":95,"column":23},"end":{"line":104,"column":6}}},"8":{"name":"(anonymous_8)","decl":{"start":{"line":100,"column":27},"end":{"line":100,"column":28}},"loc":{"start":{"line":100,"column":37},"end":{"line":100,"column":42}}},"9":{"name":"(anonymous_9)","decl":{"start":{"line":102,"column":24},"end":{"line":102,"column":25}},"loc":{"start":{"line":102,"column":31},"end":{"line":102,"column":38}}},"10":{"name":"(anonymous_10)","decl":{"start":{"line":105,"column":10},"end":{"line":105,"column":11}},"loc":{"start":{"line":105,"column":20},"end":{"line":105,"column":33}}},"11":{"name":"(anonymous_11)","decl":{"start":{"line":107,"column":34},"end":{"line":107,"column":35}},"loc":{"start":{"line":107,"column":42},"end":{"line":116,"column":4}}}},"branchMap":{"0":{"loc":{"start":{"line":31,"column":9},"end":{"line":31,"column":79}},"type":"cond-expr","locations":[{"start":{"line":31,"column":35},"end":{"line":31,"column":64}},{"start":{"line":31,"column":67},"end":{"line":31,"column":79}}]},"1":{"loc":{"start":{"line":66,"column":2},"end":{"line":68,"column":3}},"type":"if","locations":[{"start":{"line":66,"column":2},"end":{"line":68,"column":3}},{"start":{},"end":{}}]},"2":{"loc":{"start":{"line":84,"column":4},"end":{"line":91,"column":5}},"type":"if","locations":[{"start":{"line":84,"column":4},"end":{"line":91,"column":5}},{"start":{},"end":{}}]},"3":{"loc":{"start":{"line":110,"column":18},"end":{"line":112,"column":30}},"type":"cond-expr","locations":[{"start":{"line":111,"column":8},"end":{"line":111,"column":36}},{"start":{"line":112,"column":8},"end":{"line":112,"column":30}}]}},"s":{"0":1,"1":1,"2":1,"3":1,"4":1,"5":1,"6":18,"7":16,"8":16,"9":1,"10":15,"11":25,"12":15,"13":25,"14":15,"15":25,"16":15,"17":25,"18":15,"19":25,"20":15,"21":15,"22":25,"23":25,"24":18,"25":25,"26":15,"27":18,"28":25,"29":25,"30":4,"31":15,"32":25,"33":15},"f":{"0":18,"1":16,"2":25,"3":25,"4":25,"5":25,"6":25,"7":18,"8":25,"9":25,"10":4,"11":25},"b":{"0":[4,14],"1":[1,15],"2":[18,7],"3":[24,1]}}
,"/Users/matt/Desktop/disneyWebsite/src/app/api/admin/date-context/route.ts": {"path":"/Users/matt/Desktop/disneyWebsite/src/app/api/admin/date-context/route.ts","statementMap":{"0":{"start":{"line":7,"column":0},"end":{"line":7,"column":7}},"1":{"start":{"line":1,"column":0},"end":{"line":1,"column":56}},"2":{"start":{"line":2,"column":0},"end":{"line":2,"column":34}},"3":{"start":{"line":3,"column":0},"end":{"line":3,"column":43}},"4":{"start":{"line":5,"column":13},"end":{"line":5,"column":28}},"5":{"start":{"line":8,"column":17},"end":{"line":8,"column":35}},"6":{"start":{"line":9,"column":2},"end":{"line":9,"column":28}},"7":{"start":{"line":9,"column":14},"end":{"line":9,"column":28}},"8":{"start":{"line":11,"column":27},"end":{"line":11,"column":38}},"9":{"start":{"line":14,"column":24},"end":{"line":14,"column":62}},"10":{"start":{"line":15,"column":15},"end":{"line":17,"column":8}},"11":{"start":{"line":18,"column":16},"end":{"line":18,"column":26}},"12":{"start":{"line":19,"column":2},"end":{"line":19,"column":29}},"13":{"start":{"line":20,"column":14},"end":{"line":20,"column":59}},"14":{"start":{"line":22,"column":15},"end":{"line":34,"column":4}},"15":{"start":{"line":36,"column":2},"end":{"line":36,"column":63}}},"fnMap":{"0":{"name":"GET","decl":{"start":{"line":7,"column":22},"end":{"line":7,"column":25}},"loc":{"start":{"line":7,"column":42},"end":{"line":37,"column":1}}}},"branchMap":{"0":{"loc":{"start":{"line":9,"column":2},"end":{"line":9,"column":28}},"type":"if","locations":[{"start":{"line":9,"column":2},"end":{"line":9,"column":28}},{"start":{},"end":{}}]},"1":{"loc":{"start":{"line":14,"column":31},"end":{"line":14,"column":61}},"type":"cond-expr","locations":[{"start":{"line":14,"column":55},"end":{"line":14,"column":59}},{"start":{"line":14,"column":59},"end":{"line":14,"column":61}}]},"2":{"loc":{"start":{"line":14,"column":31},"end":{"line":14,"column":59}},"type":"binary-expr","locations":[{"start":{"line":14,"column":31},"end":{"line":14,"column":59}},{"start":{"line":14,"column":55},"end":{"line":14,"column":59}}]},"3":{"loc":{"start":{"line":15,"column":15},"end":{"line":17,"column":8}},"type":"cond-expr","locations":[{"start":{"line":16,"column":6},"end":{"line":16,"column":59}},{"start":{"line":17,"column":6},"end":{"line":17,"column":8}}]}},"s":{"0":0,"1":0,"2":0,"3":0,"4":0,"5":0,"6":0,"7":0,"8":0,"9":0,"10":0,"11":0,"12":0,"13":0,"14":0,"15":0},"f":{"0":0},"b":{"0":[0,0],"1":[0,0],"2":[0,0],"3":[0,0]}}
,"/Users/matt/Desktop/disneyWebsite/src/app/api/calendar/route.ts": {"path":"/Users/matt/Desktop/disneyWebsite/src/app/api/calendar/route.ts","statementMap":{"0":{"start":{"line":22,"column":0},"end":{"line":22,"column":7}},"1":{"start":{"line":1,"column":0},"end":{"line":1,"column":56}},"2":{"start":{"line":2,"column":0},"end":{"line":2,"column":24}},"3":{"start":{"line":3,"column":0},"end":{"line":3,"column":40}},"4":{"start":{"line":4,"column":0},"end":{"line":4,"column":56}},"5":{"start":{"line":5,"column":0},"end":{"line":5,"column":52}},"6":{"start":{"line":6,"column":0},"end":{"line":6,"column":34}},"7":{"start":{"line":7,"column":0},"end":{"line":7,"column":46}},"8":{"start":{"line":8,"column":0},"end":{"line":8,"column":61}},"9":{"start":{"line":9,"column":0},"end":{"line":9,"column":40}},"10":{"start":{"line":12,"column":22},"end":{"line":12,"column":26}},"11":{"start":{"line":15,"column":19},"end":{"line":15,"column":50}},"12":{"start":{"line":17,"column":20},"end":{"line":20,"column":2}},"13":{"start":{"line":23,"column":16},"end":{"line":23,"column":58}},"14":{"start":{"line":24,"column":2},"end":{"line":29,"column":3}},"15":{"start":{"line":25,"column":4},"end":{"line":28,"column":6}},"16":{"start":{"line":31,"column":27},"end":{"line":31,"column":38}},"17":{"start":{"line":32,"column":17},"end":{"line":35,"column":4}},"18":{"start":{"line":37,"column":2},"end":{"line":39,"column":3}},"19":{"start":{"line":38,"column":4},"end":{"line":38,"column":93}},"20":{"start":{"line":41,"column":26},"end":{"line":41,"column":37}},"21":{"start":{"line":42,"column":15},"end":{"line":42,"column":56}},"22":{"start":{"line":44,"column":25},"end":{"line":44,"column":60}},"23":{"start":{"line":44,"column":42},"end":{"line":44,"column":59}},"24":{"start":{"line":45,"column":2},"end":{"line":84,"column":3}},"25":{"start":{"line":46,"column":39},"end":{"line":46,"column":48}},"26":{"start":{"line":48,"column":25},"end":{"line":48,"column":71}},"27":{"start":{"line":49,"column":19},"end":{"line":53,"column":6}},"28":{"start":{"line":55,"column":4},"end":{"line":75,"column":5}},"29":{"start":{"line":56,"column":18},"end":{"line":56,"column":66}},"30":{"start":{"line":57,"column":6},"end":{"line":59,"column":7}},"31":{"start":{"line":58,"column":8},"end":{"line":58,"column":61}},"32":{"start":{"line":58,"column":35},"end":{"line":58,"column":61}},"33":{"start":{"line":61,"column":6},"end":{"line":74,"column":7}},"34":{"start":{"line":62,"column":8},"end":{"line":62,"column":49}},"35":{"start":{"line":63,"column":8},"end":{"line":71,"column":9}},"36":{"start":{"line":64,"column":24},"end":{"line":64,"column":34}},"37":{"start":{"line":65,"column":10},"end":{"line":65,"column":37}},"38":{"start":{"line":66,"column":10},"end":{"line":70,"column":13}},"39":{"start":{"line":77,"column":23},"end":{"line":82,"column":6}},"40":{"start":{"line":78,"column":6},"end":{"line":78,"column":64}},"41":{"start":{"line":78,"column":53},"end":{"line":78,"column":64}},"42":{"start":{"line":79,"column":18},"end":{"line":79,"column":39}},"43":{"start":{"line":80,"column":20},"end":{"line":80,"column":36}},"44":{"start":{"line":81,"column":6},"end":{"line":81,"column":96}},"45":{"start":{"line":83,"column":4},"end":{"line":83,"column":72}},"46":{"start":{"line":86,"column":2},"end":{"line":86,"column":58}}},"fnMap":{"0":{"name":"GET","decl":{"start":{"line":22,"column":22},"end":{"line":22,"column":25}},"loc":{"start":{"line":22,"column":42},"end":{"line":87,"column":1}}},"1":{"name":"(anonymous_1)","decl":{"start":{"line":44,"column":35},"end":{"line":44,"column":36}},"loc":{"start":{"line":44,"column":42},"end":{"line":44,"column":59}}},"2":{"name":"(anonymous_2)","decl":{"start":{"line":77,"column":32},"end":{"line":77,"column":33}},"loc":{"start":{"line":77,"column":40},"end":{"line":82,"column":5}}}},"branchMap":{"0":{"loc":{"start":{"line":24,"column":2},"end":{"line":29,"column":3}},"type":"if","locations":[{"start":{"line":24,"column":2},"end":{"line":29,"column":3}},{"start":{},"end":{}}]},"1":{"loc":{"start":{"line":37,"column":2},"end":{"line":39,"column":3}},"type":"if","locations":[{"start":{"line":37,"column":2},"end":{"line":39,"column":3}},{"start":{},"end":{}}]},"2":{"loc":{"start":{"line":45,"column":2},"end":{"line":84,"column":3}},"type":"if","locations":[{"start":{"line":45,"column":2},"end":{"line":84,"column":3}},{"start":{},"end":{}}]},"3":{"loc":{"start":{"line":55,"column":4},"end":{"line":75,"column":5}},"type":"if","locations":[{"start":{"line":55,"column":4},"end":{"line":75,"column":5}},{"start":{"line":60,"column":11},"end":{"line":75,"column":5}}]},"4":{"loc":{"start":{"line":55,"column":8},"end":{"line":55,"column":31}},"type":"cond-expr","locations":[{"start":{"line":55,"column":14},"end":{"line":55,"column":16}},{"start":{"line":55,"column":8},"end":{"line":55,"column":31}}]},"5":{"loc":{"start":{"line":55,"column":8},"end":{"line":55,"column":16}},"type":"binary-expr","locations":[{"start":{"line":55,"column":8},"end":{"line":55,"column":16}},{"start":{"line":55,"column":8},"end":{"line":55,"column":16}}]},"6":{"loc":{"start":{"line":58,"column":8},"end":{"line":58,"column":61}},"type":"if","locations":[{"start":{"line":58,"column":8},"end":{"line":58,"column":61}},{"start":{},"end":{}}]},"7":{"loc":{"start":{"line":63,"column":8},"end":{"line":71,"column":9}},"type":"if","locations":[{"start":{"line":63,"column":8},"end":{"line":71,"column":9}},{"start":{},"end":{}}]},"8":{"loc":{"start":{"line":78,"column":6},"end":{"line":78,"column":64}},"type":"if","locations":[{"start":{"line":78,"column":6},"end":{"line":78,"column":64}},{"start":{},"end":{}}]},"9":{"loc":{"start":{"line":78,"column":10},"end":{"line":78,"column":51}},"type":"binary-expr","locations":[{"start":{"line":78,"column":10},"end":{"line":78,"column":29}},{"start":{"line":78,"column":33},"end":{"line":78,"column":51}}]},"10":{"loc":{"start":{"line":81,"column":13},"end":{"line":81,"column":95}},"type":"cond-expr","locations":[{"start":{"line":81,"column":34},"end":{"line":81,"column":90}},{"start":{"line":81,"column":92},"end":{"line":81,"column":95}}]}},"s":{"0":1,"1":1,"2":1,"3":1,"4":1,"5":1,"6":1,"7":1,"8":1,"9":1,"10":1,"11":1,"12":1,"13":8,"14":8,"15":0,"16":8,"17":8,"18":8,"19":3,"20":5,"21":5,"22":5,"23":35,"24":5,"25":4,"26":4,"27":4,"28":4,"29":2,"30":2,"31":8,"32":8,"33":2,"34":2,"35":1,"36":1,"37":1,"38":1,"39":4,"40":64,"41":53,"42":11,"43":11,"44":11,"45":4,"46":1},"f":{"0":8,"1":35,"2":64},"b":{"0":[0,8],"1":[3,5],"2":[4,1],"3":[2,2],"4":[2,2],"5":[4,2],"6":[8,0],"7":[1,0],"8":[53,11],"9":[64,12],"10":[11,0]}}
,"/Users/matt/Desktop/disneyWebsite/src/app/api/chat/route.ts": {"path":"/Users/matt/Desktop/disneyWebsite/src/app/api/chat/route.ts","statementMap":{"0":{"start":{"line":31,"column":0},"end":{"line":31,"column":7}},"1":{"start":{"line":1,"column":0},"end":{"line":1,"column":56}},"2":{"start":{"line":2,"column":0},"end":{"line":2,"column":24}},"3":{"start":{"line":3,"column":0},"end":{"line":3,"column":28}},"4":{"start":{"line":4,"column":0},"end":{"line":4,"column":51}},"5":{"start":{"line":5,"column":0},"end":{"line":5,"column":54}},"6":{"start":{"line":6,"column":0},"end":{"line":6,"column":51}},"7":{"start":{"line":7,"column":0},"end":{"line":7,"column":61}},"8":{"start":{"line":10,"column":19},"end":{"line":10,"column":50}},"9":{"start":{"line":13,"column":17},"end":{"line":13,"column":41}},"10":{"start":{"line":15,"column":2},"end":{"line":17,"column":3}},"11":{"start":{"line":16,"column":4},"end":{"line":16,"column":48}},"12":{"start":{"line":19,"column":2},"end":{"line":19,"column":30}},"13":{"start":{"line":22,"column":19},"end":{"line":29,"column":2}},"14":{"start":{"line":34,"column":2},"end":{"line":39,"column":3}},"15":{"start":{"line":35,"column":4},"end":{"line":38,"column":6}},"16":{"start":{"line":41,"column":16},"end":{"line":41,"column":58}},"17":{"start":{"line":42,"column":2},"end":{"line":47,"column":3}},"18":{"start":{"line":43,"column":4},"end":{"line":46,"column":6}},"19":{"start":{"line":49,"column":15},"end":{"line":49,"column":49}},"20":{"start":{"line":49,"column":44},"end":{"line":49,"column":48}},"21":{"start":{"line":50,"column":17},"end":{"line":50,"column":43}},"22":{"start":{"line":52,"column":2},"end":{"line":57,"column":3}},"23":{"start":{"line":53,"column":4},"end":{"line":56,"column":6}},"24":{"start":{"line":59,"column":34},"end":{"line":62,"column":4}},"25":{"start":{"line":64,"column":16},"end":{"line":64,"column":71}},"26":{"start":{"line":65,"column":16},"end":{"line":65,"column":75}},"27":{"start":{"line":66,"column":23},"end":{"line":66,"column":70}},"28":{"start":{"line":67,"column":15},"end":{"line":67,"column":30}},"29":{"start":{"line":69,"column":17},"end":{"line":77,"column":4}},"30":{"start":{"line":79,"column":18},"end":{"line":79,"column":35}},"31":{"start":{"line":80,"column":19},"end":{"line":95,"column":4}},"32":{"start":{"line":82,"column":6},"end":{"line":93,"column":7}},"33":{"start":{"line":83,"column":8},"end":{"line":86,"column":9}},"34":{"start":{"line":83,"column":34},"end":{"line":83,"column":40}},"35":{"start":{"line":83,"column":34},"end":{"line":83,"column":42}},"36":{"start":{"line":83,"column":30},"end":{"line":83,"column":34}},"37":{"start":{"line":84,"column":23},"end":{"line":84,"column":61}},"38":{"start":{"line":85,"column":10},"end":{"line":85,"column":61}},"39":{"start":{"line":85,"column":20},"end":{"line":85,"column":61}},"40":{"start":{"line":87,"column":8},"end":{"line":87,"column":27}},"41":{"start":{"line":92,"column":8},"end":{"line":92,"column":30}},"42":{"start":{"line":97,"column":2},"end":{"line":103,"column":5}}},"fnMap":{"0":{"name":"getGroqClient","decl":{"start":{"line":12,"column":9},"end":{"line":12,"column":22}},"loc":{"start":{"line":12,"column":22},"end":{"line":20,"column":1}}},"1":{"name":"POST","decl":{"start":{"line":31,"column":22},"end":{"line":31,"column":26}},"loc":{"start":{"line":31,"column":43},"end":{"line":104,"column":1}}},"2":{"name":"(anonymous_10)","decl":{"start":{"line":49,"column":38},"end":{"line":49,"column":41}},"loc":{"start":{"line":49,"column":44},"end":{"line":49,"column":48}}},"3":{"name":"(anonymous_11)","decl":{"start":{"line":81,"column":4},"end":{"line":81,"column":9}},"loc":{"start":{"line":81,"column":26},"end":{"line":94,"column":5}}}},"branchMap":{"0":{"loc":{"start":{"line":15,"column":2},"end":{"line":17,"column":3}},"type":"if","locations":[{"start":{"line":15,"column":2},"end":{"line":17,"column":3}},{"start":{},"end":{}}]},"1":{"loc":{"start":{"line":34,"column":2},"end":{"line":39,"column":3}},"type":"if","locations":[{"start":{"line":34,"column":2},"end":{"line":39,"column":3}},{"start":{},"end":{}}]},"2":{"loc":{"start":{"line":42,"column":2},"end":{"line":47,"column":3}},"type":"if","locations":[{"start":{"line":42,"column":2},"end":{"line":47,"column":3}},{"start":{},"end":{}}]},"3":{"loc":{"start":{"line":52,"column":2},"end":{"line":57,"column":3}},"type":"if","locations":[{"start":{"line":52,"column":2},"end":{"line":57,"column":3}},{"start":{},"end":{}}]},"4":{"loc":{"start":{"line":64,"column":16},"end":{"line":64,"column":71}},"type":"cond-expr","locations":[{"start":{"line":64,"column":51},"end":{"line":64,"column":66}},{"start":{"line":64,"column":69},"end":{"line":64,"column":71}}]},"5":{"loc":{"start":{"line":65,"column":16},"end":{"line":65,"column":75}},"type":"cond-expr","locations":[{"start":{"line":65,"column":52},"end":{"line":65,"column":68}},{"start":{"line":65,"column":71},"end":{"line":65,"column":75}}]},"6":{"loc":{"start":{"line":84,"column":23},"end":{"line":84,"column":61}},"type":"cond-expr","locations":[{"start":{"line":84,"column":55},"end":{"line":84,"column":59}},{"start":{"line":84,"column":59},"end":{"line":84,"column":61}}]},"7":{"loc":{"start":{"line":84,"column":23},"end":{"line":84,"column":59}},"type":"binary-expr","locations":[{"start":{"line":84,"column":23},"end":{"line":84,"column":59}},{"start":{"line":84,"column":55},"end":{"line":84,"column":59}}]},"8":{"loc":{"start":{"line":84,"column":23},"end":{"line":84,"column":55}},"type":"cond-expr","locations":[{"start":{"line":84,"column":46},"end":{"line":84,"column":48}},{"start":{"line":84,"column":46},"end":{"line":84,"column":55}}]},"9":{"loc":{"start":{"line":84,"column":23},"end":{"line":84,"column":48}},"type":"binary-expr","locations":[{"start":{"line":84,"column":23},"end":{"line":84,"column":48}},{"start":{"line":84,"column":46},"end":{"line":84,"column":48}}]},"10":{"loc":{"start":{"line":84,"column":23},"end":{"line":84,"column":46}},"type":"cond-expr","locations":[{"start":{"line":84,"column":39},"end":{"line":84,"column":41}},{"start":{"line":84,"column":39},"end":{"line":84,"column":46}}]},"11":{"loc":{"start":{"line":84,"column":23},"end":{"line":84,"column":41}},"type":"binary-expr","locations":[{"start":{"line":84,"column":23},"end":{"line":84,"column":41}},{"start":{"line":84,"column":39},"end":{"line":84,"column":41}}]},"12":{"loc":{"start":{"line":85,"column":10},"end":{"line":85,"column":61}},"type":"if","locations":[{"start":{"line":85,"column":10},"end":{"line":85,"column":61}},{"start":{},"end":{}}]}},"s":{"0":0,"1":0,"2":0,"3":0,"4":0,"5":0,"6":0,"7":0,"8":0,"9":0,"10":0,"11":0,"12":0,"13":0,"14":0,"15":0,"16":0,"17":0,"18":0,"19":0,"20":0,"21":0,"22":0,"23":0,"24":0,"25":0,"26":0,"27":0,"28":0,"29":0,"30":0,"31":0,"32":0,"33":0,"34":0,"35":0,"36":0,"37":0,"38":0,"39":0,"40":0,"41":0,"42":0},"f":{"0":0,"1":0,"2":0,"3":0},"b":{"0":[0,0],"1":[0,0],"2":[0,0],"3":[0,0],"4":[0,0],"5":[0,0],"6":[0,0],"7":[0,0],"8":[0,0],"9":[0,0],"10":[0,0],"11":[0,0],"12":[0,0]}}
,"/Users/matt/Desktop/disneyWebsite/src/app/api/cron/sync-date-context/route.ts": {"path":"/Users/matt/Desktop/disneyWebsite/src/app/api/cron/sync-date-context/route.ts","statementMap":{"0":{"start":{"line":7,"column":0},"end":{"line":7,"column":7}},"1":{"start":{"line":1,"column":0},"end":{"line":1,"column":56}},"2":{"start":{"line":2,"column":0},"end":{"line":2,"column":74}},"3":{"start":{"line":3,"column":0},"end":{"line":3,"column":43}},"4":{"start":{"line":5,"column":13},"end":{"line":5,"column":39}},"5":{"start":{"line":8,"column":17},"end":{"line":8,"column":35}},"6":{"start":{"line":9,"column":2},"end":{"line":9,"column":28}},"7":{"start":{"line":9,"column":14},"end":{"line":9,"column":28}},"8":{"start":{"line":11,"column":2},"end":{"line":22,"column":3}},"9":{"start":{"line":12,"column":23},"end":{"line":12,"column":49}},"10":{"start":{"line":14,"column":21},"end":{"line":14,"column":36}},"11":{"start":{"line":15,"column":4},"end":{"line":17,"column":31}},"12":{"start":{"line":16,"column":6},"end":{"line":16,"column":50}},"13":{"start":{"line":18,"column":4},"end":{"line":18,"column":73}},"14":{"start":{"line":20,"column":20},"end":{"line":20,"column":68}},"15":{"start":{"line":21,"column":4},"end":{"line":21,"column":66}}},"fnMap":{"0":{"name":"GET","decl":{"start":{"line":7,"column":22},"end":{"line":7,"column":25}},"loc":{"start":{"line":7,"column":42},"end":{"line":23,"column":1}}}},"branchMap":{"0":{"loc":{"start":{"line":9,"column":2},"end":{"line":9,"column":28}},"type":"if","locations":[{"start":{"line":9,"column":2},"end":{"line":9,"column":28}},{"start":{},"end":{}}]},"1":{"loc":{"start":{"line":20,"column":20},"end":{"line":20,"column":68}},"type":"cond-expr","locations":[{"start":{"line":20,"column":43},"end":{"line":20,"column":54}},{"start":{"line":20,"column":57},"end":{"line":20,"column":68}}]}},"s":{"0":0,"1":0,"2":0,"3":0,"4":0,"5":0,"6":0,"7":0,"8":0,"9":0,"10":0,"11":0,"12":0,"13":0,"14":0,"15":0},"f":{"0":0},"b":{"0":[0,0],"1":[0,0]}}
,"/Users/matt/Desktop/disneyWebsite/src/app/api/forecast/route.ts": {"path":"/Users/matt/Desktop/disneyWebsite/src/app/api/forecast/route.ts","statementMap":{"0":{"start":{"line":28,"column":0},"end":{"line":28,"column":7}},"1":{"start":{"line":1,"column":0},"end":{"line":1,"column":56}},"2":{"start":{"line":2,"column":0},"end":{"line":2,"column":24}},"3":{"start":{"line":3,"column":0},"end":{"line":3,"column":101}},"4":{"start":{"line":4,"column":0},"end":{"line":4,"column":77}},"5":{"start":{"line":5,"column":0},"end":{"line":5,"column":79}},"6":{"start":{"line":6,"column":0},"end":{"line":6,"column":45}},"7":{"start":{"line":7,"column":0},"end":{"line":7,"column":51}},"8":{"start":{"line":8,"column":0},"end":{"line":8,"column":34}},"9":{"start":{"line":9,"column":0},"end":{"line":9,"column":61}},"10":{"start":{"line":10,"column":0},"end":{"line":10,"column":40}},"11":{"start":{"line":13,"column":22},"end":{"line":13,"column":26}},"12":{"start":{"line":19,"column":19},"end":{"line":19,"column":50}},"13":{"start":{"line":21,"column":20},"end":{"line":26,"column":2}},"14":{"start":{"line":25,"column":19},"end":{"line":25,"column":39}},"15":{"start":{"line":29,"column":16},"end":{"line":29,"column":58}},"16":{"start":{"line":30,"column":2},"end":{"line":35,"column":3}},"17":{"start":{"line":31,"column":4},"end":{"line":34,"column":6}},"18":{"start":{"line":37,"column":27},"end":{"line":37,"column":38}},"19":{"start":{"line":38,"column":17},"end":{"line":38,"column":74}},"20":{"start":{"line":40,"column":2},"end":{"line":45,"column":3}},"21":{"start":{"line":41,"column":4},"end":{"line":44,"column":6}},"22":{"start":{"line":47,"column":18},"end":{"line":47,"column":34}},"23":{"start":{"line":48,"column":15},"end":{"line":48,"column":46}},"24":{"start":{"line":49,"column":43},"end":{"line":56,"column":4}},"25":{"start":{"line":59,"column":4},"end":{"line":61,"column":12}},"26":{"start":{"line":60,"column":46},"end":{"line":60,"column":62}},"27":{"start":{"line":63,"column":25},"end":{"line":63,"column":53}},"28":{"start":{"line":65,"column":4},"end":{"line":67,"column":12}},"29":{"start":{"line":69,"column":24},"end":{"line":69,"column":82}},"30":{"start":{"line":69,"column":72},"end":{"line":69,"column":81}},"31":{"start":{"line":70,"column":26},"end":{"line":70,"column":54}},"32":{"start":{"line":72,"column":2},"end":{"line":126,"column":3}},"33":{"start":{"line":73,"column":28},"end":{"line":73,"column":68}},"34":{"start":{"line":75,"column":4},"end":{"line":106,"column":5}},"35":{"start":{"line":76,"column":23},"end":{"line":76,"column":54}},"36":{"start":{"line":77,"column":33},"end":{"line":85,"column":9}},"37":{"start":{"line":77,"column":61},"end":{"line":85,"column":8}},"38":{"start":{"line":88,"column":8},"end":{"line":88,"column":95}},"39":{"start":{"line":88,"column":44},"end":{"line":88,"column":63}},"40":{"start":{"line":89,"column":34},"end":{"line":89,"column":59}},"41":{"start":{"line":90,"column":6},"end":{"line":90,"column":78}},"42":{"start":{"line":90,"column":41},"end":{"line":90,"column":75}},"43":{"start":{"line":92,"column":42},"end":{"line":92,"column":46}},"44":{"start":{"line":93,"column":6},"end":{"line":95,"column":33}},"45":{"start":{"line":94,"column":8},"end":{"line":94,"column":94}},"46":{"start":{"line":97,"column":6},"end":{"line":105,"column":24}},"47":{"start":{"line":109,"column":40},"end":{"line":109,"column":44}},"48":{"start":{"line":110,"column":36},"end":{"line":110,"column":40}},"49":{"start":{"line":111,"column":4},"end":{"line":115,"column":31}},"50":{"start":{"line":112,"column":25},"end":{"line":112,"column":67}},"51":{"start":{"line":113,"column":6},"end":{"line":113,"column":36}},"52":{"start":{"line":114,"column":6},"end":{"line":114,"column":44}},"53":{"start":{"line":117,"column":4},"end":{"line":125,"column":22}},"54":{"start":{"line":128,"column":26},"end":{"line":136,"column":5}},"55":{"start":{"line":128,"column":48},"end":{"line":136,"column":4}},"56":{"start":{"line":139,"column":38},"end":{"line":139,"column":42}},"57":{"start":{"line":140,"column":2},"end":{"line":146,"column":3}},"58":{"start":{"line":141,"column":4},"end":{"line":145,"column":5}},"59":{"start":{"line":142,"column":6},"end":{"line":142,"column":80}},"60":{"start":{"line":148,"column":2},"end":{"line":158,"column":20}}},"fnMap":{"0":{"name":"(anonymous_0)","decl":{"start":{"line":25,"column":12},"end":{"line":25,"column":13}},"loc":{"start":{"line":25,"column":19},"end":{"line":25,"column":39}}},"1":{"name":"GET","decl":{"start":{"line":28,"column":22},"end":{"line":28,"column":25}},"loc":{"start":{"line":28,"column":42},"end":{"line":159,"column":1}}},"2":{"name":"(anonymous_2)","decl":{"start":{"line":60,"column":36},"end":{"line":60,"column":37}},"loc":{"start":{"line":60,"column":46},"end":{"line":60,"column":62}}},"3":{"name":"(anonymous_3)","decl":{"start":{"line":69,"column":65},"end":{"line":69,"column":66}},"loc":{"start":{"line":69,"column":72},"end":{"line":69,"column":81}}},"4":{"name":"(anonymous_4)","decl":{"start":{"line":77,"column":53},"end":{"line":77,"column":54}},"loc":{"start":{"line":77,"column":61},"end":{"line":85,"column":8}}},"5":{"name":"(anonymous_5)","decl":{"start":{"line":88,"column":34},"end":{"line":88,"column":35}},"loc":{"start":{"line":88,"column":44},"end":{"line":88,"column":63}}},"6":{"name":"(anonymous_6)","decl":{"start":{"line":90,"column":33},"end":{"line":90,"column":34}},"loc":{"start":{"line":90,"column":41},"end":{"line":90,"column":75}}},"7":{"name":"(anonymous_7)","decl":{"start":{"line":128,"column":40},"end":{"line":128,"column":41}},"loc":{"start":{"line":128,"column":48},"end":{"line":136,"column":4}}}},"branchMap":{"0":{"loc":{"start":{"line":30,"column":2},"end":{"line":35,"column":3}},"type":"if","locations":[{"start":{"line":30,"column":2},"end":{"line":35,"column":3}},{"start":{},"end":{}}]},"1":{"loc":{"start":{"line":40,"column":2},"end":{"line":45,"column":3}},"type":"if","locations":[{"start":{"line":40,"column":2},"end":{"line":45,"column":3}},{"start":{},"end":{}}]},"2":{"loc":{"start":{"line":59,"column":4},"end":{"line":61,"column":12}},"type":"cond-expr","locations":[{"start":{"line":60,"column":8},"end":{"line":60,"column":86}},{"start":{"line":61,"column":8},"end":{"line":61,"column":12}}]},"3":{"loc":{"start":{"line":63,"column":25},"end":{"line":63,"column":53}},"type":"cond-expr","locations":[{"start":{"line":63,"column":48},"end":{"line":63,"column":52}},{"start":{"line":63,"column":52},"end":{"line":63,"column":53}}]},"4":{"loc":{"start":{"line":63,"column":25},"end":{"line":63,"column":52}},"type":"binary-expr","locations":[{"start":{"line":63,"column":25},"end":{"line":63,"column":52}},{"start":{"line":63,"column":48},"end":{"line":63,"column":52}}]},"5":{"loc":{"start":{"line":63,"column":25},"end":{"line":63,"column":48}},"type":"cond-expr","locations":[{"start":{"line":63,"column":32},"end":{"line":63,"column":34}},{"start":{"line":63,"column":25},"end":{"line":63,"column":48}}]},"6":{"loc":{"start":{"line":63,"column":25},"end":{"line":63,"column":34}},"type":"binary-expr","locations":[{"start":{"line":63,"column":25},"end":{"line":63,"column":34}},{"start":{"line":63,"column":25},"end":{"line":63,"column":34}}]},"7":{"loc":{"start":{"line":65,"column":4},"end":{"line":67,"column":12}},"type":"cond-expr","locations":[{"start":{"line":66,"column":8},"end":{"line":66,"column":77}},{"start":{"line":67,"column":8},"end":{"line":67,"column":12}}]},"8":{"loc":{"start":{"line":69,"column":24},"end":{"line":69,"column":82}},"type":"binary-expr","locations":[{"start":{"line":69,"column":24},"end":{"line":69,"column":45}},{"start":{"line":69,"column":49},"end":{"line":69,"column":82}}]},"9":{"loc":{"start":{"line":70,"column":26},"end":{"line":70,"column":54}},"type":"cond-expr","locations":[{"start":{"line":70,"column":46},"end":{"line":70,"column":50}},{"start":{"line":70,"column":50},"end":{"line":70,"column":54}}]},"10":{"loc":{"start":{"line":70,"column":26},"end":{"line":70,"column":50}},"type":"binary-expr","locations":[{"start":{"line":70,"column":26},"end":{"line":70,"column":50}},{"start":{"line":70,"column":46},"end":{"line":70,"column":50}}]},"11":{"loc":{"start":{"line":70,"column":26},"end":{"line":70,"column":46}},"type":"cond-expr","locations":[{"start":{"line":70,"column":39},"end":{"line":70,"column":41}},{"start":{"line":70,"column":39},"end":{"line":70,"column":46}}]},"12":{"loc":{"start":{"line":70,"column":26},"end":{"line":70,"column":41}},"type":"binary-expr","locations":[{"start":{"line":70,"column":26},"end":{"line":70,"column":41}},{"start":{"line":70,"column":39},"end":{"line":70,"column":41}}]},"13":{"loc":{"start":{"line":72,"column":2},"end":{"line":126,"column":3}},"type":"if","locations":[{"start":{"line":72,"column":2},"end":{"line":126,"column":3}},{"start":{},"end":{}}]},"14":{"loc":{"start":{"line":75,"column":4},"end":{"line":106,"column":5}},"type":"if","locations":[{"start":{"line":75,"column":4},"end":{"line":106,"column":5}},{"start":{},"end":{}}]},"15":{"loc":{"start":{"line":140,"column":2},"end":{"line":146,"column":3}},"type":"if","locations":[{"start":{"line":140,"column":2},"end":{"line":146,"column":3}},{"start":{},"end":{}}]},"16":{"loc":{"start":{"line":151,"column":20},"end":{"line":151,"column":69}},"type":"cond-expr","locations":[{"start":{"line":151,"column":43},"end":{"line":151,"column":57}},{"start":{"line":151,"column":60},"end":{"line":151,"column":69}}]},"17":{"loc":{"start":{"line":152,"column":19},"end":{"line":152,"column":54}},"type":"cond-expr","locations":[{"start":{"line":152,"column":41},"end":{"line":152,"column":45}},{"start":{"line":152,"column":45},"end":{"line":152,"column":54}}]},"18":{"loc":{"start":{"line":152,"column":19},"end":{"line":152,"column":45}},"type":"binary-expr","locations":[{"start":{"line":152,"column":19},"end":{"line":152,"column":45}},{"start":{"line":152,"column":41},"end":{"line":152,"column":45}}]},"19":{"loc":{"start":{"line":152,"column":19},"end":{"line":152,"column":41}},"type":"cond-expr","locations":[{"start":{"line":152,"column":26},"end":{"line":152,"column":28}},{"start":{"line":152,"column":19},"end":{"line":152,"column":41}}]},"20":{"loc":{"start":{"line":152,"column":19},"end":{"line":152,"column":28}},"type":"binary-expr","locations":[{"start":{"line":152,"column":19},"end":{"line":152,"column":28}},{"start":{"line":152,"column":19},"end":{"line":152,"column":28}}]}},"s":{"0":1,"1":1,"2":1,"3":1,"4":1,"5":1,"6":1,"7":1,"8":1,"9":1,"10":1,"11":1,"12":1,"13":1,"14":55,"15":57,"16":57,"17":1,"18":56,"19":56,"20":56,"21":8,"22":48,"23":48,"24":48,"25":48,"26":42,"27":48,"28":48,"29":48,"30":47,"31":48,"32":48,"33":7,"34":7,"35":5,"36":5,"37":7,"38":5,"39":7,"40":5,"41":5,"42":7,"43":5,"44":5,"45":5,"46":5,"47":2,"48":2,"49":2,"50":2,"51":1,"52":1,"53":2,"54":41,"55":42,"56":41,"57":41,"58":41,"59":41,"60":41},"f":{"0":55,"1":57,"2":42,"3":47,"4":7,"5":7,"6":7,"7":42},"b":{"0":[1,56],"1":[8,48],"2":[41,7],"3":[4,44],"4":[48,48],"5":[44,4],"6":[48,4],"7":[41,7],"8":[48,47],"9":[47,1],"10":[48,48],"11":[1,47],"12":[48,48],"13":[7,41],"14":[5,2],"15":[41,0],"16":[3,38],"17":[2,39],"18":[41,39],"19":[37,4],"20":[41,4]}}
,"/Users/matt/Desktop/disneyWebsite/src/app/api/live/route.ts": {"path":"/Users/matt/Desktop/disneyWebsite/src/app/api/live/route.ts","statementMap":{"0":{"start":{"line":12,"column":0},"end":{"line":12,"column":7}},"1":{"start":{"line":1,"column":0},"end":{"line":1,"column":43}},"2":{"start":{"line":2,"column":0},"end":{"line":2,"column":51}},"3":{"start":{"line":3,"column":0},"end":{"line":3,"column":40}},"4":{"start":{"line":10,"column":22},"end":{"line":10,"column":25}},"5":{"start":{"line":13,"column":2},"end":{"line":19,"column":3}},"6":{"start":{"line":14,"column":18},"end":{"line":14,"column":40}},"7":{"start":{"line":15,"column":4},"end":{"line":15,"column":85}},"8":{"start":{"line":17,"column":20},"end":{"line":17,"column":84}},"9":{"start":{"line":18,"column":4},"end":{"line":18,"column":66}}},"fnMap":{"0":{"name":"GET","decl":{"start":{"line":12,"column":22},"end":{"line":12,"column":25}},"loc":{"start":{"line":12,"column":25},"end":{"line":20,"column":1}}}},"branchMap":{"0":{"loc":{"start":{"line":17,"column":20},"end":{"line":17,"column":84}},"type":"cond-expr","locations":[{"start":{"line":17,"column":43},"end":{"line":17,"column":54}},{"start":{"line":17,"column":57},"end":{"line":17,"column":84}}]}},"s":{"0":0,"1":0,"2":0,"3":0,"4":0,"5":0,"6":0,"7":0,"8":0,"9":0},"f":{"0":0},"b":{"0":[0,0]}}
,"/Users/matt/Desktop/disneyWebsite/src/app/api/weather/route.ts": {"path":"/Users/matt/Desktop/disneyWebsite/src/app/api/weather/route.ts","statementMap":{"0":{"start":{"line":20,"column":0},"end":{"line":20,"column":7}},"1":{"start":{"line":1,"column":0},"end":{"line":1,"column":56}},"2":{"start":{"line":2,"column":0},"end":{"line":2,"column":76}},"3":{"start":{"line":3,"column":0},"end":{"line":3,"column":61}},"4":{"start":{"line":4,"column":0},"end":{"line":4,"column":40}},"5":{"start":{"line":13,"column":22},"end":{"line":13,"column":26}},"6":{"start":{"line":14,"column":19},"end":{"line":14,"column":50}},"7":{"start":{"line":17,"column":2},"end":{"line":17,"column":38}},"8":{"start":{"line":21,"column":16},"end":{"line":21,"column":58}},"9":{"start":{"line":22,"column":2},"end":{"line":27,"column":3}},"10":{"start":{"line":23,"column":4},"end":{"line":26,"column":6}},"11":{"start":{"line":29,"column":16},"end":{"line":29,"column":26}},"12":{"start":{"line":30,"column":14},"end":{"line":30,"column":82}},"13":{"start":{"line":32,"column":2},"end":{"line":40,"column":3}},"14":{"start":{"line":33,"column":16},"end":{"line":33,"column":72}},"15":{"start":{"line":34,"column":4},"end":{"line":34,"column":66}},"16":{"start":{"line":38,"column":20},"end":{"line":38,"column":82}},"17":{"start":{"line":39,"column":4},"end":{"line":39,"column":66}}},"fnMap":{"0":{"name":"isoDate","decl":{"start":{"line":16,"column":9},"end":{"line":16,"column":16}},"loc":{"start":{"line":16,"column":24},"end":{"line":18,"column":1}}},"1":{"name":"GET","decl":{"start":{"line":20,"column":22},"end":{"line":20,"column":25}},"loc":{"start":{"line":20,"column":42},"end":{"line":41,"column":1}}}},"branchMap":{"0":{"loc":{"start":{"line":22,"column":2},"end":{"line":27,"column":3}},"type":"if","locations":[{"start":{"line":22,"column":2},"end":{"line":27,"column":3}},{"start":{},"end":{}}]},"1":{"loc":{"start":{"line":38,"column":20},"end":{"line":38,"column":82}},"type":"cond-expr","locations":[{"start":{"line":38,"column":43},"end":{"line":38,"column":54}},{"start":{"line":38,"column":57},"end":{"line":38,"column":82}}]}},"s":{"0":0,"1":0,"2":0,"3":0,"4":0,"5":0,"6":0,"7":0,"8":0,"9":0,"10":0,"11":0,"12":0,"13":0,"14":0,"15":0,"16":0,"17":0},"f":{"0":0,"1":0},"b":{"0":[0,0],"1":[0,0]}}
,"/Users/matt/Desktop/disneyWebsite/src/app/calendar/page.tsx": {"path":"/Users/matt/Desktop/disneyWebsite/src/app/calendar/page.tsx","statementMap":{"0":{"start":{"line":102,"column":0},"end":{"line":102,"column":24}},"1":{"start":{"line":3,"column":0},"end":{"line":3,"column":44}},"2":{"start":{"line":4,"column":0},"end":{"line":4,"column":44}},"3":{"start":{"line":5,"column":0},"end":{"line":5,"column":86}},"4":{"start":{"line":6,"column":0},"end":{"line":6,"column":76}},"5":{"start":{"line":17,"column":21},"end":{"line":17,"column":70}},"6":{"start":{"line":19,"column":21},"end":{"line":26,"column":null}},"7":{"start":{"line":20,"column":2},"end":{"line":25,"column":null}},"8":{"start":{"line":29,"column":20},"end":{"line":32,"column":null}},"9":{"start":{"line":30,"column":2},"end":{"line":31,"column":null}},"10":{"start":{"line":35,"column":21},"end":{"line":38,"column":null}},"11":{"start":{"line":36,"column":2},"end":{"line":37,"column":null}},"12":{"start":{"line":41,"column":19},"end":{"line":44,"column":null}},"13":{"start":{"line":42,"column":2},"end":{"line":43,"column":null}},"14":{"start":{"line":48,"column":2},"end":{"line":48,"column":55}},"15":{"start":{"line":48,"column":43},"end":{"line":48,"column":55}},"16":{"start":{"line":49,"column":14},"end":{"line":53,"column":11}},"17":{"start":{"line":54,"column":2},"end":{"line":54,"column":24}},"18":{"start":{"line":54,"column":12},"end":{"line":54,"column":24}},"19":{"start":{"line":55,"column":2},"end":{"line":62,"column":4}},"20":{"start":{"line":65,"column":20},"end":{"line":65,"column":86}},"21":{"start":{"line":68,"column":2},"end":{"line":68,"column":33}},"22":{"start":{"line":68,"column":21},"end":{"line":68,"column":33}},"23":{"start":{"line":69,"column":16},"end":{"line":69,"column":46}},"24":{"start":{"line":70,"column":2},"end":{"line":77,"column":4}},"25":{"start":{"line":81,"column":16},"end":{"line":81,"column":33}},"26":{"start":{"line":82,"column":2},"end":{"line":99,"column":4}},"27":{"start":{"line":103,"column":16},"end":{"line":103,"column":26}},"28":{"start":{"line":104,"column":26},"end":{"line":104,"column":55}},"29":{"start":{"line":105,"column":28},"end":{"line":105,"column":58}},"30":{"start":{"line":106,"column":26},"end":{"line":106,"column":50}},"31":{"start":{"line":107,"column":32},"end":{"line":107,"column":46}},"32":{"start":{"line":108,"column":34},"end":{"line":108,"column":65}},"33":{"start":{"line":109,"column":32},"end":{"line":109,"column":76}},"34":{"start":{"line":111,"column":2},"end":{"line":118,"column":9}},"35":{"start":{"line":112,"column":4},"end":{"line":117,"column":42}},"36":{"start":{"line":113,"column":20},"end":{"line":113,"column":86}},"37":{"start":{"line":115,"column":8},"end":{"line":115,"column":71}},"38":{"start":{"line":115,"column":56},"end":{"line":115,"column":67}},"39":{"start":{"line":117,"column":19},"end":{"line":117,"column":40}},"40":{"start":{"line":120,"column":2},"end":{"line":149,"column":20}},"41":{"start":{"line":129,"column":23},"end":{"line":129,"column":44}},"42":{"start":{"line":131,"column":4},"end":{"line":146,"column":9}},"43":{"start":{"line":132,"column":6},"end":{"line":145,"column":7}},"44":{"start":{"line":133,"column":20},"end":{"line":135,"column":10}},"45":{"start":{"line":136,"column":21},"end":{"line":136,"column":37}},"46":{"start":{"line":137,"column":8},"end":{"line":137,"column":33}},"47":{"start":{"line":139,"column":8},"end":{"line":139,"column":70}},"48":{"start":{"line":139,"column":63},"end":{"line":139,"column":70}},"49":{"start":{"line":140,"column":8},"end":{"line":140,"column":20}},"50":{"start":{"line":144,"column":8},"end":{"line":144,"column":58}},"51":{"start":{"line":144,"column":40},"end":{"line":144,"column":58}},"52":{"start":{"line":148,"column":4},"end":{"line":148,"column":36}},"53":{"start":{"line":148,"column":17},"end":{"line":148,"column":35}},"54":{"start":{"line":152,"column":4},"end":{"line":152,"column":21}},"55":{"start":{"line":153,"column":4},"end":{"line":153,"column":22}},"56":{"start":{"line":154,"column":4},"end":{"line":155,"column":30}},"57":{"start":{"line":154,"column":23},"end":{"line":154,"column":43}},"58":{"start":{"line":154,"column":36},"end":{"line":154,"column":41}},"59":{"start":{"line":154,"column":44},"end":{"line":154,"column":57}},"60":{"start":{"line":155,"column":9},"end":{"line":155,"column":30}},"61":{"start":{"line":155,"column":23},"end":{"line":155,"column":28}},"62":{"start":{"line":159,"column":4},"end":{"line":159,"column":21}},"63":{"start":{"line":160,"column":4},"end":{"line":160,"column":22}},"64":{"start":{"line":161,"column":4},"end":{"line":162,"column":30}},"65":{"start":{"line":161,"column":24},"end":{"line":161,"column":44}},"66":{"start":{"line":161,"column":37},"end":{"line":161,"column":42}},"67":{"start":{"line":161,"column":45},"end":{"line":161,"column":57}},"68":{"start":{"line":162,"column":9},"end":{"line":162,"column":30}},"69":{"start":{"line":162,"column":23},"end":{"line":162,"column":28}},"70":{"start":{"line":165,"column":26},"end":{"line":165,"column":63}},"71":{"start":{"line":166,"column":22},"end":{"line":166,"column":56}},"72":{"start":{"line":167,"column":21},"end":{"line":167,"column":71}},"73":{"start":{"line":169,"column":37},"end":{"line":169,"column":39}},"74":{"start":{"line":170,"column":2},"end":{"line":178,"column":3}},"75":{"start":{"line":170,"column":15},"end":{"line":170,"column":16}},"76":{"start":{"line":171,"column":19},"end":{"line":171,"column":42}},"77":{"start":{"line":172,"column":4},"end":{"line":177,"column":5}},"78":{"start":{"line":173,"column":6},"end":{"line":173,"column":23}},"79":{"start":{"line":175,"column":18},"end":{"line":175,"column":96}},"80":{"start":{"line":176,"column":6},"end":{"line":176,"column":150}},"81":{"start":{"line":176,"column":34},"end":{"line":176,"column":48}},"82":{"start":{"line":180,"column":19},"end":{"line":180,"column":46}},"83":{"start":{"line":183,"column":21},"end":{"line":183,"column":90}},"84":{"start":{"line":183,"column":38},"end":{"line":183,"column":89}},"85":{"start":{"line":184,"column":19},"end":{"line":186,"column":10}},"86":{"start":{"line":185,"column":45},"end":{"line":185,"column":70}},"87":{"start":{"line":187,"column":18},"end":{"line":189,"column":10}},"88":{"start":{"line":188,"column":34},"end":{"line":188,"column":88}},"89":{"start":{"line":190,"column":19},"end":{"line":192,"column":10}},"90":{"start":{"line":191,"column":34},"end":{"line":191,"column":84}},"91":{"start":{"line":194,"column":2},"end":{"line":556,"column":4}},"92":{"start":{"line":220,"column":12},"end":{"line":221,"column":null}},"93":{"start":{"line":262,"column":12},"end":{"line":262,"column":25}},"94":{"start":{"line":272,"column":14},"end":{"line":272,"column":27}},"95":{"start":{"line":280,"column":36},"end":{"line":280,"column":66}},"96":{"start":{"line":281,"column":30},"end":{"line":281,"column":53}},"97":{"start":{"line":282,"column":33},"end":{"line":282,"column":81}},"98":{"start":{"line":283,"column":28},"end":{"line":283,"column":52}},"99":{"start":{"line":284,"column":28},"end":{"line":284,"column":45}},"100":{"start":{"line":285,"column":32},"end":{"line":285,"column":53}},"101":{"start":{"line":286,"column":26},"end":{"line":286,"column":31}},"102":{"start":{"line":287,"column":32},"end":{"line":287,"column":41}},"103":{"start":{"line":288,"column":26},"end":{"line":288,"column":43}},"104":{"start":{"line":289,"column":32},"end":{"line":289,"column":48}},"105":{"start":{"line":290,"column":32},"end":{"line":290,"column":53}},"106":{"start":{"line":292,"column":25},"end":{"line":292,"column":66}},"107":{"start":{"line":294,"column":14},"end":{"line":420,"column":16}},"108":{"start":{"line":297,"column":33},"end":{"line":297,"column":96}},"109":{"start":{"line":314,"column":20},"end":{"line":316,"column":21}},"110":{"start":{"line":315,"column":23},"end":{"line":315,"column":90}},"111":{"start":{"line":319,"column":20},"end":{"line":321,"column":21}},"112":{"start":{"line":320,"column":23},"end":{"line":320,"column":148}},"113":{"start":{"line":466,"column":31},"end":{"line":466,"column":57}},"114":{"start":{"line":467,"column":20},"end":{"line":467,"column":41}},"115":{"start":{"line":467,"column":29},"end":{"line":467,"column":41}},"116":{"start":{"line":468,"column":20},"end":{"line":481,"column":22}},"117":{"start":{"line":494,"column":67},"end":{"line":499,"column":20}},"118":{"start":{"line":500,"column":20},"end":{"line":501,"column":null}},"119":{"start":{"line":533,"column":57},"end":{"line":536,"column":10}},"120":{"start":{"line":537,"column":10},"end":{"line":537,"column":27}}},"fnMap":{"0":{"name":"(anonymous_0)","decl":{"start":{"line":19,"column":21},"end":{"line":19,"column":24}},"loc":{"start":{"line":20,"column":2},"end":{"line":25,"column":null}}},"1":{"name":"(anonymous_1)","decl":{"start":{"line":29,"column":20},"end":{"line":29,"column":23}},"loc":{"start":{"line":30,"column":2},"end":{"line":31,"column":null}}},"2":{"name":"(anonymous_2)","decl":{"start":{"line":35,"column":21},"end":{"line":35,"column":24}},"loc":{"start":{"line":36,"column":2},"end":{"line":37,"column":null}}},"3":{"name":"(anonymous_3)","decl":{"start":{"line":41,"column":19},"end":{"line":41,"column":22}},"loc":{"start":{"line":42,"column":2},"end":{"line":43,"column":null}}},"4":{"name":"SourceBadge","decl":{"start":{"line":47,"column":9},"end":{"line":47,"column":20}},"loc":{"start":{"line":47,"column":63},"end":{"line":63,"column":1}}},"5":{"name":"TierBadge","decl":{"start":{"line":67,"column":9},"end":{"line":67,"column":18}},"loc":{"start":{"line":67,"column":52},"end":{"line":78,"column":1}}},"6":{"name":"ScoreBar","decl":{"start":{"line":80,"column":9},"end":{"line":80,"column":17}},"loc":{"start":{"line":80,"column":46},"end":{"line":100,"column":1}}},"7":{"name":"CalendarPage","decl":{"start":{"line":102,"column":24},"end":{"line":102,"column":36}},"loc":{"start":{"line":102,"column":36},"end":{"line":557,"column":1}}},"8":{"name":"(anonymous_8)","decl":{"start":{"line":111,"column":12},"end":{"line":111,"column":15}},"loc":{"start":{"line":111,"column":17},"end":{"line":118,"column":3}}},"9":{"name":"(anonymous_9)","decl":{"start":{"line":113,"column":12},"end":{"line":113,"column":13}},"loc":{"start":{"line":113,"column":20},"end":{"line":113,"column":86}}},"10":{"name":"(anonymous_10)","decl":{"start":{"line":114,"column":12},"end":{"line":114,"column":13}},"loc":{"start":{"line":114,"column":46},"end":{"line":116,"column":7}}},"11":{"name":"(anonymous_11)","decl":{"start":{"line":115,"column":49},"end":{"line":115,"column":50}},"loc":{"start":{"line":115,"column":56},"end":{"line":115,"column":67}}},"12":{"name":"(anonymous_12)","decl":{"start":{"line":117,"column":13},"end":{"line":117,"column":16}},"loc":{"start":{"line":117,"column":19},"end":{"line":117,"column":40}}},"13":{"name":"(anonymous_13)","decl":{"start":{"line":120,"column":12},"end":{"line":120,"column":15}},"loc":{"start":{"line":120,"column":17},"end":{"line":149,"column":3}}},"14":{"name":"(anonymous_14)","decl":{"start":{"line":131,"column":5},"end":{"line":131,"column":10}},"loc":{"start":{"line":131,"column":16},"end":{"line":146,"column":5}}},"15":{"name":"(anonymous_15)","decl":{"start":{"line":148,"column":11},"end":{"line":148,"column":14}},"loc":{"start":{"line":148,"column":17},"end":{"line":148,"column":35}}},"16":{"name":"prevMonth","decl":{"start":{"line":151,"column":11},"end":{"line":151,"column":20}},"loc":{"start":{"line":151,"column":20},"end":{"line":156,"column":3}}},"17":{"name":"(anonymous_17)","decl":{"start":{"line":154,"column":31},"end":{"line":154,"column":32}},"loc":{"start":{"line":154,"column":36},"end":{"line":154,"column":41}}},"18":{"name":"(anonymous_18)","decl":{"start":{"line":155,"column":18},"end":{"line":155,"column":19}},"loc":{"start":{"line":155,"column":23},"end":{"line":155,"column":28}}},"19":{"name":"nextMonth","decl":{"start":{"line":158,"column":11},"end":{"line":158,"column":20}},"loc":{"start":{"line":158,"column":20},"end":{"line":163,"column":3}}},"20":{"name":"(anonymous_20)","decl":{"start":{"line":161,"column":32},"end":{"line":161,"column":33}},"loc":{"start":{"line":161,"column":37},"end":{"line":161,"column":42}}},"21":{"name":"(anonymous_21)","decl":{"start":{"line":162,"column":18},"end":{"line":162,"column":19}},"loc":{"start":{"line":162,"column":23},"end":{"line":162,"column":28}}},"22":{"name":"(anonymous_22)","decl":{"start":{"line":176,"column":27},"end":{"line":176,"column":28}},"loc":{"start":{"line":176,"column":34},"end":{"line":176,"column":48}}},"23":{"name":"(anonymous_23)","decl":{"start":{"line":183,"column":33},"end":{"line":183,"column":34}},"loc":{"start":{"line":183,"column":38},"end":{"line":183,"column":89}}},"24":{"name":"(anonymous_24)","decl":{"start":{"line":185,"column":35},"end":{"line":185,"column":36}},"loc":{"start":{"line":185,"column":44},"end":{"line":185,"column":70}}},"25":{"name":"(anonymous_25)","decl":{"start":{"line":188,"column":24},"end":{"line":188,"column":25}},"loc":{"start":{"line":188,"column":33},"end":{"line":188,"column":88}}},"26":{"name":"(anonymous_26)","decl":{"start":{"line":191,"column":24},"end":{"line":191,"column":25}},"loc":{"start":{"line":191,"column":33},"end":{"line":191,"column":84}}},"27":{"name":"(anonymous_27)","decl":{"start":{"line":219,"column":16},"end":{"line":219,"column":17}},"loc":{"start":{"line":220,"column":12},"end":{"line":221,"column":null}}},"28":{"name":"(anonymous_28)","decl":{"start":{"line":261,"column":28},"end":{"line":261,"column":29}},"loc":{"start":{"line":262,"column":12},"end":{"line":262,"column":25}}},"29":{"name":"(anonymous_29)","decl":{"start":{"line":271,"column":44},"end":{"line":271,"column":45}},"loc":{"start":{"line":272,"column":14},"end":{"line":272,"column":27}}},"30":{"name":"(anonymous_30)","decl":{"start":{"line":279,"column":23},"end":{"line":279,"column":24}},"loc":{"start":{"line":279,"column":35},"end":{"line":421,"column":13}}},"31":{"name":"(anonymous_31)","decl":{"start":{"line":297,"column":27},"end":{"line":297,"column":30}},"loc":{"start":{"line":297,"column":33},"end":{"line":297,"column":96}}},"32":{"name":"(anonymous_32)","decl":{"start":{"line":313,"column":32},"end":{"line":313,"column":33}},"loc":{"start":{"line":313,"column":36},"end":{"line":317,"column":19}}},"33":{"name":"(anonymous_33)","decl":{"start":{"line":318,"column":32},"end":{"line":318,"column":33}},"loc":{"start":{"line":318,"column":36},"end":{"line":322,"column":19}}},"34":{"name":"(anonymous_34)","decl":{"start":{"line":465,"column":20},"end":{"line":465,"column":23}},"loc":{"start":{"line":465,"column":25},"end":{"line":482,"column":19}}},"35":{"name":"(anonymous_35)","decl":{"start":{"line":494,"column":37},"end":{"line":494,"column":38}},"loc":{"start":{"line":494,"column":67},"end":{"line":499,"column":20}}},"36":{"name":"(anonymous_36)","decl":{"start":{"line":499,"column":26},"end":{"line":499,"column":27}},"loc":{"start":{"line":500,"column":20},"end":{"line":501,"column":null}}},"37":{"name":"(anonymous_37)","decl":{"start":{"line":533,"column":27},"end":{"line":533,"column":28}},"loc":{"start":{"line":533,"column":57},"end":{"line":536,"column":10}}},"38":{"name":"(anonymous_38)","decl":{"start":{"line":536,"column":16},"end":{"line":536,"column":17}},"loc":{"start":{"line":537,"column":10},"end":{"line":537,"column":27}}}},"branchMap":{"0":{"loc":{"start":{"line":48,"column":2},"end":{"line":48,"column":55}},"type":"if","locations":[{"start":{"line":48,"column":2},"end":{"line":48,"column":55}},{"start":{},"end":{}}]},"1":{"loc":{"start":{"line":48,"column":6},"end":{"line":48,"column":41}},"type":"binary-expr","locations":[{"start":{"line":48,"column":6},"end":{"line":48,"column":13}},{"start":{"line":48,"column":17},"end":{"line":48,"column":41}}]},"2":{"loc":{"start":{"line":54,"column":2},"end":{"line":54,"column":24}},"type":"if","locations":[{"start":{"line":54,"column":2},"end":{"line":54,"column":24}},{"start":{},"end":{}}]},"3":{"loc":{"start":{"line":68,"column":2},"end":{"line":68,"column":33}},"type":"if","locations":[{"start":{"line":68,"column":2},"end":{"line":68,"column":33}},{"start":{},"end":{}}]},"4":{"loc":{"start":{"line":113,"column":20},"end":{"line":113,"column":86}},"type":"cond-expr","locations":[{"start":{"line":113,"column":27},"end":{"line":113,"column":35}},{"start":{"line":113,"column":38},"end":{"line":113,"column":86}}]},"5":{"loc":{"start":{"line":115,"column":28},"end":{"line":115,"column":43}},"type":"cond-expr","locations":[{"start":{"line":115,"column":37},"end":{"line":115,"column":41}},{"start":{"line":115,"column":41},"end":{"line":115,"column":43}}]},"6":{"loc":{"start":{"line":115,"column":28},"end":{"line":115,"column":41}},"type":"binary-expr","locations":[{"start":{"line":115,"column":28},"end":{"line":115,"column":41}},{"start":{"line":115,"column":37},"end":{"line":115,"column":41}}]},"7":{"loc":{"start":{"line":137,"column":16},"end":{"line":137,"column":31}},"type":"cond-expr","locations":[{"start":{"line":137,"column":25},"end":{"line":137,"column":29}},{"start":{"line":137,"column":29},"end":{"line":137,"column":31}}]},"8":{"loc":{"start":{"line":137,"column":16},"end":{"line":137,"column":29}},"type":"binary-expr","locations":[{"start":{"line":137,"column":16},"end":{"line":137,"column":29}},{"start":{"line":137,"column":25},"end":{"line":137,"column":29}}]},"9":{"loc":{"start":{"line":139,"column":8},"end":{"line":139,"column":70}},"type":"if","locations":[{"start":{"line":139,"column":8},"end":{"line":139,"column":70}},{"start":{},"end":{}}]},"10":{"loc":{"start":{"line":139,"column":12},"end":{"line":139,"column":61}},"type":"binary-expr","locations":[{"start":{"line":139,"column":12},"end":{"line":139,"column":32}},{"start":{"line":139,"column":36},"end":{"line":139,"column":61}}]},"11":{"loc":{"start":{"line":144,"column":8},"end":{"line":144,"column":58}},"type":"if","locations":[{"start":{"line":144,"column":8},"end":{"line":144,"column":58}},{"start":{},"end":{}}]},"12":{"loc":{"start":{"line":154,"column":4},"end":{"line":155,"column":30}},"type":"if","locations":[{"start":{"line":154,"column":4},"end":{"line":155,"column":30}},{"start":{"line":155,"column":9},"end":{"line":155,"column":30}}]},"13":{"loc":{"start":{"line":161,"column":4},"end":{"line":162,"column":30}},"type":"if","locations":[{"start":{"line":161,"column":4},"end":{"line":162,"column":30}},{"start":{"line":162,"column":9},"end":{"line":162,"column":30}}]},"14":{"loc":{"start":{"line":172,"column":4},"end":{"line":177,"column":5}},"type":"if","locations":[{"start":{"line":172,"column":4},"end":{"line":177,"column":5}},{"start":{"line":174,"column":11},"end":{"line":177,"column":5}}]},"15":{"loc":{"start":{"line":172,"column":8},"end":{"line":172,"column":42}},"type":"binary-expr","locations":[{"start":{"line":172,"column":8},"end":{"line":172,"column":18}},{"start":{"line":172,"column":22},"end":{"line":172,"column":42}}]},"16":{"loc":{"start":{"line":176,"column":17},"end":{"line":176,"column":148}},"type":"cond-expr","locations":[{"start":{"line":176,"column":49},"end":{"line":176,"column":53}},{"start":{"line":176,"column":53},"end":{"line":176,"column":148}}]},"17":{"loc":{"start":{"line":176,"column":17},"end":{"line":176,"column":53}},"type":"binary-expr","locations":[{"start":{"line":176,"column":17},"end":{"line":176,"column":53}},{"start":{"line":176,"column":49},"end":{"line":176,"column":53}}]},"18":{"loc":{"start":{"line":183,"column":38},"end":{"line":183,"column":89}},"type":"binary-expr","locations":[{"start":{"line":183,"column":38},"end":{"line":183,"column":59}},{"start":{"line":183,"column":63},"end":{"line":183,"column":89}}]},"19":{"loc":{"start":{"line":184,"column":19},"end":{"line":186,"column":10}},"type":"cond-expr","locations":[{"start":{"line":185,"column":6},"end":{"line":185,"column":93}},{"start":{"line":186,"column":6},"end":{"line":186,"column":10}}]},"20":{"loc":{"start":{"line":185,"column":50},"end":{"line":185,"column":67}},"type":"cond-expr","locations":[{"start":{"line":185,"column":62},"end":{"line":185,"column":66}},{"start":{"line":185,"column":66},"end":{"line":185,"column":67}}]},"21":{"loc":{"start":{"line":185,"column":50},"end":{"line":185,"column":66}},"type":"binary-expr","locations":[{"start":{"line":185,"column":50},"end":{"line":185,"column":66}},{"start":{"line":185,"column":62},"end":{"line":185,"column":66}}]},"22":{"loc":{"start":{"line":187,"column":18},"end":{"line":189,"column":10}},"type":"cond-expr","locations":[{"start":{"line":188,"column":6},"end":{"line":188,"column":88}},{"start":{"line":189,"column":6},"end":{"line":189,"column":10}}]},"23":{"loc":{"start":{"line":188,"column":34},"end":{"line":188,"column":87}},"type":"cond-expr","locations":[{"start":{"line":188,"column":82},"end":{"line":188,"column":83}},{"start":{"line":188,"column":86},"end":{"line":188,"column":87}}]},"24":{"loc":{"start":{"line":188,"column":35},"end":{"line":188,"column":54}},"type":"cond-expr","locations":[{"start":{"line":188,"column":47},"end":{"line":188,"column":51}},{"start":{"line":188,"column":51},"end":{"line":188,"column":54}}]},"25":{"loc":{"start":{"line":188,"column":35},"end":{"line":188,"column":51}},"type":"binary-expr","locations":[{"start":{"line":188,"column":35},"end":{"line":188,"column":51}},{"start":{"line":188,"column":47},"end":{"line":188,"column":51}}]},"26":{"loc":{"start":{"line":188,"column":59},"end":{"line":188,"column":78}},"type":"cond-expr","locations":[{"start":{"line":188,"column":71},"end":{"line":188,"column":75}},{"start":{"line":188,"column":75},"end":{"line":188,"column":78}}]},"27":{"loc":{"start":{"line":188,"column":59},"end":{"line":188,"column":75}},"type":"binary-expr","locations":[{"start":{"line":188,"column":59},"end":{"line":188,"column":75}},{"start":{"line":188,"column":71},"end":{"line":188,"column":75}}]},"28":{"loc":{"start":{"line":190,"column":19},"end":{"line":192,"column":10}},"type":"cond-expr","locations":[{"start":{"line":191,"column":6},"end":{"line":191,"column":84}},{"start":{"line":192,"column":6},"end":{"line":192,"column":10}}]},"29":{"loc":{"start":{"line":191,"column":34},"end":{"line":191,"column":83}},"type":"cond-expr","locations":[{"start":{"line":191,"column":78},"end":{"line":191,"column":79}},{"start":{"line":191,"column":82},"end":{"line":191,"column":83}}]},"30":{"loc":{"start":{"line":191,"column":35},"end":{"line":191,"column":52}},"type":"cond-expr","locations":[{"start":{"line":191,"column":47},"end":{"line":191,"column":51}},{"start":{"line":191,"column":51},"end":{"line":191,"column":52}}]},"31":{"loc":{"start":{"line":191,"column":35},"end":{"line":191,"column":51}},"type":"binary-expr","locations":[{"start":{"line":191,"column":35},"end":{"line":191,"column":51}},{"start":{"line":191,"column":47},"end":{"line":191,"column":51}}]},"32":{"loc":{"start":{"line":191,"column":57},"end":{"line":191,"column":74}},"type":"cond-expr","locations":[{"start":{"line":191,"column":69},"end":{"line":191,"column":73}},{"start":{"line":191,"column":73},"end":{"line":191,"column":74}}]},"33":{"loc":{"start":{"line":191,"column":57},"end":{"line":191,"column":73}},"type":"binary-expr","locations":[{"start":{"line":191,"column":57},"end":{"line":191,"column":73}},{"start":{"line":191,"column":69},"end":{"line":191,"column":73}}]},"34":{"loc":{"start":{"line":213,"column":7},"end":{"line":230,"column":null}},"type":"binary-expr","locations":[{"start":{"line":213,"column":7},"end":{"line":213,"column":15}},{"start":{"line":213,"column":19},"end":{"line":213,"column":36}},{"start":{"line":214,"column":8},"end":{"line":229,"column":null}}]},"35":{"loc":{"start":{"line":217,"column":40},"end":{"line":217,"column":100}},"type":"cond-expr","locations":[{"start":{"line":217,"column":50},"end":{"line":217,"column":94}},{"start":{"line":217,"column":97},"end":{"line":217,"column":100}}]},"36":{"loc":{"start":{"line":217,"column":107},"end":{"line":217,"column":189}},"type":"cond-expr","locations":[{"start":{"line":217,"column":117},"end":{"line":217,"column":184}},{"start":{"line":217,"column":187},"end":{"line":217,"column":189}}]},"37":{"loc":{"start":{"line":217,"column":209},"end":{"line":217,"column":236}},"type":"cond-expr","locations":[{"start":{"line":217,"column":228},"end":{"line":217,"column":232}},{"start":{"line":217,"column":232},"end":{"line":217,"column":236}}]},"38":{"loc":{"start":{"line":217,"column":209},"end":{"line":217,"column":232}},"type":"binary-expr","locations":[{"start":{"line":217,"column":209},"end":{"line":217,"column":232}},{"start":{"line":217,"column":228},"end":{"line":217,"column":232}}]},"39":{"loc":{"start":{"line":217,"column":209},"end":{"line":217,"column":228}},"type":"cond-expr","locations":[{"start":{"line":217,"column":216},"end":{"line":217,"column":218}},{"start":{"line":217,"column":209},"end":{"line":217,"column":228}}]},"40":{"loc":{"start":{"line":217,"column":209},"end":{"line":217,"column":218}},"type":"binary-expr","locations":[{"start":{"line":217,"column":209
[...]
,"/Users/matt/Desktop/disneyWebsite/src/lib/weather.ts": {"path":"/Users/matt/Desktop/disneyWebsite/src/lib/weather.ts","statementMap":{"0":{"start":{"line":51,"column":0},"end":{"line":51,"column":7}},"1":{"start":{"line":92,"column":0},"end":{"line":92,"column":16}},"2":{"start":{"line":118,"column":0},"end":{"line":118,"column":16}},"3":{"start":{"line":130,"column":0},"end":{"line":130,"column":16}},"4":{"start":{"line":9,"column":13},"end":{"line":9,"column":35}},"5":{"start":{"line":10,"column":13},"end":{"line":10,"column":37}},"6":{"start":{"line":13,"column":13},"end":{"line":13,"column":40}},"7":{"start":{"line":16,"column":13},"end":{"line":16,"column":35}},"8":{"start":{"line":20,"column":105},"end":{"line":33,"column":2}},"9":{"start":{"line":36,"column":13},"end":{"line":36,"column":27}},"10":{"start":{"line":37,"column":13},"end":{"line":37,"column":27}},"11":{"start":{"line":53,"column":4},"end":{"line":59,"column":50}},"12":{"start":{"line":61,"column":14},"end":{"line":61,"column":30}},"13":{"start":{"line":62,"column":2},"end":{"line":62,"column":69}},"14":{"start":{"line":62,"column":15},"end":{"line":62,"column":69}},"15":{"start":{"line":64,"column":15},"end":{"line":64,"column":null}},"16":{"start":{"line":75,"column":14},"end":{"line":75,"column":43}},"17":{"start":{"line":76,"column":16},"end":{"line":76,"column":38}},"18":{"start":{"line":77,"column":2},"end":{"line":88,"column":3}},"19":{"start":{"line":77,"column":15},"end":{"line":77,"column":16}},"20":{"start":{"line":78,"column":21},"end":{"line":78,"column":60}},"21":{"start":{"line":79,"column":4},"end":{"line":87,"column":7}},"22":{"start":{"line":89,"column":2},"end":{"line":89,"column":13}},"23":{"start":{"line":93,"column":16},"end":{"line":93,"column":49}},"24":{"start":{"line":94,"column":12},"end":{"line":94,"column":42}},"25":{"start":{"line":98,"column":2},"end":{"line":103,"column":3}},"26":{"start":{"line":99,"column":4},"end":{"line":102,"column":6}},"27":{"start":{"line":105,"column":18},"end":{"line":105,"column":47}},"28":{"start":{"line":106,"column":2},"end":{"line":115,"column":4}},"29":{"start":{"line":119,"column":2},"end":{"line":119,"column":30}},"30":{"start":{"line":119,"column":18},"end":{"line":119,"column":30}},"31":{"start":{"line":120,"column":2},"end":{"line":120,"column":30}},"32":{"start":{"line":120,"column":17},"end":{"line":120,"column":30}},"33":{"start":{"line":121,"column":2},"end":{"line":121,"column":30}},"34":{"start":{"line":121,"column":18},"end":{"line":121,"column":30}},"35":{"start":{"line":122,"column":2},"end":{"line":122,"column":31}},"36":{"start":{"line":122,"column":18},"end":{"line":122,"column":31}},"37":{"start":{"line":123,"column":2},"end":{"line":123,"column":31}},"38":{"start":{"line":123,"column":18},"end":{"line":123,"column":31}},"39":{"start":{"line":124,"column":2},"end":{"line":124,"column":31}},"40":{"start":{"line":124,"column":18},"end":{"line":124,"column":31}},"41":{"start":{"line":125,"column":2},"end":{"line":125,"column":30}},"42":{"start":{"line":125,"column":18},"end":{"line":125,"column":30}},"43":{"start":{"line":126,"column":2},"end":{"line":126,"column":31}},"44":{"start":{"line":126,"column":18},"end":{"line":126,"column":31}},"45":{"start":{"line":127,"column":2},"end":{"line":127,"column":14}},"46":{"start":{"line":131,"column":2},"end":{"line":131,"column":33}},"47":{"start":{"line":131,"column":18},"end":{"line":131,"column":33}},"48":{"start":{"line":132,"column":2},"end":{"line":132,"column":40}},"49":{"start":{"line":132,"column":17},"end":{"line":132,"column":40}},"50":{"start":{"line":133,"column":2},"end":{"line":133,"column":36}},"51":{"start":{"line":133,"column":18},"end":{"line":133,"column":36}},"52":{"start":{"line":134,"column":2},"end":{"line":134,"column":33}},"53":{"start":{"line":134,"column":18},"end":{"line":134,"column":33}},"54":{"start":{"line":135,"column":2},"end":{"line":135,"column":35}},"55":{"start":{"line":135,"column":18},"end":{"line":135,"column":35}},"56":{"start":{"line":136,"column":2},"end":{"line":136,"column":33}},"57":{"start":{"line":136,"column":18},"end":{"line":136,"column":33}},"58":{"start":{"line":137,"column":2},"end":{"line":137,"column":32}},"59":{"start":{"line":137,"column":18},"end":{"line":137,"column":32}},"60":{"start":{"line":138,"column":2},"end":{"line":138,"column":35}},"61":{"start":{"line":138,"column":18},"end":{"line":138,"column":35}},"62":{"start":{"line":139,"column":2},"end":{"line":139,"column":24}}},"fnMap":{"0":{"name":"fetchWeatherForecast","decl":{"start":{"line":51,"column":22},"end":{"line":51,"column":42}},"loc":{"start":{"line":51,"column":77},"end":{"line":90,"column":1}}},"1":{"name":"climatologicalWeather","decl":{"start":{"line":92,"column":16},"end":{"line":92,"column":37}},"loc":{"start":{"line":92,"column":53},"end":{"line":116,"column":1}}},"2":{"name":"weatherEmoji","decl":{"start":{"line":118,"column":16},"end":{"line":118,"column":28}},"loc":{"start":{"line":118,"column":41},"end":{"line":128,"column":1}}},"3":{"name":"weatherLabel","decl":{"start":{"line":130,"column":16},"end":{"line":130,"column":28}},"loc":{"start":{"line":130,"column":41},"end":{"line":140,"column":1}}}},"branchMap":{"0":{"loc":{"start":{"line":62,"column":2},"end":{"line":62,"column":69}},"type":"if","locations":[{"start":{"line":62,"column":2},"end":{"line":62,"column":69}},{"start":{},"end":{}}]},"1":{"loc":{"start":{"line":76,"column":16},"end":{"line":76,"column":38}},"type":"cond-expr","locations":[{"start":{"line":76,"column":32},"end":{"line":76,"column":36}},{"start":{"line":76,"column":36},"end":{"line":76,"column":38}}]},"2":{"loc":{"start":{"line":76,"column":16},"end":{"line":76,"column":36}},"type":"binary-expr","locations":[{"start":{"line":76,"column":16},"end":{"line":76,"column":36}},{"start":{"line":76,"column":32},"end":{"line":76,"column":36}}]},"3":{"loc":{"start":{"line":76,"column":16},"end":{"line":76,"column":32}},"type":"cond-expr","locations":[{"start":{"line":76,"column":26},"end":{"line":76,"column":28}},{"start":{"line":76,"column":26},"end":{"line":76,"column":32}}]},"4":{"loc":{"start":{"line":76,"column":16},"end":{"line":76,"column":28}},"type":"binary-expr","locations":[{"start":{"line":76,"column":16},"end":{"line":76,"column":28}},{"start":{"line":76,"column":26},"end":{"line":76,"column":28}}]},"5":{"loc":{"start":{"line":78,"column":21},"end":{"line":78,"column":60}},"type":"cond-expr","locations":[{"start":{"line":78,"column":55},"end":{"line":78,"column":59}},{"start":{"line":78,"column":59},"end":{"line":78,"column":60}}]},"6":{"loc":{"start":{"line":78,"column":21},"end":{"line":78,"column":59}},"type":"binary-expr","locations":[{"start":{"line":78,"column":21},"end":{"line":78,"column":59}},{"start":{"line":78,"column":55},"end":{"line":78,"column":59}}]},"7":{"loc":{"start":{"line":78,"column":21},"end":{"line":78,"column":55}},"type":"cond-expr","locations":[{"start":{"line":78,"column":50},"end":{"line":78,"column":53}},{"start":{"line":78,"column":50},"end":{"line":78,"column":55}}]},"8":{"loc":{"start":{"line":78,"column":21},"end":{"line":78,"column":53}},"type":"binary-expr","locations":[{"start":{"line":78,"column":21},"end":{"line":78,"column":53}},{"start":{"line":78,"column":50},"end":{"line":78,"column":53}}]},"9":{"loc":{"start":{"line":78,"column":21},"end":{"line":78,"column":50}},"type":"cond-expr","locations":[{"start":{"line":78,"column":31},"end":{"line":78,"column":33}},{"start":{"line":78,"column":31},"end":{"line":78,"column":50}}]},"10":{"loc":{"start":{"line":78,"column":21},"end":{"line":78,"column":33}},"type":"binary-expr","locations":[{"start":{"line":78,"column":21},"end":{"line":78,"column":33}},{"start":{"line":78,"column":31},"end":{"line":78,"column":33}}]},"11":{"loc":{"start":{"line":81,"column":27},"end":{"line":81,"column":68}},"type":"cond-expr","locations":[{"start":{"line":81,"column":62},"end":{"line":81,"column":66}},{"start":{"line":81,"column":66},"end":{"line":81,"column":68}}]},"12":{"loc":{"start":{"line":81,"column":27},"end":{"line":81,"column":66}},"type":"binary-expr","locations":[{"start":{"line":81,"column":27},"end":{"line":81,"column":66}},{"start":{"line":81,"column":62},"end":{"line":81,"column":66}}]},"13":{"loc":{"start":{"line":81,"column":27},"end":{"line":81,"column":62}},"type":"cond-expr","locations":[{"start":{"line":81,"column":57},"end":{"line":81,"column":60}},{"start":{"line":81,"column":57},"end":{"line":81,"column":62}}]},"14":{"loc":{"start":{"line":81,"column":27},"end":{"line":81,"column":60}},"type":"binary-expr","locations":[{"start":{"line":81,"column":27},"end":{"line":81,"column":60}},{"start":{"line":81,"column":57},"end":{"line":81,"column":60}}]},"15":{"loc":{"start":{"line":81,"column":27},"end":{"line":81,"column":57}},"type":"cond-expr","locations":[{"start":{"line":81,"column":37},"end":{"line":81,"column":39}},{"start":{"line":81,"column":37},"end":{"line":81,"column":57}}]},"16":{"loc":{"start":{"line":81,"column":27},"end":{"line":81,"column":39}},"type":"binary-expr","locations":[{"start":{"line":81,"column":27},"end":{"line":81,"column":39}},{"start":{"line":81,"column":37},"end":{"line":81,"column":39}}]},"17":{"loc":{"start":{"line":82,"column":26},"end":{"line":82,"column":67}},"type":"cond-expr","locations":[{"start":{"line":82,"column":61},"end":{"line":82,"column":65}},{"start":{"line":82,"column":65},"end":{"line":82,"column":67}}]},"18":{"loc":{"start":{"line":82,"column":26},"end":{"line":82,"column":65}},"type":"binary-expr","locations":[{"start":{"line":82,"column":26},"end":{"line":82,"column":65}},{"start":{"line":82,"column":61},"end":{"line":82,"column":65}}]},"19":{"loc":{"start":{"line":82,"column":26},"end":{"line":82,"column":61}},"type":"cond-expr","locations":[{"start":{"line":82,"column":56},"end":{"line":82,"column":59}},{"start":{"line":82,"column":56},"end":{"line":82,"column":61}}]},"20":{"loc":{"start":{"line":82,"column":26},"end":{"line":82,"column":59}},"type":"binary-expr","locations":[{"start":{"line":82,"column":26},"end":{"line":82,"column":59}},{"start":{"line":82,"column":56},"end":{"line":82,"column":59}}]},"21":{"loc":{"start":{"line":82,"column":26},"end":{"line":82,"column":56}},"type":"cond-expr","locations":[{"start":{"line":82,"column":36},"end":{"line":82,"column":38}},{"start":{"line":82,"column":36},"end":{"line":82,"column":56}}]},"22":{"loc":{"start":{"line":82,"column":26},"end":{"line":82,"column":38}},"type":"binary-expr","locations":[{"start":{"line":82,"column":26},"end":{"line":82,"column":38}},{"start":{"line":82,"column":36},"end":{"line":82,"column":38}}]},"23":{"loc":{"start":{"line":85,"column":19},"end":{"line":85,"column":60}},"type":"cond-expr","locations":[{"start":{"line":85,"column":47},"end":{"line":85,"column":51}},{"start":{"line":85,"column":51},"end":{"line":85,"column":60}}]},"24":{"loc":{"start":{"line":85,"column":19},"end":{"line":85,"column":51}},"type":"binary-expr","locations":[{"start":{"line":85,"column":19},"end":{"line":85,"column":51}},{"start":{"line":85,"column":47},"end":{"line":85,"column":51}}]},"25":{"loc":{"start":{"line":85,"column":19},"end":{"line":85,"column":47}},"type":"cond-expr","locations":[{"start":{"line":85,"column":42},"end":{"line":85,"column":45}},{"start":{"line":85,"column":42},"end":{"line":85,"column":47}}]},"26":{"loc":{"start":{"line":85,"column":19},"end":{"line":85,"column":45}},"type":"binary-expr","locations":[{"start":{"line":85,"column":19},"end":{"line":85,"column":45}},{"start":{"line":85,"column":42},"end":{"line":85,"column":45}}]},"27":{"loc":{"start":{"line":85,"column":19},"end":{"line":85,"column":42}},"type":"cond-expr","locations":[{"start":{"line":85,"column":29},"end":{"line":85,"column":31}},{"start":{"line":85,"column":29},"end":{"line":85,"column":42}}]},"28":{"loc":{"start":{"line":85,"column":19},"end":{"line":85,"column":31}},"type":"binary-expr","locations":[{"start":{"line":85,"column":19},"end":{"line":85,"column":31}},{"start":{"line":85,"column":29},"end":{"line":85,"column":31}}]},"29":{"loc":{"start":{"line":86,"column":18},"end":{"line":86,"column":69}},"type":"cond-expr","locations":[{"start":{"line":86,"column":64},"end":{"line":86,"column":68}},{"start":{"line":86,"column":68},"end":{"line":86,"column":69}}]},"30":{"loc":{"start":{"line":86,"column":18},"end":{"line":86,"column":68}},"type":"binary-expr","locations":[{"start":{"line":86,"column":18},"end":{"line":86,"column":68}},{"start":{"line":86,"column":64},"end":{"line":86,"column":68}}]},"31":{"loc":{"start":{"line":86,"column":18},"end":{"line":86,"column":64}},"type":"cond-expr","locations":[{"start":{"line":86,"column":59},"end":{"line":86,"column":62}},{"start":{"line":86,"column":59},"end":{"line":86,"column":64}}]},"32":{"loc":{"start":{"line":86,"column":18},"end":{"line":86,"column":62}},"type":"binary-expr","locations":[{"start":{"line":86,"column":18},"end":{"line":86,"column":62}},{"start":{"line":86,"column":59},"end":{"line":86,"column":62}}]},"33":{"loc":{"start":{"line":86,"column":18},"end":{"line":86,"column":59}},"type":"cond-expr","locations":[{"start":{"line":86,"column":28},"end":{"line":86,"column":30}},{"start":{"line":86,"column":28},"end":{"line":86,"column":59}}]},"34":{"loc":{"start":{"line":86,"column":18},"end":{"line":86,"column":30}},"type":"binary-expr","locations":[{"start":{"line":86,"column":18},"end":{"line":86,"column":30}},{"start":{"line":86,"column":28},"end":{"line":86,"column":30}}]},"35":{"loc":{"start":{"line":98,"column":2},"end":{"line":103,"column":3}},"type":"if","locations":[{"start":{"line":98,"column":2},"end":{"line":103,"column":3}},{"start":{},"end":{}}]},"36":{"loc":{"start":{"line":113,"column":17},"end":{"line":113,"column":47}},"type":"cond-expr","locations":[{"start":{"line":113,"column":27},"end":{"line":113,"column":35}},{"start":{"line":113,"column":38},"end":{"line":113,"column":47}}]},"37":{"loc":{"start":{"line":119,"column":2},"end":{"line":119,"column":30}},"type":"if","locations":[{"start":{"line":119,"column":2},"end":{"line":119,"column":30}},{"start":{},"end":{}}]},"38":{"loc":{"start":{"line":120,"column":2},"end":{"line":120,"column":30}},"type":"if","locations":[{"start":{"line":120,"column":2},"end":{"line":120,"column":30}},{"start":{},"end":{}}]},"39":{"loc":{"start":{"line":121,"column":2},"end":{"line":121,"column":30}},"type":"if","locations":[{"start":{"line":121,"column":2},"end":{"line":121,"column":30}},{"start":{},"end":{}}]},"40":{"loc":{"start":{"line":122,"column":2},"end":{"line":122,"column":31}},"type":"if","locations":[{"start":{"line":122,"column":2},"end":{"line":122,"column":31}},{"start":{},"end":{}}]},"41":{"loc":{"start":{"line":123,"column":2},"end":{"line":123,"column":31}},"type":"if","locations":[{"start":{"line":123,"column":2},"end":{"line":123,"column":31}},{"start":{},"end":{}}]},"42":{"loc":{"start":{"line":124,"column":2},"end":{"line":124,"column":31}},"type":"if","locations":[{"start":{"line":124,"column":2},"end":{"line":124,"column":31}},{"start":{},"end":{}}]},"43":{"loc":{"start":{"line":125,"column":2},"end":{"line":125,"column":30}},"type":"if","locations":[{"start":{"line":125,"column":2},"end":{"line":125,"column":30}},{"start":{},"end":{}}]},"44":{"loc":{"start":{"line":126,"column":2},"end":{"line":126,"column":31}},"type":"if","locations":[{"start":{"line":126,"column":2},"end":{"line":126,"column":31}},{"start":{},"end":{}}]},"45":{"loc":{"start":{"line":131,"column":2},"end":{"line":131,"column":33}},"type":"if","locations":[{"start":{"line":131,"column":2},"end":{"line":131,"column":33}},{"start":{},"end":{}}]},"46":{"loc":{"start":{"line":132,"column":2},"end":{"line":132,"column":40}},"type":"if","locations":[{"start":{"line":132,"column":2},"end":{"line":132,"column":40}},{"start":{},"end":{}}]},"47":{"loc":{"start":{"line":133,"column":2},"end":{"line":133,"column":36}},"type":"if","locations":[{"start":{"line":133,"column":2},"end":{"line":133,"column":36}},{"start":{},"end":{}}]},"48":{"loc":{"start":{"line":134,"column":2},"end":{"line":134,"column":33}},"type":"if","locations":[{"start":{"line":134,"column":2},"end":{"line":134,"column":33}},{"start":{},"end":{}}]},"49":{"loc":{"start":{"line":135,"column":2},"end":{"line":135,"column":35}},"type":"if","locations":[{"start":{"line":135,"column":2},"end":{"line":135,"column":35}},{"start":{},"end":{}}]},"50":{"loc":{"start":{"line":136,"column":2},"end":{"line":136,"column":33}},"type":"if","locations":[{"start":{"line":136,"column":2},"end":{"line":136,"column":33}},{"start":{},"end":{}}]},"51":{"loc":{"start":{"line":137,"column":2},"end":{"line":137,"column":32}},"type":"if","locations":[{"start":{"line":137,"column":2},"end":{"line":137,"column":32}},{"start":{},"end":{}}]},"52":{"loc":{"start":{"line":138,"column":2},"end":{"line":138,"column":35}},"type":"if","locations":[{"start":{"line":138,"column":2},"end":{"line":138,"column":35}},{"start":{},"end":{}}]}},"s":{"0":2,"1":2,"2":2,"3":2,"4":2,"5":2,"6":2,"7":2,"8":2,"9":2,"10":2,"11":10,"12":10,"13":10,"14":1,"15":9,"16":9,"17":9,"18":9,"19":9,"20":4,"21":4,"22":9,"23":20,"24":20,"25":20,"26":3,"27":17,"28":17,"29":100,"30":1,"31":99,"32":2,"33":97,"34":1,"35":96,"36":45,"37":51,"38":7,"39":44,"40":12,"41":32,"42":10,"43":22,"44":5,"45":17,"46":9,"47":1,"48":8,"49":1,"50":7,"51":1,"52":6,"53":1,"54":5,"55":1,"56":4,"57":1,"58":3,"59":1,"60":2,"61":1,"62":1},"f":{"0":10,"1":20,"2":100,"3":9},"b":{"0":[1,9],"1":[5,4],"2":[9,9],"3":[4,5],"4":[9,9],"5":[3,1],"6":[4,3],"7":[0,4],"8":[4,4],"9":[0,4],"10":[4,4],"11":[3,1],"12":[4,3],"13":[0,4],"14":[4,4],"15":[0,4],"16":[4,4],"17":[3,1],"18":[4,3],"19":[0,4],"20":[4,4],"21":[0,4],"22":[4,4],"23":[3,1],"24":[4,3],"25":[0,4],"26":[4,4],"27":[0,4],"28":[4,4],"29":[3,1],"30":[4,3],"31":[0,4],"32":[4,4],"33":[0,4],"34":[4,4],"35":[3,17],"36":[3,14],"37":[1,99],"38":[2,97],"39":[1,96],"40":[45,51],"41":[7,44],"42":[12,32],"43":[10,22],"44":[5,17],"45":[1,8],"46":[1,7],"47":[1,6],"48":[1,5],"49":[1,4],"50":[1,3],"51":[1,2],"52":[1,1]}}
}
