TN:
SF:src/app/layout.tsx
FN:12,RootLayout
FNF:1
FNH:0
FNDA:0,RootLayout
DA:2,0
DA:3,0
DA:4,0
DA:5,0
DA:7,0
DA:12,0
DA:13,0
LF:7
LH:0
BRF:0
BRH:0
end_of_record
TN:
SF:src/app/page.tsx
FN:5,(anonymous_1)
FN:13,(anonymous_2)
FN:24,(anonymous_3)
FN:33,(anonymous_4)
FN:66,HomePage
FN:98,(anonymous_6)
FNF:6
FNH:0
FNDA:0,(anonymous_1)
FNDA:0,(anonymous_2)
FNDA:0,(anonymous_3)
FNDA:0,(anonymous_4)
FNDA:0,HomePage
FNDA:0,(anonymous_6)
DA:1,0
DA:2,0
DA:5,0
DA:6,0
DA:13,0
DA:14,0
DA:24,0
DA:25,0
DA:33,0
DA:34,0
DA:39,0
DA:66,0
DA:67,0
DA:99,0
LF:14
LH:0
BRF:0
BRH:0
end_of_record
TN:
SF:src/app/accuracy/page.tsx
FN:32,StatCard
FN:41,MaeBar
FN:56,Within10Bar
FN:70,RideCard
FN:113,AccuracyPage
FN:122,(anonymous_6)
FN:124,(anonymous_7)
FN:125,(anonymous_8)
FN:126,(anonymous_9)
FN:130,(anonymous_10)
FN:134,(anonymous_11)
FN:138,(anonymous_12)
FN:142,(anonymous_13)
FN:143,(anonymous_14)
FN:214,(anonymous_15)
FN:217,(anonymous_16)
FN:247,(anonymous_17)
FN:254,(anonymous_18)
FN:267,(anonymous_19)
FN:272,(anonymous_20)
FNF:20
FNH:0
FNDA:0,StatCard
FNDA:0,MaeBar
FNDA:0,Within10Bar
FNDA:0,RideCard
FNDA:0,AccuracyPage
FNDA:0,(anonymous_6)
FNDA:0,(anonymous_7)
FNDA:0,(anonymous_8)
FNDA:0,(anonymous_9)
FNDA:0,(anonymous_10)
FNDA:0,(anonymous_11)
FNDA:0,(anonymous_12)
FNDA:0,(anonymous_13)
FNDA:0,(anonymous_14)
FNDA:0,(anonymous_15)
FNDA:0,(anonymous_16)
FNDA:0,(anonymous_17)
FNDA:0,(anonymous_18)
FNDA:0,(anonymous_19)
FNDA:0,(anonymous_20)
DA:3,0
DA:4,0
DA:5,0
DA:6,0
DA:33,0
DA:42,0
DA:43,0
DA:44,0
DA:57,0
DA:80,0
DA:86,0
DA:113,0
DA:114,0
DA:115,0
DA:116,0
DA:117,0
DA:118,0
DA:119,0
DA:120,0
DA:122,0
DA:123,0
DA:124,0
DA:125,0
DA:127,0
DA:128,0
DA:129,0
DA:130,0
DA:133,0
DA:134,0
DA:138,0
DA:139,0
DA:140,0
DA:142,0
DA:143,0
DA:147,0
DA:215,0
DA:217,0
DA:247,0
DA:254,0
DA:268,0
DA:272,0
LF:41
LH:0
BRDA:80,0,0,0
BRDA:80,0,1,0
BRDA:82,1,0,0
BRDA:82,1,1,0
BRDA:90,2,0,0
BRDA:90,2,1,0
BRDA:128,3,0,0
BRDA:128,3,1,0
BRDA:129,4,0,0
BRDA:129,4,1,0
BRDA:129,5,0,0
BRDA:129,5,1,0
BRDA:134,6,0,0
BRDA:134,6,1,0
BRDA:134,7,0,0
BRDA:134,7,1,0
BRDA:134,8,0,0
BRDA:134,8,1,0
BRDA:134,9,0,0
BRDA:134,9,1,0
BRDA:139,10,0,0
BRDA:139,10,1,0
BRDA:161,11,0,0
BRDA:161,11,1,0
BRDA:167,12,0,0
BRDA:167,12,1,0
BRDA:173,13,0,0
BRDA:173,13,1,0
BRDA:173,13,2,0
BRDA:173,14,0,0
BRDA:173,14,1,0
BRDA:173,15,0,0
BRDA:173,15,1,0
BRDA:182,16,0,0
BRDA:182,16,1,0
BRDA:182,17,0,0
BRDA:182,17,1,0
BRDA:182,18,0,0
BRDA:182,18,1,0
BRDA:195,19,0,0
BRDA:195,19,1,0
BRDA:203,20,0,0
BRDA:203,20,1,0
BRDA:219,21,0,0
BRDA:219,21,1,0
BRDA:265,22,0,0
BRDA:265,22,1,0
BRF:47
BRH:0
end_of_record
TN:
SF:src/app/api/accuracy/route.ts
FN:30,getParkName
FN:44,GET
FN:71,(anonymous_2)
FN:72,(anonymous_3)
FN:73,(anonymous_4)
FN:74,(anonymous_5)
FN:75,(anonymous_6)
FN:95,(anonymous_7)
FN:100,(anonymous_8)
FN:102,(anonymous_9)
FN:105,(anonymous_10)
FN:107,(anonymous_11)
FNF:12
FNH:12
FNDA:18,getParkName
FNDA:16,GET
FNDA:25,(anonymous_2)
FNDA:25,(anonymous_3)
FNDA:25,(anonymous_4)
FNDA:25,(anonymous_5)
FNDA:25,(anonymous_6)
FNDA:18,(anonymous_7)
FNDA:25,(anonymous_8)
FNDA:25,(anonymous_9)
FNDA:4,(anonymous_10)
FNDA:25,(anonymous_11)
DA:1,1
DA:2,1
DA:16,1
DA:18,1
DA:20,1
DA:31,18
DA:44,1
DA:47,16
DA:66,16
DA:67,1
DA:71,25
DA:72,25
DA:73,25
DA:74,25
DA:75,25
DA:81,15
DA:82,15
DA:83,25
DA:84,25
DA:85,18
DA:92,25
DA:94,15
DA:95,18
DA:100,25
DA:102,25
DA:105,4
DA:107,25
DA:118,15
LF:28
LH:28
BRDA:31,0,0,4
BRDA:31,0,1,14
BRDA:66,1,0,1
BRDA:66,1,1,15
BRDA:84,2,0,18
BRDA:84,2,1,7
BRDA:110,3,0,24
BRDA:110,3,1,1
BRF:8
BRH:8
end_of_record
TN:
SF:src/app/api/admin/date-context/route.ts
FN:7,GET
FNF:1
FNH:0
FNDA:0,GET
DA:1,0
DA:2,0
DA:3,0
DA:5,0
DA:7,0
DA:8,0
DA:9,0
DA:11,0
DA:14,0
DA:15,0
DA:18,0
DA:19,0
DA:20,0
DA:22,0
DA:36,0
LF:15
LH:0
BRDA:9,0,0,0
BRDA:9,0,1,0
BRDA:14,1,0,0
BRDA:14,1,1,0
BRDA:14,2,0,0
BRDA:14,2,1,0
BRDA:15,3,0,0
BRDA:15,3,1,0
BRF:8
BRH:0
end_of_record
TN:
SF:src/app/api/calendar/route.ts
FN:22,GET
FN:44,(anonymous_1)
FN:77,(anonymous_2)
FNF:3
FNH:3
FNDA:8,GET
FNDA:35,(anonymous_1)
FNDA:64,(anonymous_2)
DA:1,1
DA:2,1
DA:3,1
DA:4,1
DA:5,1
DA:6,1
DA:7,1
DA:8,1
DA:9,1
DA:12,1
DA:15,1
DA:17,1
DA:22,1
DA:23,8
DA:24,8
DA:25,0
DA:31,8
DA:32,8
DA:37,8
DA:38,3
DA:41,5
DA:42,5
DA:44,35
DA:45,5
DA:46,4
DA:48,4
DA:49,4
DA:55,4
DA:56,2
DA:57,2
DA:58,8
DA:61,2
DA:62,2
DA:63,1
DA:64,1
DA:65,1
DA:66,1
DA:77,4
DA:78,64
DA:79,11
DA:80,11
DA:81,11
DA:83,4
DA:86,1
LF:44
LH:43
BRDA:24,0,0,0
BRDA:24,0,1,8
BRDA:37,1,0,3
BRDA:37,1,1,5
BRDA:45,2,0,4
BRDA:45,2,1,1
BRDA:55,3,0,2
BRDA:55,3,1,2
BRDA:55,4,0,2
BRDA:55,4,1,2
BRDA:55,5,0,4
BRDA:55,5,1,2
BRDA:58,6,0,8
BRDA:58,6,1,0
BRDA:63,7,0,1
BRDA:63,7,1,0
BRDA:78,8,0,53
BRDA:78,8,1,11
BRDA:78,9,0,64
BRDA:78,9,1,12
BRDA:81,10,0,11
BRDA:81,10,1,0
BRF:22
BRH:18
end_of_record
TN:
SF:src/app/api/chat/route.ts
FN:12,getGroqClient
FN:31,POST
FN:49,(anonymous_10)
FN:81,(anonymous_11)
FNF:4
FNH:0
FNDA:0,getGroqClient
FNDA:0,POST
FNDA:0,(anonymous_10)
FNDA:0,(anonymous_11)
DA:1,0
DA:2,0
DA:3,0
DA:4,0
DA:5,0
DA:6,0
DA:7,0
DA:10,0
DA:13,0
DA:15,0
DA:16,0
DA:19,0
DA:22,0
DA:31,0
DA:34,0
DA:35,0
DA:41,0
DA:42,0
DA:43,0
DA:49,0
DA:50,0
DA:52,0
DA:53,0
DA:59,0
DA:64,0
DA:65,0
DA:66,0
DA:67,0
DA:69,0
DA:79,0
DA:80,0
DA:82,0
DA:83,0
DA:84,0
DA:85,0
DA:87,0
DA:92,0
DA:97,0
LF:38
LH:0
BRDA:15,0,0,0
BRDA:15,0,1,0
BRDA:34,1,0,0
BRDA:34,1,1,0
BRDA:42,2,0,0
BRDA:42,2,1,0
BRDA:52,3,0,0
BRDA:52,3,1,0
BRDA:64,4,0,0
BRDA:64,4,1,0
BRDA:65,5,0,0
BRDA:65,5,1,0
BRDA:84,6,0,0
BRDA:84,6,1,0
BRDA:84,7,0,0
BRDA:84,7,1,0
BRDA:84,8,0,0
BRDA:84,8,1,0
BRDA:84,9,0,0
BRDA:84,9,1,0
BRDA:84,10,0,0
BRDA:84,10,1,0
BRDA:84,11,0,0
BRDA:84,11,1,0
BRDA:85,12,0,0
BRDA:85,12,1,0
BRF:26
BRH:0
end_of_record
TN:
SF:src/app/api/cron/sync-date-context/route.ts
FN:7,GET
FNF:1
FNH:0
FNDA:0,GET
DA:1,0
DA:2,0
DA:3,0
DA:5,0
DA:7,0
DA:8,0
DA:9,0
DA:11,0
DA:12,0
DA:14,0
DA:15,0
DA:16,0
DA:18,0
DA:20,0
DA:21,0
LF:15
LH:0
BRDA:9,0,0,0
BRDA:9,0,1,0
BRDA:20,1,0,0
BRDA:20,1,1,0
BRF:4
BRH:0
end_of_record
TN:
SF:src/app/api/forecast/route.ts
FN:25,(anonymous_0)
FN:28,GET
FN:60,(anonymous_2)
FN:69,(anonymous_3)
FN:77,(anonymous_4)
FN:88,(anonymous_5)
FN:90,(anonymous_6)
FN:128,(anonymous_7)
FNF:8
FNH:8
FNDA:55,(anonymous_0)
FNDA:57,GET
FNDA:42,(anonymous_2)
FNDA:47,(anonymous_3)
FNDA:7,(anonymous_4)
FNDA:7,(anonymous_5)
FNDA:7,(anonymous_6)
FNDA:42,(anonymous_7)
DA:1,1
DA:2,1
DA:3,1
DA:4,1
DA:5,1
DA:6,1
DA:7,1
DA:8,1
DA:9,1
DA:10,1
DA:13,1
DA:19,1
DA:21,1
DA:25,55
DA:28,1
DA:29,57
DA:30,57
DA:31,1
DA:37,56
DA:38,56
DA:40,56
DA:41,8
DA:47,48
DA:48,48
DA:49,48
DA:59,48
DA:60,42
DA:63,48
DA:65,48
DA:69,48
DA:70,48
DA:72,48
DA:73,7
DA:75,7
DA:76,5
DA:77,7
DA:88,7
DA:89,5
DA:90,7
DA:92,5
DA:93,5
DA:94,5
DA:97,5
DA:109,2
DA:110,2
DA:111,2
DA:112,2
DA:113,1
DA:114,1
DA:117,2
DA:128,42
DA:139,41
DA:140,41
DA:141,41
DA:142,41
DA:148,41
LF:56
LH:56
BRDA:30,0,0,1
BRDA:30,0,1,56
BRDA:40,1,0,8
BRDA:40,1,1,48
BRDA:59,2,0,41
BRDA:59,2,1,7
BRDA:63,3,0,4
BRDA:63,3,1,44
BRDA:63,4,0,48
BRDA:63,4,1,48
BRDA:63,5,0,44
BRDA:63,5,1,4
BRDA:63,6,0,48
BRDA:63,6,1,4
BRDA:65,7,0,41
BRDA:65,7,1,7
BRDA:69,8,0,48
BRDA:69,8,1,47
BRDA:70,9,0,47
BRDA:70,9,1,1
BRDA:70,10,0,48
BRDA:70,10,1,48
BRDA:70,11,0,1
BRDA:70,11,1,47
BRDA:70,12,0,48
BRDA:70,12,1,48
BRDA:72,13,0,7
BRDA:72,13,1,41
BRDA:75,14,0,5
BRDA:75,14,1,2
BRDA:140,15,0,41
BRDA:140,15,1,0
BRDA:151,16,0,3
BRDA:151,16,1,38
BRDA:152,17,0,2
BRDA:152,17,1,39
BRDA:152,18,0,41
BRDA:152,18,1,39
BRDA:152,19,0,37
BRDA:152,19,1,4
BRDA:152,20,0,41
BRDA:152,20,1,4
BRF:42
BRH:41
end_of_record
TN:
SF:src/app/api/live/route.ts
FN:12,GET
FNF:1
FNH:0
FNDA:0,GET
DA:1,0
DA:2,0
DA:3,0
DA:10,0
DA:12,0
DA:13,0
DA:14,0
DA:15,0
DA:17,0
DA:18,0
LF:10
LH:0
BRDA:17,0,0,0
BRDA:17,0,1,0
BRF:2
BRH:0
end_of_record
TN:
SF:src/app/api/weather/route.ts
FN:16,isoDate
FN:20,GET
FNF:2
FNH:0
FNDA:0,isoDate
FNDA:0,GET
DA:1,0
DA:2,0
DA:3,0
DA:4,0
DA:13,0
DA:14,0
DA:17,0
DA:20,0
DA:21,0
DA:22,0
DA:23,0
DA:29,0
DA:30,0
DA:32,0
DA:33,0
DA:34,0
DA:38,0
DA:39,0
LF:18
LH:0
BRDA:22,0,0,0
BRDA:22,0,1,0
BRDA:38,1,0,0
BRDA:38,1,1,0
BRF:4
BRH:0
end_of_record
TN:
SF:src/app/calendar/page.tsx
FN:19,(anonymous_0)
FN:29,(anonymous_1)
FN:35,(anonymous_2)
FN:41,(anonymous_3)
FN:47,SourceBadge
FN:67,TierBadge
FN:80,ScoreBar
FN:102,CalendarPage
FN:111,(anonymous_8)
FN:113,(anonymous_9)
FN:114,(anonymous_10)
FN:115,(anonymous_11)
FN:117,(anonymous_12)
FN:120,(anonymous_13)
FN:131,(anonymous_14)
FN:148,(anonymous_15)
FN:151,prevMonth
FN:154,(anonymous_17)
FN:155,(anonymous_18)
FN:158,nextMonth
FN:161,(anonymous_20)
FN:162,(anonymous_21)
FN:176,(anonymous_22)
FN:183,(anonymous_23)
FN:185,(anonymous_24)
FN:188,(anonymous_25)
FN:191,(anonymous_26)
FN:219,(anonymous_27)
FN:261,(anonymous_28)
FN:271,(anonymous_29)
FN:279,(anonymous_30)
FN:297,(anonymous_31)
FN:313,(anonymous_32)
FN:318,(anonymous_33)
FN:465,(anonymous_34)
FN:494,(anonymous_35)
FN:499,(anonymous_36)
FN:533,(anonymous_37)
FN:536,(anonymous_38)
FNF:39
FNH:0
FNDA:0,(anonymous_0)
FNDA:0,(anonymous_1)
FNDA:0,(anonymous_2)
FNDA:0,(anonymous_3)
FNDA:0,SourceBadge
FNDA:0,TierBadge
FNDA:0,ScoreBar
FNDA:0,CalendarPage
FNDA:0,(anonymous_8)
FNDA:0,(anonymous_9)
FNDA:0,(anonymous_10)
FNDA:0,(anonymous_11)
FNDA:0,(anonymous_12)
FNDA:0,(anonymous_13)
FNDA:0,(anonymous_14)
FNDA:0,(anonymous_15)
FNDA:0,prevMonth
FNDA:0,(anonymous_17)
FNDA:0,(anonymous_18)
FNDA:0,nextMonth
FNDA:0,(anonymous_20)
FNDA:0,(anonymous_21)
FNDA:0,(anonymous_22)
FNDA:0,(anonymous_23)
FNDA:0,(anonymous_24)
FNDA:0,(anonymous_25)
FNDA:0,(anonymous_26)
FNDA:0,(anonymous_27)
FNDA:0,(anonymous_28)
FNDA:0,(anonymous_29)
FNDA:0,(anonymous_30)
FNDA:0,(anonymous_31)
FNDA:0,(anonymous_32)
FNDA:0,(anonymous_33)
FNDA:0,(anonymous_34)
FNDA:0,(anonymous_35)
FNDA:0,(anonymous_36)
FNDA:0,(anonymous_37)
FNDA:0,(anonymous_38)
DA:3,0
DA:4,0
DA:5,0
DA:6,0
DA:17,0
DA:19,0
DA:20,0
DA:29,0
DA:30,0
DA:35,0
DA:36,0
DA:41,0
DA:42,0
DA:48,0
DA:49,0
DA:54,0
DA:55,0
DA:65,0
DA:68,0
DA:69,0
DA:70,0
DA:81,0
DA:82,0
DA:102,0
DA:103,0
DA:104,0
DA:105,0
DA:106,0
DA:107,0
DA:108,0
DA:109,0
DA:111,0
DA:112,0
DA:113,0
DA:115,0
DA:117,0
DA:120,0
DA:129,0
DA:131,0
DA:132,0
DA:133,0
DA:136,0
DA:137,0
DA:139,0
DA:140,0
DA:144,0
DA:148,0
DA:152,0
DA:153,0
DA:154,0
DA:155,0
DA:159,0
DA:160,0
DA:161,0
DA:162,0
DA:165,0
DA:166,0
DA:167,0
DA:169,0
DA:170,0
DA:171,0
DA:172,0
DA:173,0
DA:175,0
DA:176,0
DA:180,0
DA:183,0
DA:184,0
DA:185,0
DA:187,0
DA:188,0
DA:190,0
DA:191,0
DA:194,0
DA:220,0
DA:262,0
DA:272,0
DA:280,0
DA:281,0
DA:282,0
DA:283,0
DA:284,0
DA:285,0
DA:286,0
DA:287,0
DA:288,0
DA:289,0
DA:290,0
DA:292,0
DA:294,0
DA:297,0
DA:314,0
DA:315,0
DA:319,0
DA:320,0
DA:466,0
DA:467,0
DA:468,0
DA:494,0
DA:500,0
DA:533,0
DA:537,0
LF:102
LH:0
BRDA:48,0,0,0
BRDA:48,0,1,0
BRDA:48,1,0,0
BRDA:48,1,1,0
BRDA:54,2,0,0
BRDA:54,2,1,0
BRDA:68,3,0,0
BRDA:68,3,1,0
BRDA:113,4,0,0
BRDA:113,4,1,0
BRDA:115,5,0,0
BRDA:115,5,1,0
BRDA:115,6,0,0
BRDA:115,6,1,0
BRDA:137,7,0,0
BRDA:137,7,1,0
BRDA:137,8,0,0
BRDA:137,8,1,0
BRDA:139,9,0,0
BRDA:139,9,1,0
BRDA:139,10,0,0
BRDA:139,10,1,0
BRDA:144,11,0,0
BRDA:144,11,1,0
BRDA:154,12,0,0
BRDA:154,12,1,0
BRDA:161,13,0,0
BRDA:161,13,1,0
BRDA:172,14,0,0
BRDA:172,14,1,0
BRDA:172,15,0,0
BRDA:172,15,1,0
BRDA:176,16,0,0
BRDA:176,16,1,0
BRDA:176,17,0,0
BRDA:176,17,1,0
BRDA:183,18,0,0
BRDA:183,18,1,0
BRDA:184,19,0,0
BRDA:184,19,1,0
BRDA:185,20,0,0
BRDA:185,20,1,0
BRDA:185,21,0,0
BRDA:185,21,1,0
BRDA:187,22,0,0
BRDA:187,22,1,0
BRDA:188,23,0,0
BRDA:188,23,1,0
BRDA:188,24,0,0
BRDA:188,24,1,0
BRDA:188,25,0,0
BRDA:188,25,1,0
BRDA:188,26,0,0
BRDA:188,26,1,0
BRDA:188,27,0,0
BRDA:188,27,1,0
BRDA:190,28,0,0
BRDA:190,28,1,0
BRDA:191,29,0,0
BRDA:191,29,1,0
BRDA:191,30,0,0
BRDA:191,30,1,0
BRDA:191,31,0,0
BRDA:191,31,1,0
BRDA:191,32,0,0
BRDA:191,32,1,0
BRDA:191,33,0,0
BRDA:191,33,1,0
BRDA:213,34,0,0
BRDA:213,34,1,0
BRDA:213,34,2,0
BRDA:217,35,0,0
BRDA:217,35,1,0
BRDA:217,36,0,0
BRDA:217,36,1,0
BRDA:217,37,0,0
BRDA:217,37,1,0
BRDA:217,38,0,0
BRDA:217,38,1,0
BRDA:217,39,0,0
BRDA:217,39,1,0
BRDA:217,40,0,0
BRDA:217,40,1,0
BRDA:218,41,0,0
BRDA:218,41,1,0
BRDA:218,42,0,0
BRDA:218,42,1,0
BRDA:218,43,0,0
BRDA:218,43,1,0
BRDA:218,44,0,0
BRDA:218,44,1,0
BRDA:218,45,0,0
BRDA:218,45,1,0
BRDA:218,46,0,0
BRDA:218,46,1,0
BRDA:227,47,0,0
BRDA:227,47,1,0
BRDA:269,48,0,0
BRDA:269,48,1,0
BRDA:280,49,0,0
BRDA:280,49,1,0
BRDA:280,50,0,0
BRDA:280,50,1,0
BRDA:281,51,0,0
BRDA:281,51,1,0
BRDA:281,52,0,0
BRDA:281,52,1,0
BRDA:282,53,0,0
BRDA:282,53,1,0
BRDA:282,54,0,0
BRDA:282,54,1,0
BRDA:282,55,0,0
BRDA:282,55,1,0
BRDA:282,56,0,0
BRDA:282,56,1,0
BRDA:282,57,0,0
BRDA:282,57,1,0
BRDA:283,58,0,0
BRDA:283,58,1,0
BRDA:283,59,0,0
BRDA:283,59,1,0
BRDA:283,60,0,0
BRDA:283,60,1,0
BRDA:283,61,0,0
BRDA:283,61,1,0
BRDA:292,62,0,0
BRDA:292,62,1,0
BRDA:297,63,0,0
BRDA:297,63,1,0
BRDA:297,63,2,0
BRDA:297,64,0,0
BRDA:297,64,1,0
BRDA:299,65,0,0
BRDA:299,65,1,0
BRDA:300,66,0,0
BRDA:300,66,1,0
BRDA:301,67,0,0
BRDA:301,67,1,0
BRDA:301,68,0,0
BRDA:301,68,1,0
BRDA:304,69,0,0
BRDA:304,69,1,0
BRDA:306,70,0,0
BRDA:306,70,1,0
BRDA:307,71,0,0
BRDA:307,71,1,0
BRDA:311,72,0,0
BRDA:311,72,1,0
BRDA:314,73,0,0
BRDA:314,73,1,0
BRDA:314,74,0,0
BRDA:314,74,1,0
BRDA:314,74,2,0
BRDA:319,75,0,0
BRDA:319,75,1,0
BRDA:319,76,0,0
BRDA:319,76,1,0
BRDA:319,76,2,0
BRDA:324,77,0,0
BRDA:324,77,1,0
BRDA:324,78,0,0
BRDA:324,78,1,0
BRDA:335,79,0,0
BRDA:335,79,1,0
BRDA:341,80,0,0
BRDA:341,80,1,0
BRDA:341,81,0,0
BRDA:341,81,1,0
BRDA:346,82,0,0
BRDA:346,82,1,0
BRDA:350,83,0,0
BRDA:350,83,1,0
BRDA:356,84,0,0
BRDA:356,84,1,0
BRDA:357,85,0,0
BRDA:357,85,1,0
BRDA:364,86,0,0
BRDA:364,86,1,0
BRDA:376,87,0,0
BRDA:376,87,1,0
BRDA:376,87,2,0
BRDA:376,87,3,0
BRDA:376,87,4,0
BRDA:380,88,0,0
BRDA:380,88,1,0
BRDA:388,89,0,0
BRDA:388,89,1,0
BRDA:397,90,0,0
BRDA:397,90,1,0
BRDA:413,91,0,0
BRDA:413,91,1,0
BRDA:427,92,0,0
BRDA:427,92,1,0
BRDA:446,93,0,0
BRDA:446,93,1,0
BRDA:447,94,0,0
BRDA:447,94,1,0
BRDA:448,95,0,0
BRDA:448,95,1,0
BRDA:449,96,0,0
BRDA:449,96,1,0
BRDA:450,97,0,0
BRDA:450,97,1,0
BRDA:451,98,0,0
BRDA:451,98,1,0
BRDA:453,99,0,0
BRDA:453,99,1,0
BRDA:459,100,0,0
BRDA:459,100,1,0
BRDA:467,101,0,0
BRDA:467,101,1,0
BRDA:474,102,0,0
BRDA:474,102,1,0
BRDA:487,103,0,0
BRDA:487,103,1,0
BRDA:492,104,0,0
BRDA:492,104,1,0
BRDA:504,105,0,0
BRDA:504,105,1,0
BRDA:505,106,0,0
BRDA:505,106,1,0
BRDA:508,107,0,0
BRDA:508,107,1,0
BRDA:509,108,0,0
BRDA:509,108,1,0
BRF:225
BRH:0
end_of_record
TN:
SF:src/app/chat/page.tsx
FN:7,(anonymous_10)
FN:13,ChatPage
FN:25,(anonymous_12)
FN:28,(anonymous_13)
FNF:4
FNH:0
FNDA:0,(anonymous_10)
FNDA:0,ChatPage
FNDA:0,(anonymous_12)
FNDA:0,(anonymous_13)
DA:3,0
DA:4,0
DA:5,0
DA:7,0
DA:8,0
DA:13,0
DA:14,0
DA:16,0
DA:26,0
DA:28,0
LF:10
LH:0
BRDA:28,0,0,0
BRDA:28,0,1,0
BRDA:28,1,0,0
BRDA:28,1,1,0
BRF:4
BRH:0
end_of_record
TN:
SF:src/app/wait-times/page.tsx
FN:5,(anonymous_1)
FN:20,resolveInitialDate
FN:39,WaitTimesPage
FNF:3
FNH:0
FNDA:0,(anonymous_1)
FNDA:0,resolveInitialDate
FNDA:0,WaitTimesPage
DA:1,0
DA:2,0
DA:3,0
DA:5,0
DA:6,0
DA:11,0
DA:21,0
DA:22,0
DA:26,0
DA:27,0
DA:28,0
DA:33,0
DA:36,0
DA:39,0
DA:44,0
DA:46,0
LF:16
LH:0
BRDA:21,0,0,0
BRDA:21,0,1,0
BRDA:22,1,0,0
BRDA:22,1,1,0
BRDA:22,2,0,0
BRDA:22,2,1,0
BRDA:28,3,0,0
BRDA:28,3,1,0
BRDA:29,4,0,0
BRDA:29,4,1,0
BRDA:29,4,2,0
BRF:11
BRH:0
end_of_record
TN:
SF:src/components/AccuracyChart.tsx
FN:23,AccuracyChart
FN:25,(anonymous_1)
FN:26,(anonymous_2)
FN:29,(anonymous_3)
FNF:4
FNH:0
FNDA:0,AccuracyChart
FNDA:0,(anonymous_1)
FNDA:0,(anonymous_2)
FNDA:0,(anonymous_3)
DA:3,0
DA:12,0
DA:23,0
DA:24,0
DA:25,0
DA:26,0
DA:29,0
DA:35,0
LF:8
LH:0
BRF:0
BRH:0
end_of_record
TN:
SF:src/components/ChatAssistant.tsx
FN:17,ChatAssistant
FN:24,(anonymous_1)
FN:28,(anonymous_2)
FN:29,(anonymous_3)
FN:32,(anonymous_4)
FN:66,(anonymous_5)
FN:74,(anonymous_6)
FN:87,(anonymous_7)
FN:89,send
FN:110,(anonymous_9)
FN:132,(anonymous_10)
FNF:11
FNH:9
FNDA:16,ChatAssistant
FNDA:13,(anonymous_1)
FNDA:7,(anonymous_2)
FNDA:7,(anonymous_3)
FNDA:3,(anonymous_4)
FNDA:0,(anonymous_5)
FNDA:3,(anonymous_6)
FNDA:0,(anonymous_7)
FNDA:3,send
FNDA:12,(anonymous_9)
FNDA:3,(anonymous_10)
DA:3,1
DA:7,1
DA:16,1
DA:18,16
DA:19,16
DA:20,16
DA:21,16
DA:22,16
DA:24,16
DA:25,13
DA:28,16
DA:29,7
DA:32,16
DA:33,3
DA:35,3
DA:36,3
DA:37,3
DA:39,3
DA:40,3
DA:41,3
DA:42,3
DA:43,3
DA:45,3
DA:46,3
DA:48,3
DA:49,3
DA:56,2
DA:58,1
DA:59,1
DA:60,0
DA:62,0
DA:63,0
DA:64,0
DA:65,0
DA:66,0
DA:67,0
DA:68,0
DA:69,0
DA:73,3
DA:74,3
DA:75,3
DA:76,3
DA:80,3
DA:83,3
DA:87,16
DA:90,3
DA:91,3
DA:94,16
DA:111,12
DA:132,3
DA:150,1
LF:51
LH:42
BRDA:25,0,0,0
BRDA:25,0,1,13
BRDA:25,1,0,13
BRDA:25,1,1,13
BRDA:29,2,0,4
BRDA:29,2,1,3
BRDA:29,3,0,7
BRDA:29,3,1,3
BRDA:33,4,0,0
BRDA:33,4,1,3
BRDA:33,5,0,3
BRDA:33,5,1,3
BRDA:35,6,0,3
BRDA:35,6,1,0
BRDA:35,7,0,3
BRDA:35,7,1,0
BRDA:56,8,0,1
BRDA:56,8,1,1
BRDA:56,9,0,2
BRDA:56,9,1,1
BRDA:64,10,0,0
BRDA:64,10,1,0
BRDA:73,11,0,0
BRDA:73,11,1,3
BRDA:73,12,0,3
BRDA:73,12,1,3
BRDA:97,13,0,16
BRDA:97,13,1,10
BRDA:111,14,0,6
BRDA:111,14,1,6
BRDA:114,15,0,6
BRDA:114,15,1,6
BRDA:120,16,0,12
BRDA:120,16,1,6
BRDA:120,16,2,3
BRDA:120,16,3,3
BRDA:139,17,0,16
BRDA:139,17,1,13
BRF:38
BRH:31
end_of_record
TN:
SF:src/components/CrowdMeter.tsx
FN:9,CrowdMeter
FN:11,(anonymous_1)
FN:13,(anonymous_2)
FNF:3
FNH:0
FNDA:0,CrowdMeter
FNDA:0,(anonymous_1)
FNDA:0,(anonymous_2)
DA:3,0
DA:4,0
DA:5,0
DA:9,0
DA:10,0
DA:11,0
DA:13,0
DA:14,0
DA:17,0
DA:18,0
DA:20,0
LF:11
LH:0
BRF:0
BRH:0
end_of_record
TN:
SF:src/components/DateForecaster.tsx
FN:19,timeAgo
FN:27,DateForecaster
FN:33,handleSubmit
FNF:3
FNH:0
FNDA:0,timeAgo
FNDA:0,DateForecaster
FNDA:0,handleSubmit
DA:3,0
DA:4,0
DA:5,0
DA:6,0
DA:7,0
DA:20,0
DA:21,0
DA:22,0
DA:23,0
DA:24,0
DA:27,0
DA:28,0
DA:29,0
DA:30,0
DA:31,0
DA:34,0
DA:35,0
DA:36,0
DA:37,0
DA:38,0
DA:39,0
DA:40,0
DA:41,0
DA:42,0
DA:44,0
DA:46,0
DA:50,0
LF:27
LH:0
BRDA:21,0,0,0
BRDA:21,0,1,0
BRDA:23,1,0,0
BRDA:23,1,1,0
BRDA:41,2,0,0
BRDA:41,2,1,0
BRDA:41,3,0,0
BRDA:41,3,1,0
BRDA:41,4,0,0
BRDA:41,4,1,0
BRDA:44,5,0,0
BRDA:44,5,1,0
BRDA:59,6,0,0
BRDA:59,6,1,0
BRDA:64,7,0,0
BRDA:64,7,1,0
BRDA:76,8,0,0
BRDA:76,8,1,0
BRDA:84,9,0,0
BRDA:84,9,1,0
BRDA:89,10,0,0
BRDA:89,10,1,0
BRDA:95,11,0,0
BRDA:95,11,1,0
BRDA:101,12,0,0
BRDA:101,12,1,0
BRDA:107,13,0,0
BRDA:107,13,1,0
BRDA:110,14,0,0
BRDA:110,14,1,0
BRDA:115,15,0,0
BRDA:115,15,1,0
BRF:32
BRH:0
end_of_record
TN:
SF:src/components/DisneyDatePicker.tsx
FN:13,parseLocalDate
FN:18,monthStartFromValue
FN:23,DisneyDatePicker
FN:25,(anonymous_3)
FN:41,(anonymous_4)
FN:42,handler
FN:48,(anonymous_6)
FN:51,prevDay
FN:55,nextDay
FN:59,selectDay
FN:105,(anonymous_10)
FN:105,(anonymous_11)
FN:147,(anonymous_12)
FN:147,(anonymous_13)
FN:159,(anonymous_14)
FN:159,(anonymous_15)
FN:170,(anonymous_16)
FN:179,(anonymous_17)
FN:182,(anonymous_18)
FN:190,(anonymous_19)
FNF:20
FNH:0
FNDA:0,parseLocalDate
FNDA:0,monthStartFromValue
FNDA:0,DisneyDatePicker
FNDA:0,(anonymous_3)
FNDA:0,(anonymous_4)
FNDA:0,handler
FNDA:0,(anonymous_6)
FNDA:0,prevDay
FNDA:0,nextDay
FNDA:0,selectDay
FNDA:0,(anonymous_10)
FNDA:0,(anonymous_11)
FNDA:0,(anonymous_12)
FNDA:0,(anonymous_13)
FNDA:0,(anonymous_14)
FNDA:0,(anonymous_15)
FNDA:0,(anonymous_16)
FNDA:0,(anonymous_17)
FNDA:0,(anonymous_18)
FNDA:0,(anonymous_19)
DA:3,0
DA:4,0
DA:5,0
DA:14,0
DA:15,0
DA:19,0
DA:20,0
DA:23,0
DA:24,0
DA:25,0
DA:26,0
DA:32,0
DA:33,0
DA:34,0
DA:35,0
DA:38,0
DA:39,0
DA:41,0
DA:43,0
DA:44,0
DA:47,0
DA:48,0
DA:52,0
DA:56,0
DA:60,0
DA:61,0
DA:64,0
DA:65,0
DA:66,0
DA:67,0
DA:69,0
DA:105,0
DA:147,0
DA:159,0
DA:171,0
DA:180,0
DA:183,0
DA:184,0
DA:185,0
DA:186,0
DA:190,0
LF:41
LH:0
BRDA:33,0,0,0
BRDA:33,0,1,0
BRDA:43,1,0,0
BRDA:43,1,1,0
BRDA:43,2,0,0
BRDA:43,2,1,0
BRDA:71,3,0,0
BRDA:71,3,1,0
BRDA:134,4,0,0
BRDA:134,4,1,0
BRDA:193,5,0,0
BRDA:193,5,1,0
BRDA:195,6,0,0
BRDA:195,6,1,0
BRF:14
BRH:0
end_of_record
TN:
SF:src/components/LoadingScreen.tsx
FN:50,LoadingScreen
FN:57,(anonymous_1)
FN:60,(anonymous_2)
FN:61,(anonymous_3)
FN:79,(anonymous_4)
FN:80,(anonymous_5)
FN:80,(anonymous_6)
FN:81,(anonymous_7)
FN:85,(anonymous_8)
FN:86,(anonymous_9)
FN:102,(anonymous_10)
FN:105,(anonymous_11)
FN:112,(anonymous_12)
FN:116,(anonymous_13)
FN:119,(anonymous_14)
FN:150,(anonymous_15)
FN:179,(anonymous_16)
FN:285,(anonymous_17)
FN:299,(anonymous_18)
FN:316,(anonymous_19)
FNF:20
FNH:18
FNDA:9,LoadingScreen
FNDA:5,(anonymous_1)
FNDA:5,(anonymous_2)
FNDA:400,(anonymous_3)
FNDA:5,(anonymous_4)
FNDA:0,(anonymous_5)
FNDA:0,(anonymous_6)
FNDA:5,(anonymous_7)
FNDA:5,(anonymous_8)
FNDA:16,(anonymous_9)
FNDA:5,(anonymous_10)
FNDA:2,(anonymous_11)
FNDA:2,(anonymous_12)
FNDA:5,(anonymous_13)
FNDA:5,(anonymous_14)
FNDA:720,(anonymous_15)
FNDA:36,(anonymous_16)
FNDA:72,(anonymous_17)
FNDA:72,(anonymous_18)
FNDA:72,(anonymous_19)
DA:3,1
DA:4,1
DA:6,1
DA:8,1
DA:40,1
DA:50,1
DA:51,9
DA:52,9
DA:53,9
DA:57,9
DA:58,5
DA:60,9
DA:61,400
DA:70,9
DA:72,9
DA:73,9
DA:74,9
DA:75,9
DA:76,9
DA:79,9
DA:80,5
DA:81,5
DA:85,9
DA:86,5
DA:87,16
DA:88,16
DA:90,16
DA:94,16
DA:95,16
DA:96,16
DA:97,16
DA:98,3
DA:99,3
DA:102,5
DA:105,9
DA:106,2
DA:107,2
DA:108,2
DA:109,2
DA:110,2
DA:111,2
DA:112,2
DA:116,9
DA:117,5
DA:118,5
DA:119,5
DA:120,5
DA:121,5
DA:125,9
DA:126,9
DA:127,9
DA:128,9
DA:130,9
DA:151,720
DA:180,36
DA:286,72
DA:300,72
DA:317,72
LF:58
LH:58
BRDA:88,0,0,0
BRDA:88,0,1,16
BRDA:90,1,0,10
BRDA:90,1,1,6
BRDA:91,2,0,6
BRDA:91,2,1,0
BRDA:92,3,0,0
BRDA:92,3,1,0
BRDA:97,4,0,3
BRDA:97,4,1,13
BRDA:97,5,0,16
BRDA:97,5,1,3
BRDA:106,6,0,0
BRDA:106,6,1,2
BRDA:142,7,0,7
BRDA:142,7,1,2
BRDA:143,8,0,7
BRDA:143,8,1,2
BRDA:144,9,0,7
BRDA:144,9,1,2
BRDA:189,10,0,9
BRDA:189,10,1,27
BRDA:190,11,0,9
BRDA:190,11,1,27
BRDA:191,12,0,9
BRDA:191,12,1,27
BRDA:192,13,0,9
BRDA:192,13,1,27
BRDA:396,14,0,4
BRDA:396,14,1,5
BRF:30
BRH:25
end_of_record
TN:
SF:src/components/LoadingScreenMount.tsx
FN:18,(anonymous_10)
FN:18,(anonymous_11)
FN:20,LoadingScreenMount
FNF:3
FNH:0
FNDA:0,(anonymous_10)
FNDA:0,(anonymous_11)
FNDA:0,LoadingScreenMount
DA:3,0
DA:18,0
DA:20,0
DA:21,0
LF:4
LH:0
BRF:0
BRH:0
end_of_record
TN:
SF:src/components/Nav.tsx
FN:15,(anonymous_1)
FN:21,NavLink
FN:44,Nav
FN:48,(anonymous_4)
FN:50,(anonymous_5)
FN:52,(anonymous_6)
FN:84,(anonymous_7)
FN:94,(anonymous_8)
FN:94,(anonymous_9)
FN:114,(anonymous_10)
FN:120,(anonymous_11)
FNF:11
FNH:0
FNDA:0,(anonymous_1)
FNDA:0,NavLink
FNDA:0,Nav
FNDA:0,(anonymous_4)
FNDA:0,(anonymous_5)
FNDA:0,(anonymous_6)
FNDA:0,(anonymous_7)
FNDA:0,(anonymous_8)
FNDA:0,(anonymous_9)
FNDA:0,(anonymous_10)
FNDA:0,(anonymous_11)
DA:3,0
DA:4,0
DA:5,0
DA:7,0
DA:15,0
DA:16,0
DA:22,0
DA:44,0
DA:45,0
DA:46,0
DA:48,0
DA:49,0
DA:50,0
DA:51,0
DA:52,0
DA:58,0
DA:59,0
DA:60,0
DA:61,0
DA:64,0
DA:85,0
DA:94,0
DA:115,0
DA:120,0
LF:24
LH:0
BRDA:26,0,0,0
BRDA:26,0,1,0
BRDA:28,1,0,0
BRDA:28,1,1,0
BRDA:31,2,0,0
BRDA:31,2,1,0
BRDA:49,3,0,0
BRDA:49,3,1,0
BRDA:50,4,0,0
BRDA:50,4,1,0
BRDA:59,5,0,0
BRDA:59,5,1,0
BRDA:95,6,0,0
BRDA:95,6,1,0
BRDA:98,7,0,0
BRDA:98,7,1,0
BRDA:111,8,0,0
BRDA:111,8,1,0
BRF:18
BRH:0
end_of_record
TN:
SF:src/components/PageHeader.tsx
FN:3,PageHeader
FNF:1
FNH:0
FNDA:0,PageHeader
DA:1,0
DA:3,0
DA:12,0
LF:3
LH:0
BRF:0
BRH:0
end_of_record
TN:
SF:src/components/RidePredictionTable.tsx
FN:16,ConfidenceBar
FN:36,Header
FN:51,(anonymous_2)
FN:59,RidePredictionTable
FN:63,toggleSort
FN:64,(anonymous_5)
FN:68,(anonymous_6)
FN:68,(anonymous_7)
FN:89,(anonymous_8)
FNF:9
FNH:9
FNDA:24,ConfidenceBar
FNDA:24,Header
FNDA:3,(anonymous_2)
FNDA:8,RidePredictionTable
FNDA:3,toggleSort
FNDA:2,(anonymous_5)
FNDA:8,(anonymous_6)
FNDA:19,(anonymous_7)
FNDA:24,(anonymous_8)
DA:3,1
DA:4,1
DA:17,24
DA:18,24
DA:49,24
DA:51,3
DA:59,1
DA:60,8
DA:61,8
DA:64,3
DA:65,1
DA:68,8
DA:69,19
DA:70,19
DA:71,19
DA:72,19
DA:75,8
DA:90,24
LF:18
LH:18
BRDA:54,0,0,8
BRDA:54,0,1,16
BRDA:54,1,0,2
BRDA:54,1,1,6
BRDA:64,2,0,2
BRDA:64,2,1,1
BRDA:71,3,0,13
BRDA:71,3,1,6
BRDA:72,4,0,6
BRDA:72,4,1,13
BRDA:90,5,0,16
BRDA:90,5,1,8
BRF:12
BRH:12
end_of_record
TN:
SF:src/components/SpaceBackground.tsx
FN:30,SpaceBackground
FN:38,(anonymous_1)
FN:42,initParticles
FN:44,(anonymous_3)
FN:58,resize
FN:77,(anonymous_5)
FN:80,(anonymous_6)
FN:81,(anonymous_7)
FN:94,draw
FN:104,(anonymous_9)
FN:193,(anonymous_10)
FN:216,(anonymous_11)
FNF:12
FNH:0
FNDA:0,SpaceBackground
FNDA:0,(anonymous_1)
FNDA:0,initParticles
FNDA:0,(anonymous_3)
FNDA:0,resize
FNDA:0,(anonymous_5)
FNDA:0,(anonymous_6)
FNDA:0,(anonymous_7)
FNDA:0,draw
FNDA:0,(anonymous_9)
FNDA:0,(anonymous_10)
FNDA:0,(anonymous_11)
DA:3,0
DA:18,0
DA:25,0
DA:26,0
DA:27,0
DA:28,0
DA:30,0
DA:31,0
DA:32,0
DA:33,0
DA:34,0
DA:35,0
DA:36,0
DA:38,0
DA:39,0
DA:40,0
DA:43,0
DA:44,0
DA:45,0
DA:46,0
DA:59,0
DA:60,0
DA:61,0
DA:64,0
DA:65,0
DA:67,0
DA:68,0
DA:69,0
DA:70,0
DA:71,0
DA:72,0
DA:73,0
DA:74,0
DA:75,0
DA:77,0
DA:80,0
DA:81,0
DA:82,0
DA:83,0
DA:85,0
DA:89,0
DA:90,0
DA:92,0
DA:95,0
DA:96,0
DA:97,0
DA:98,0
DA:100,0
DA:101,0
DA:104,0
DA:105,0
DA:106,0
DA:107,0
DA:108,0
DA:109,0
DA:111,0
DA:112,0
DA:113,0
DA:116,0
DA:117,0
DA:118,0
DA:120,0
DA:121,0
DA:122,0
DA:123,0
DA:125,0
DA:126,0
DA:127,0
DA:128,0
DA:129,0
DA:130,0
DA:131,0
DA:134,0
DA:135,0
DA:136,0
DA:137,0
DA:138,0
DA:139,0
DA:140,0
DA:141,0
DA:145,0
DA:146,0
DA:147,0
DA:151,0
DA:152,0
DA:153,0
DA:154,0
DA:155,0
DA:156,0
DA:157,0
DA:158,0
DA:159,0
DA:160,0
DA:161,0
DA:162,0
DA:163,0
DA:164,0
DA:170,0
DA:171,0
DA:172,0
DA:173,0
DA:175,0
DA:176,0
DA:177,0
DA:178,0
DA:179,0
DA:180,0
DA:181,0
DA:182,0
DA:183,0
DA:186,0
DA:187,0
DA:188,0
DA:189,0
DA:193,0
DA:194,0
DA:195,0
DA:196,0
DA:197,0
DA:198,0
DA:199,0
DA:200,0
DA:201,0
DA:202,0
DA:203,0
DA:204,0
DA:205,0
DA:206,0
DA:207,0
DA:211,0
DA:214,0
DA:216,0
DA:217,0
DA:218,0
DA:219,0
DA:220,0
DA:224,0
LF:137
LH:0
BRDA:67,0,0,0
BRDA:67,0,1,0
BRDA:120,1,0,0
BRDA:120,1,1,0
BRDA:121,2,0,0
BRDA:121,2,1,0
BRDA:122,3,0,0
BRDA:122,3,1,0
BRDA:123,4,0,0
BRDA:123,4,1,0
BRDA:127,5,0,0
BRDA:127,5,1,0
BRDA:127,6,0,0
BRDA:127,6,1,0
BRDA:138,7,0,0
BRDA:138,7,1,0
BRDA:138,8,0,0
BRDA:138,8,1,0
BRDA:147,9,0,0
BRDA:147,9,1,0
BRDA:158,10,0,0
BRDA:158,10,1,0
BRDA:173,11,0,0
BRDA:173,11,1,0
BRDA:175,12,0,0
BRDA:175,12,1,0
BRDA:202,13,0,0
BRDA:202,13,1,0
BRF:28
BRH:0
end_of_record
TN:
SF:src/components/WaitTimesView.tsx
FN:33,WaitTimesView
FN:39,(anonymous_2)
FN:46,(anonymous_3)
FN:64,(anonymous_4)
FN:67,handleDateChange
FNF:5
FNH:0
FNDA:0,WaitTimesView
FNDA:0,(anonymous_2)
FNDA:0,(anonymous_3)
FNDA:0,(anonymous_4)
FNDA:0,handleDateChange
DA:3,0
DA:4,0
DA:5,0
DA:6,0
DA:7,0
DA:27,0
DA:33,0
DA:34,0
DA:35,0
DA:36,0
DA:37,0
DA:39,0
DA:44,0
DA:46,0
DA:47,0
DA:48,0
DA:49,0
DA:50,0
DA:51,0
DA:53,0
DA:54,0
DA:56,0
DA:57,0
DA:58,0
DA:60,0
DA:64,0
DA:68,0
DA:69,0
DA:71,0
DA:74,0
DA:76,0
LF:31
LH:0
BRDA:50,0,0,0
BRDA:50,0,1,0
BRDA:51,1,0,0
BRDA:51,1,1,0
BRDA:56,2,0,0
BRDA:56,2,1,0
BRDA:56,3,0,0
BRDA:56,3,1,0
BRDA:57,4,0,0
BRDA:57,4,1,0
BRDA:60,5,0,0
BRDA:60,5,1,0
BRDA:74,6,0,0
BRDA:74,6,1,0
BRDA:74,7,0,0
BRDA:74,7,1,0
BRDA:74,8,0,0
BRDA:74,8,1,0
BRDA:74,9,0,0
BRDA:74,9,1,0
BRDA:80,10,0,0
BRDA:80,10,1,0
BRDA:80,10,2,0
BRDA:80,11,0,0
BRDA:80,11,1,0
BRDA:80,12,0,0
BRDA:80,12,1,0
BRDA:80,13,0,0
BRDA:80,13,1,0
BRDA:80,14,0,0
BRDA:80,14,1,0
BRDA:95,15,0,0
BRDA:95,15,1,0
BRDA:97,16,0,0
BRDA:97,16,1,0
BRDA:97,16,2,0
BRDA:104,17,0,0
BRDA:104,17,1,0
BRDA:104,17,2,0
BRDA:104,17,3,0
BRDA:116,18,0,0
BRDA:116,18,1,0
BRDA:116,18,2,0
BRDA:116,18,3,0
BRDA:120,19,0,0
BRDA:120,19,1,0
BRF:46
BRH:0
end_of_record
TN:
SF:src/lib/accuracy-filters.ts
FN:14,filterAndSortRides
FN:20,(anonymous_1)
FN:24,(anonymous_2)
FN:28,(anonymous_3)
FN:29,(anonymous_4)
FN:30,(anonymous_5)
FN:31,(anonymous_6)
FNF:7
FNH:7
FNDA:11,filterAndSortRides
FNDA:12,(anonymous_1)
FNDA:10,(anonymous_2)
FNDA:11,(anonymous_3)
FNDA:5,(anonymous_4)
FNDA:12,(anonymous_5)
FNDA:5,(anonymous_6)
DA:14,1
DA:20,12
DA:22,11
DA:23,3
DA:24,10
DA:27,11
DA:28,11
DA:29,5
DA:30,12
DA:31,5
LF:10
LH:10
BRDA:20,0,0,8
BRDA:20,0,1,3
BRDA:22,1,0,3
BRDA:22,1,1,8
BRDA:27,2,0,3
BRDA:27,2,1,1
BRDA:27,2,2,6
BRDA:27,2,3,1
BRF:8
BRH:8
end_of_record
TN:
SF:src/lib/auth.ts
FN:15,safeEqual
FN:36,requireBearer
FNF:2
FNH:2
FNDA:9,safeEqual
FNDA:13,requireBearer
DA:1,1
DA:2,1
DA:16,9
DA:17,9
DA:22,9
DA:23,4
DA:24,4
DA:26,5
DA:36,1
DA:37,13
DA:39,13
DA:40,3
DA:46,10
DA:47,10
DA:48,7
DA:51,3
LF:16
LH:16
BRDA:22,0,0,4
BRDA:22,0,1,5
BRDA:39,1,0,3
BRDA:39,1,1,10
BRDA:47,2,0,7
BRDA:47,2,1,3
BRDA:47,3,0,10
BRDA:47,3,1,9
BRF:8
BRH:8
end_of_record
TN:
SF:src/lib/calendar.ts
FN:1,easterDate
FN:19,nthWeekday
FN:41,isHolidayDate
FN:76,isSchoolBreakDate
FNF:4
FNH:4
FNDA:12,easterDate
FNDA:99,nthWeekday
FNDA:23,isHolidayDate
FNDA:25,isSchoolBreakDate
DA:2,12
DA:3,12
DA:4,12
DA:5,12
DA:6,12
DA:7,12
DA:8,12
DA:9,12
DA:10,12
DA:11,12
DA:12,12
DA:13,12
DA:14,12
DA:15,12
DA:16,12
DA:22,99
DA:23,83
DA:24,83
DA:25,1394
DA:26,1394
DA:27,1394
DA:28,1311
DA:30,0
DA:32,16
DA:33,100
DA:34,100
DA:35,100
DA:37,0
DA:41,1
DA:42,23
DA:43,23
DA:44,23
DA:46,23
DA:47,22
DA:48,20
DA:49,19
DA:50,18
DA:51,17
DA:53,16
DA:54,16
DA:55,16
DA:56,16
DA:57,16
DA:58,16
DA:59,15
DA:60,15
DA:61,14
DA:62,14
DA:63,13
DA:64,13
DA:67,12
DA:68,12
DA:69,12
DA:70,12
DA:71,12
DA:73,6
DA:76,1
DA:77,25
DA:78,25
DA:79,25
DA:82,25
DA:83,23
DA:86,20
DA:87,18
DA:90,15
DA:91,13
DA:92,11
DA:95,9
DA:96,9
DA:97,9
DA:98,9
DA:99,9
DA:101,9
LF:73
LH:71
BRDA:22,0,0,83
BRDA:22,0,1,16
BRDA:26,1,0,0
BRDA:26,1,1,1394
BRDA:27,2,0,227
BRDA:27,2,1,1167
BRDA:27,3,0,83
BRDA:27,3,1,144
BRDA:34,4,0,0
BRDA:34,4,1,100
BRDA:35,5,0,16
BRDA:35,5,1,84
BRDA:46,6,0,1
BRDA:46,6,1,22
BRDA:46,7,0,23
BRDA:46,7,1,1
BRDA:47,8,0,2
BRDA:47,8,1,20
BRDA:47,9,0,22
BRDA:47,9,1,2
BRDA:48,10,0,1
BRDA:48,10,1,19
BRDA:48,11,0,20
BRDA:48,11,1,2
BRDA:49,12,0,1
BRDA:49,12,1,18
BRDA:49,13,0,19
BRDA:49,13,1,3
BRDA:50,14,0,1
BRDA:50,14,1,17
BRDA:50,15,0,18
BRDA:50,15,1,2
BRDA:51,16,0,1
BRDA:51,16,1,16
BRDA:51,17,0,17
BRDA:51,17,1,1
BRDA:54,18,0,0
BRDA:54,18,1,16
BRDA:54,19,0,16
BRDA:54,19,1,0
BRDA:56,20,0,0
BRDA:56,20,1,16
BRDA:56,21,0,16
BRDA:56,21,1,0
BRDA:58,22,0,1
BRDA:58,22,1,15
BRDA:58,23,0,16
BRDA:58,23,1,1
BRDA:60,24,0,1
BRDA:60,24,1,14
BRDA:60,25,0,15
BRDA:60,25,1,1
BRDA:62,26,0,1
BRDA:62,26,1,13
BRDA:62,27,0,14
BRDA:62,27,1,2
BRDA:64,28,0,1
BRDA:64,28,1,12
BRDA:64,29,0,13
BRDA:64,29,1,1
BRDA:71,30,0,6
BRDA:71,30,1,6
BRDA:71,31,0,12
BRDA:71,31,1,10
BRDA:82,32,0,2
BRDA:82,32,1,23
BRDA:82,33,0,25
BRDA:82,33,1,2
BRDA:83,34,0,3
BRDA:83,34,1,20
BRDA:83,35,0,23
BRDA:83,35,1,4
BRDA:86,36,0,2
BRDA:86,36,1,18
BRDA:86,37,0,20
BRDA:86,37,1,3
BRDA:87,38,0,3
BRDA:87,38,1,15
BRDA:87,39,0,18
BRDA:87,39,1,4
BRDA:90,40,0,2
BRDA:90,40,1,13
BRDA:90,41,0,15
BRDA:90,41,1,4
BRDA:91,42,0,2
BRDA:91,42,1,11
BRDA:92,43,0,2
BRDA:92,43,1,9
BRDA:92,44,0,11
BRDA:92,44,1,3
BRDA:99,45,0,0
BRDA:99,45,1,9
BRDA:99,46,0,9
BRDA:99,46,1,0
BRF:94
BRH:86
end_of_record
TN:
SF:src/lib/crowd.ts
FN:8,deriveCrowdScore
FN:64,crowdBand
FN:68,(anonymous_3)
FN:71,crowdLabel
FN:81,crowdColor
FN:85,crowdLabelText
FN:89,crowdBgOpacity
FN:94,crowdLegend
FN:95,(anonymous_9)
FN:117,waitColor
FN:119,(anonymous_11)
FNF:11
FNH:11
FNDA:43,deriveCrowdScore
FNDA:32,crowdBand
FNDA:71,(anonymous_3)
FNDA:12,crowdLabel
FNDA:2,crowdColor
FNDA:2,crowdLabelText
FNDA:6,crowdBgOpacity
FNDA:3,crowdLegend
FNDA:12,(anonymous_9)
FNDA:35,waitColor
FNDA:65,(anonymous_11)
DA:1,6
DA:3,6
DA:4,6
DA:5,6
DA:6,6
DA:8,6
DA:14,43
DA:15,43
DA:16,43
DA:17,43
DA:18,43
DA:29,6
DA:37,6
DA:57,6
DA:64,6
DA:67,32
DA:68,71
DA:71,6
DA:76,12
DA:77,12
DA:81,6
DA:82,2
DA:85,6
DA:86,2
DA:89,6
DA:90,6
DA:94,6
DA:95,3
DA:96,12
DA:97,12
DA:110,6
DA:117,6
DA:118,35
DA:119,65
LF:34
LH:34
BRDA:14,0,0,8
BRDA:14,0,1,35
BRDA:17,1,0,13
BRDA:17,1,1,30
BRDA:67,2,0,2
BRDA:67,2,1,30
BRDA:68,3,0,30
BRDA:68,3,1,0
BRDA:68,4,0,30
BRDA:68,4,1,30
BRDA:82,5,0,2
BRDA:82,5,1,0
BRDA:86,6,0,1
BRDA:86,6,1,1
BRDA:90,7,0,1
BRDA:90,7,1,5
BRDA:96,8,0,3
BRDA:96,8,1,9
BRDA:99,9,0,3
BRDA:99,9,1,9
BRDA:118,10,0,1
BRDA:118,10,1,34
BRDA:119,11,0,34
BRDA:119,11,1,0
BRDA:119,12,0,34
BRDA:119,12,1,34
BRF:26
BRH:23
end_of_record
TN:
SF:src/lib/date-context.ts
FN:11,(anonymous_0)
FN:11,(anonymous_1)
FN:12,(anonymous_2)
FN:14,syncDateContext
FN:30,(anonymous_4)
FN:32,(anonymous_5)
FN:37,(anonymous_6)
FN:52,(anonymous_7)
FN:93,syncGroqAdjustments
FN:121,(anonymous_9)
FN:135,(anonymous_10)
FN:140,(anonymous_11)
FNF:12
FNH:5
FNDA:0,(anonymous_0)
FNDA:0,(anonymous_1)
FNDA:0,(anonymous_2)
FNDA:4,syncDateContext
FNDA:2,(anonymous_4)
FNDA:5,(anonymous_5)
FNDA:3,(anonymous_6)
FNDA:3,(anonymous_7)
FNDA:0,syncGroqAdjustments
FNDA:0,(anonymous_9)
FNDA:0,(anonymous_10)
FNDA:0,(anonymous_11)
DA:1,1
DA:2,1
DA:3,1
DA:4,1
DA:5,1
DA:11,1
DA:12,1
DA:14,1
DA:17,4
DA:18,4
DA:19,4
DA:20,4
DA:22,4
DA:30,4
DA:31,4
DA:32,5
DA:34,4
DA:36,3
DA:37,3
DA:41,3
DA:42,3
DA:43,3
DA:44,3
DA:50,3
DA:51,3
DA:53,3
DA:54,3
DA:55,3
DA:56,3
DA:57,3
DA:90,3
DA:93,1
DA:94,0
DA:95,0
DA:96,0
DA:98,0
DA:99,0
DA:119,0
DA:121,0
DA:122,0
DA:126,0
DA:127,0
DA:128,0
DA:129,0
DA:130,0
DA:133,0
DA:134,0
DA:136,0
DA:137,0
DA:139,0
DA:140,0
DA:143,0
DA:154,0
DA:158,0
DA:162,0
LF:55
LH:32
BRDA:15,0,0,0
BRDA:34,1,0,1
BRDA:34,1,1,3
BRDA:37,2,0,3
BRDA:37,2,1,0
BRDA:38,3,0,0
BRDA:38,3,1,3
BRDA:42,4,0,3
BRDA:42,4,1,0
BRDA:56,5,0,0
BRDA:56,5,1,3
BRDA:56,6,0,3
BRDA:56,6,1,3
BRDA:93,7,0,0
BRDA:119,8,0,0
BRDA:119,8,1,0
BRDA:129,9,0,0
BRDA:129,9,1,0
BRDA:139,10,0,0
BRDA:139,10,1,0
BRDA:139,11,0,0
BRDA:139,11,1,0
BRDA:145,12,0,0
BRDA:145,12,1,0
BRDA:145,13,0,0
BRDA:145,13,1,0
BRDA:150,14,0,0
BRDA:150,14,1,0
BRDA:150,15,0,0
BRDA:150,15,1,0
BRF:30
BRH:8
end_of_record
TN:
SF:src/lib/db.ts
FNF:0
FNH:0
DA:1,0
DA:2,0
DA:4,0
DA:6,0
DA:8,0
DA:9,0
DA:12,0
DA:14,0
DA:21,0
LF:9
LH:0
BRDA:8,0,0,0
BRDA:8,0,1,0
BRDA:15,1,0,0
BRDA:15,1,1,0
BRDA:15,2,0,0
BRDA:15,2,1,0
BRDA:18,3,0,0
BRDA:18,3,1,0
BRDA:21,4,0,0
BRDA:21,4,1,0
BRF:10
BRH:0
end_of_record
TN:
SF:src/lib/forecast.ts
FN:17,getForecastForDate
FN:48,getCrowdScoreForDate
FN:51,(anonymous_2)
FN:52,(anonymous_3)
FN:55,getRecentCollectRuns
FN:81,resolveCrowdScore
FN:99,getCrowdScoresForMonth
FN:142,(anonymous_7)
FN:147,(anonymous_8)
FN:148,(anonymous_9)
FN:153,(anonymous_10)
FN:154,(anonymous_11)
FN:159,(anonymous_12)
FN:160,(anonymous_13)
FN:165,(anonymous_14)
FN:166,(anonymous_15)
FN:182,(anonymous_16)
FN:200,getHistoricalMeansForDate
FN:217,(anonymous_18)
FNF:19
FNH:10
FNDA:0,getForecastForDate
FNDA:0,getCrowdScoreForDate
FNDA:0,(anonymous_2)
FNDA:0,(anonymous_3)
FNDA:0,getRecentCollectRuns
FNDA:121,resolveCrowdScore
FNDA:4,getCrowdScoresForMonth
FNDA:3,(anonymous_7)
FNDA:1,(anonymous_8)
FNDA:1,(anonymous_9)
FNDA:1,(anonymous_10)
FNDA:1,(anonymous_11)
FNDA:1,(anonymous_12)
FNDA:0,(anonymous_13)
FNDA:1,(anonymous_14)
FNDA:0,(anonymous_15)
FNDA:2,(anonymous_16)
FNDA:0,getHistoricalMeansForDate
FNDA:0,(anonymous_18)
DA:1,1
DA:2,1
DA:3,1
DA:4,1
DA:13,1
DA:17,1
DA:18,0
DA:22,0
DA:48,1
DA:49,0
DA:50,0
DA:51,0
DA:52,0
DA:55,1
DA:56,0
DA:70,1
DA:81,1
DA:92,121
DA:93,120
DA:94,106
DA:95,106
DA:96,75
DA:99,1
DA:100,4
DA:101,4
DA:103,4
DA:133,4
DA:134,4
DA:135,2
DA:136,2
DA:137,2
DA:141,4
DA:142,3
DA:145,4
DA:147,1
DA:148,1
DA:151,4
DA:153,1
DA:154,1
DA:157,4
DA:159,1
DA:160,0
DA:163,4
DA:165,1
DA:166,0
DA:169,4
DA:170,4
DA:171,4
DA:172,4
DA:174,4
DA:175,4
DA:176,121
DA:177,121
DA:178,121
DA:179,121
DA:181,121
DA:182,121
DA:183,121
DA:184,121
DA:185,121
DA:186,121
DA:188,121
DA:195,121
DA:197,4
DA:200,1
DA:201,0
DA:202,0
DA:217,0
LF:68
LH:56
BRDA:50,0,0,0
BRDA:50,0,1,0
BRDA:55,1,0,0
BRDA:92,2,0,1
BRDA:92,2,1,120
BRDA:93,3,0,14
BRDA:93,3,1,106
BRDA:93,4,0,120
BRDA:93,4,1,89
BRDA:94,5,0,0
BRDA:94,5,1,106
BRDA:94,6,0,106
BRDA:94,6,1,75
BRDA:95,7,0,31
BRDA:95,7,1,75
BRDA:136,8,0,1
BRDA:136,8,1,1
BRDA:177,9,0,1
BRDA:177,9,1,120
BRDA:177,10,0,121
BRDA:177,10,1,121
BRDA:178,11,0,0
BRDA:178,11,1,121
BRDA:178,12,0,121
BRDA:178,12,1,121
BRDA:182,13,0,1
BRDA:182,13,1,120
BRDA:183,14,0,0
BRDA:183,14,1,121
BRDA:183,15,0,121
BRDA:183,15,1,121
BRDA:184,16,0,1
BRDA:184,16,1,120
BRDA:185,17,0,15
BRDA:185,17,1,106
BRDA:185,18,0,121
BRDA:185,18,1,121
BRDA:186,19,0,15
BRDA:186,19,1,106
BRDA:186,20,0,1
BRDA:186,20,1,14
BRDA:186,21,0,15
BRDA:186,21,1,1
BRF:43
BRH:37
end_of_record
TN:
SF:src/lib/groq.ts
FN:13,clampParsedNumber
FN:27,getGroqClient
FN:43,narrateForecast
FN:52,(anonymous_4)
FN:54,(anonymous_5)
FN:76,buildChatSystemPrompt
FN:85,(anonymous_7)
FN:86,(anonymous_8)
FN:88,(anonymous_9)
FN:102,narrateForecastNoDataWithScore
FN:136,estimateDowCrowdScores
FN:190,adjustCrowdScore
FN:221,buildItinerary
FN:229,(anonymous_14)
FN:230,(anonymous_15)
FNF:15
FNH:6
FNDA:51,clampParsedNumber
FNDA:21,getGroqClient
FNDA:1,narrateForecast
FNDA:0,(anonymous_4)
FNDA:0,(anonymous_5)
FNDA:0,buildChatSystemPrompt
FNDA:0,(anonymous_7)
FNDA:0,(anonymous_8)
FNDA:0,(anonymous_9)
FNDA:7,narrateForecastNoDataWithScore
FNDA:6,estimateDowCrowdScores
FNDA:7,adjustCrowdScore
FNDA:0,buildItinerary
FNDA:0,(anonymous_14)
FNDA:0,(anonymous_15)
DA:1,2
DA:2,2
DA:3,2
DA:13,2
DA:20,51
DA:22,51
DA:23,51
DA:24,38
DA:28,21
DA:30,21
DA:31,1
DA:34,20
DA:43,2
DA:48,1
DA:49,0
DA:50,0
DA:51,0
DA:52,0
DA:54,0
DA:57,0
DA:73,0
DA:76,2
DA:81,0
DA:82,0
DA:84,0
DA:85,0
DA:86,0
DA:88,0
DA:91,0
DA:102,2
DA:105,7
DA:106,7
DA:107,7
DA:124,7
DA:125,7
DA:126,7
DA:127,6
DA:132,1
DA:136,2
DA:137,6
DA:138,6
DA:150,6
DA:155,6
DA:156,6
DA:158,1
DA:160,5
DA:162,5
DA:163,5
DA:164,35
DA:167,35
DA:168,19
DA:171,5
DA:190,2
DA:193,7
DA:194,7
DA:195,7
DA:196,7
DA:211,6
DA:212,6
DA:213,5
DA:214,5
DA:215,5
DA:217,2
DA:221,2
DA:227,0
DA:228,0
DA:229,0
DA:230,0
DA:233,0
DA:253,0
LF:70
LH:50
BRDA:20,0,0,51
BRDA:20,0,1,11
BRDA:20,0,2,3
BRDA:22,1,0,42
BRDA:22,1,1,9
BRDA:23,2,0,13
BRDA:23,2,1,38
BRDA:30,3,0,1
BRDA:30,3,1,20
BRDA:73,4,0,0
BRDA:73,4,1,0
BRDA:73,5,0,0
BRDA:73,5,1,0
BRDA:73,6,0,0
BRDA:73,6,1,0
BRDA:73,7,0,0
BRDA:73,7,1,0
BRDA:73,8,0,0
BRDA:73,8,1,0
BRDA:73,9,0,0
BRDA:73,9,1,0
BRDA:82,10,0,0
BRDA:82,10,1,0
BRDA:94,11,0,0
BRDA:94,11,1,0
BRDA:94,12,0,0
BRDA:94,12,1,0
BRDA:124,13,0,6
BRDA:124,13,1,1
BRDA:124,14,0,7
BRDA:124,14,1,6
BRDA:124,15,0,0
BRDA:124,15,1,7
BRDA:124,16,0,7
BRDA:124,16,1,7
BRDA:124,17,0,0
BRDA:124,17,1,7
BRDA:124,18,0,7
BRDA:124,18,1,7
BRDA:129,19,0,5
BRDA:129,19,1,1
BRDA:150,20,0,6
BRDA:150,20,1,0
BRDA:150,21,0,6
BRDA:150,21,1,6
BRDA:150,22,0,0
BRDA:150,22,1,6
BRDA:150,23,0,6
BRDA:150,23,1,6
BRDA:150,24,0,0
BRDA:150,24,1,6
BRDA:150,25,0,6
BRDA:150,25,1,6
BRDA:160,26,0,0
BRDA:160,26,1,5
BRDA:160,27,0,5
BRDA:160,27,1,5
BRDA:167,28,0,19
BRDA:167,28,1,16
BRDA:167,29,0,35
BRDA:167,29,1,19
BRDA:195,30,0,1
BRDA:195,30,1,6
BRDA:205,31,0,7
BRDA:205,31,1,0
BRDA:205,32,0,7
BRDA:205,32,1,7
BRDA:211,33,0,6
BRDA:211,33,1,0
BRDA:211,34,0,6
BRDA:211,34,1,6
BRDA:211,35,0,0
BRDA:211,35,1,6
BRDA:211,36,0,6
BRDA:211,36,1,6
BRDA:211,37,0,0
BRDA:211,37,1,6
BRDA:211,38,0,6
BRDA:211,38,1,6
BRDA:214,39,0,5
BRDA:214,39,1,0
BRDA:215,40,0,5
BRDA:215,40,1,1
BRDA:243,41,0,0
BRDA:243,41,1,0
BRDA:253,42,0,0
BRDA:253,42,1,0
BRDA:253,43,0,0
BRDA:253,43,1,0
BRDA:253,44,0,0
BRDA:253,44,1,0
BRDA:253,45,0,0
BRDA:253,45,1,0
BRDA:253,46,0,0
BRDA:253,46,1,0
BRDA:253,47,0,0
BRDA:253,47,1,0
BRF:97
BRH:54
end_of_record
TN:
SF:src/lib/http.ts
FN:16,cacheHeaders
FN:25,cachedJson
FNF:2
FNH:2
FNDA:75,cacheHeaders
FNDA:72,cachedJson
DA:1,4
DA:16,4
DA:17,75
DA:25,4
DA:26,72
LF:5
LH:5
BRF:0
BRH:0
end_of_record
TN:
SF:src/lib/park-schedule.ts
FN:6,llmpCentsToTier
FN:16,parkHoursToTier
FN:40,fetchDateSchedule
FN:75,(anonymous_3)
FNF:4
FNH:4
FNDA:11,llmpCentsToTier
FNDA:14,parkHoursToTier
FNDA:28,fetchDateSchedule
FNDA:26,(anonymous_3)
DA:1,1
DA:2,1
DA:7,11
DA:8,10
DA:9,8
DA:10,6
DA:11,4
DA:12,1
DA:17,14
DA:18,12
DA:19,11
DA:20,10
DA:21,2
DA:22,1
DA:40,1
DA:44,28
DA:45,28
DA:46,28
DA:47,27
DA:49,27
DA:54,27
DA:55,27
DA:56,26
DA:58,27
DA:60,27
DA:61,25
DA:64,25
DA:65,11
DA:66,11
DA:70,27
DA:71,1
DA:75,27
LF:32
LH:32
BRDA:7,0,0,1
BRDA:7,0,1,10
BRDA:8,1,0,2
BRDA:8,1,1,8
BRDA:9,2,0,2
BRDA:9,2,1,6
BRDA:10,3,0,2
BRDA:10,3,1,4
BRDA:11,4,0,3
BRDA:11,4,1,1
BRDA:17,5,0,2
BRDA:17,5,1,12
BRDA:18,6,0,1
BRDA:18,6,1,11
BRDA:19,7,0,1
BRDA:19,7,1,10
BRDA:20,8,0,8
BRDA:20,8,1,2
BRDA:21,9,0,1
BRDA:21,9,1,1
BRDA:46,10,0,1
BRDA:46,10,1,27
BRDA:54,11,0,27
BRDA:54,11,1,0
BRDA:54,12,0,27
BRDA:54,12,1,27
BRDA:55,13,0,26
BRDA:55,13,1,1
BRDA:60,14,0,25
BRDA:60,14,1,2
BRDA:60,15,0,27
BRDA:60,15,1,25
BRDA:60,15,2,25
BRDA:64,16,0,25
BRDA:64,16,1,0
BRDA:64,17,0,25
BRDA:64,17,1,25
BRDA:65,18,0,11
BRDA:65,18,1,0
BRDA:70,19,0,1
BRDA:70,19,1,26
BRDA:70,20,0,27
BRDA:70,20,1,1
BRDA:78,21,0,11
BRDA:78,21,1,15
BRDA:80,22,0,14
BRDA:80,22,1,1
BRF:47
BRH:44
end_of_record
TN:
SF:src/lib/park-time.ts
FN:23,pad2
FN:27,parseParkDateKey
FN:33,partsInParkTime
FN:35,(anonymous_3)
FN:36,(anonymous_4)
FN:51,parkOffsetMs
FN:65,parkDateTimeToUtc
FN:80,parkDateKey
FN:85,normalizeParkDateKey
FN:89,parkDateDow
FN:94,parkDateRangeUtc
FN:102,parkMonthRangeUtc
FN:109,dateContextMonthRangeUtc
FNF:13
FNH:13
FNDA:6,pad2
FNDA:187,parseParkDateKey
FNDA:247,partsInParkTime
FNDA:1482,(anonymous_3)
FNDA:8892,(anonymous_4)
FNDA:244,parkOffsetMs
FNDA:122,parkDateTimeToUtc
FNDA:3,parkDateKey
FNDA:187,normalizeParkDateKey
FNDA:132,parkDateDow
FNDA:55,parkDateRangeUtc
FNDA:6,parkMonthRangeUtc
FNDA:5,dateContextMonthRangeUtc
DA:1,4
DA:12,4
DA:24,6
DA:28,187
DA:29,187
DA:30,187
DA:34,247
DA:35,247
DA:36,8892
DA:37,1482
DA:38,1482
DA:41,247
DA:52,244
DA:53,244
DA:62,244
DA:73,122
DA:74,122
DA:75,244
DA:77,122
DA:80,4
DA:81,3
DA:82,3
DA:85,4
DA:86,187
DA:89,4
DA:90,132
DA:91,132
DA:94,4
DA:95,55
DA:96,55
DA:102,4
DA:103,6
DA:109,4
DA:110,5
LF:34
LH:34
BRDA:29,0,0,0
BRDA:29,0,1,187
BRDA:36,1,0,0
BRDA:36,1,1,1482
BRDA:36,2,0,1482
BRDA:36,2,1,1482
BRDA:37,3,0,0
BRDA:37,3,1,1482
BRDA:69,4,0,122
BRDA:70,5,0,122
BRDA:71,6,0,122
BRDA:86,7,0,187
BRDA:86,7,1,0
BRDA:105,8,0,2
BRDA:105,8,1,4
BRDA:105,9,0,2
BRDA:105,9,1,4
BRDA:112,10,0,1
BRDA:112,10,1,4
BRDA:112,11,0,1
BRDA:112,11,1,4
BRF:21
BRH:17
end_of_record
TN:
SF:src/lib/queue-times.ts
FN:35,(anonymous_1)
FN:41,fetchParkRides
FN:87,fetchLiveRides
FN:89,(anonymous_4)
FN:94,roundToWindow
FNF:5
FNH:5
FNDA:11,(anonymous_1)
FNDA:32,fetchParkRides
FNDA:16,fetchLiveRides
FNDA:32,(anonymous_4)
FNDA:67,roundToWindow
DA:1,1
DA:2,1
DA:6,1
DA:14,1
DA:20,1
DA:34,1
DA:36,11
DA:37,11
DA:42,32
DA:43,30
DA:44,5
DA:47,25
DA:48,25
DA:49,25
DA:50,6
DA:55,19
DA:56,19
DA:58,19
DA:59,6
DA:60,7
DA:61,6
DA:72,19
DA:73,2
DA:74,1
DA:84,19
DA:87,1
DA:88,16
DA:89,32
DA:91,8
DA:94,1
DA:95,67
DA:96,67
DA:97,67
LF:33
LH:33
BRDA:43,0,0,5
BRDA:43,0,1,25
BRDA:49,1,0,6
BRDA:49,1,1,19
BRDA:60,2,0,1
BRDA:60,2,1,6
BRDA:73,3,0,1
BRDA:73,3,1,1
BRF:8
BRH:8
end_of_record
TN:
SF:src/lib/rate-limit.ts
FN:36,evictOldestKeys
FN:43,(anonymous_1)
FN:48,checkRateLimit
FN:54,(anonymous_3)
FN:80,clientKey
FN:87,_resetRateLimits
FNF:6
FNH:5
FNDA:96,evictOldestKeys
FNDA:0,(anonymous_1)
FNDA:117,checkRateLimit
FNDA:558,(anonymous_3)
FNDA:70,clientKey
FNDA:51,_resetRateLimits
DA:27,3
DA:34,3
DA:37,96
DA:38,96
DA:42,0
DA:43,0
DA:45,0
DA:48,3
DA:53,117
DA:54,558
DA:56,117
DA:58,21
DA:59,21
DA:60,21
DA:67,96
DA:68,96
DA:69,96
DA:71,96
DA:80,3
DA:81,70
DA:82,70
DA:83,70
DA:87,3
DA:88,51
LF:24
LH:21
BRDA:38,0,0,96
BRDA:38,0,1,0
BRDA:43,1,0,0
BRDA:43,1,1,0
BRDA:43,2,0,0
BRDA:43,2,1,0
BRDA:43,3,0,0
BRDA:43,3,1,0
BRDA:43,4,0,0
BRDA:43,4,1,0
BRDA:51,5,0,65
BRDA:54,6,0,70
BRDA:54,6,1,47
BRDA:54,7,0,117
BRDA:54,7,1,117
BRDA:56,8,0,21
BRDA:56,8,1,96
BRDA:82,9,0,67
BRDA:82,9,1,3
BRDA:82,10,0,70
BRDA:82,10,1,70
BRDA:82,11,0,67
BRDA:82,11,1,3
BRDA:82,12,0,70
BRDA:82,12,1,3
BRDA:83,13,0,70
BRDA:83,13,1,68
BRDA:83,13,2,66
BRF:28
BRH:19
end_of_record
TN:
SF:src/lib/weather.ts
FN:51,fetchWeatherForecast
FN:92,climatologicalWeather
FN:118,weatherEmoji
FN:130,weatherLabel
FNF:4
FNH:4
FNDA:10,fetchWeatherForecast
FNDA:20,climatologicalWeather
FNDA:100,weatherEmoji
FNDA:9,weatherLabel
DA:9,2
DA:10,2
DA:13,2
DA:16,2
DA:20,2
DA:36,2
DA:37,2
DA:51,2
DA:53,10
DA:61,10
DA:62,10
DA:64,9
DA:75,9
DA:76,9
DA:77,9
DA:78,4
DA:79,4
DA:89,9
DA:92,2
DA:93,20
DA:94,20
DA:98,20
DA:99,3
DA:105,17
DA:106,17
DA:118,2
DA:119,100
DA:120,99
DA:121,97
DA:122,96
DA:123,51
DA:124,44
DA:125,32
DA:126,22
DA:127,17
DA:130,2
DA:131,9
DA:132,8
DA:133,7
DA:134,6
DA:135,5
DA:136,4
DA:137,3
DA:138,2
DA:139,1
LF:45
LH:45
BRDA:62,0,0,1
BRDA:62,0,1,9
BRDA:76,1,0,5
BRDA:76,1,1,4
BRDA:76,2,0,9
BRDA:76,2,1,9
BRDA:76,3,0,4
BRDA:76,3,1,5
BRDA:76,4,0,9
BRDA:76,4,1,9
BRDA:78,5,0,3
BRDA:78,5,1,1
BRDA:78,6,0,4
BRDA:78,6,1,3
BRDA:78,7,0,0
BRDA:78,7,1,4
BRDA:78,8,0,4
BRDA:78,8,1,4
BRDA:78,9,0,0
BRDA:78,9,1,4
BRDA:78,10,0,4
BRDA:78,10,1,4
BRDA:81,11,0,3
BRDA:81,11,1,1
BRDA:81,12,0,4
BRDA:81,12,1,3
BRDA:81,13,0,0
BRDA:81,13,1,4
BRDA:81,14,0,4
BRDA:81,14,1,4
BRDA:81,15,0,0
BRDA:81,15,1,4
BRDA:81,16,0,4
BRDA:81,16,1,4
BRDA:82,17,0,3
BRDA:82,17,1,1
BRDA:82,18,0,4
BRDA:82,18,1,3
BRDA:82,19,0,0
BRDA:82,19,1,4
BRDA:82,20,0,4
BRDA:82,20,1,4
BRDA:82,21,0,0
BRDA:82,21,1,4
BRDA:82,22,0,4
BRDA:82,22,1,4
BRDA:85,23,0,3
BRDA:85,23,1,1
BRDA:85,24,0,4
BRDA:85,24,1,3
BRDA:85,25,0,0
BRDA:85,25,1,4
BRDA:85,26,0,4
BRDA:85,26,1,4
BRDA:85,27,0,0
BRDA:85,27,1,4
BRDA:85,28,0,4
BRDA:85,28,1,4
BRDA:86,29,0,3
BRDA:86,29,1,1
BRDA:86,30,0,4
BRDA:86,30,1,3
BRDA:86,31,0,0
BRDA:86,31,1,4
BRDA:86,32,0,4
BRDA:86,32,1,4
BRDA:86,33,0,0
BRDA:86,33,1,4
BRDA:86,34,0,4
BRDA:86,34,1,4
BRDA:98,35,0,3
BRDA:98,35,1,17
BRDA:113,36,0,3
BRDA:113,36,1,14
BRDA:119,37,0,1
BRDA:119,37,1,99
BRDA:120,38,0,2
BRDA:120,38,1,97
BRDA:121,39,0,1
BRDA:121,39,1,96
BRDA:122,40,0,45
BRDA:122,40,1,51
BRDA:123,41,0,7
BRDA:123,41,1,44
BRDA:124,42,0,12
BRDA:124,42,1,32
BRDA:125,43,0,10
BRDA:125,43,1,22
BRDA:126,44,0,5
BRDA:126,44,1,17
BRDA:131,45,0,1
BRDA:131,45,1,8
BRDA:132,46,0,1
BRDA:132,46,1,7
BRDA:133,47,0,1
BRDA:133,47,1,6
BRDA:134,48,0,1
BRDA:134,48,1,5
BRDA:135,49,0,1
BRDA:135,49,1,4
BRDA:136,50,0,1
BRDA:136,50,1,3
BRDA:137,51,0,1
BRDA:137,51,1,2
BRDA:138,52,0,1
BRDA:138,52,1,1
BRF:106
BRH:96
end_of_record
